[2021-11-30 12:49:09] local.ERROR: PDOException: SQLSTATE[HY000] [2002] No such file or directory in /var/www/html/epssf/vendor/laravel/framework/src/Illuminate/Database/Connectors/Connector.php:55
Stack trace:
#0 /var/www/html/epssf/vendor/laravel/framework/src/Illuminate/Database/Connectors/Connector.php(55): PDO->__construct('mysql:host=loca...', 'root', 'root12345', Array)
#1 /var/www/html/epssf/vendor/laravel/framework/src/Illuminate/Database/Connectors/MySqlConnector.php(22): Illuminate\Database\Connectors\Connector->createConnection('mysql:host=loca...', Array, Array)
#2 /var/www/html/epssf/bootstrap/cache/compiled.php(11483): Illuminate\Database\Connectors\MySqlConnector->connect(Array)
#3 /var/www/html/epssf/bootstrap/cache/compiled.php(11479): Illuminate\Database\Connectors\ConnectionFactory->createSingleConnection(Array)
#4 /var/www/html/epssf/bootstrap/cache/compiled.php(11394): Illuminate\Database\Connectors\ConnectionFactory->make(Array, 'mysql')
#5 /var/www/html/epssf/bootstrap/cache/compiled.php(11349): Illuminate\Database\DatabaseManager->makeConnection('mysql')
#6 /var/www/html/epssf/bootstrap/cache/compiled.php(11220): Illuminate\Database\DatabaseManager->connection('mysql')
#7 /var/www/html/epssf/bootstrap/cache/compiled.php(11207): Illuminate\Database\Eloquent\Model::resolveConnection(NULL)
#8 /var/www/html/epssf/bootstrap/cache/compiled.php(10652): Illuminate\Database\Eloquent\Model->getConnection()
#9 /var/www/html/epssf/bootstrap/cache/compiled.php(10629): Illuminate\Database\Eloquent\Model->newBaseQueryBuilder()
#10 /var/www/html/epssf/bootstrap/cache/compiled.php(10619): Illuminate\Database\Eloquent\Model->newQueryWithoutScopes()
#11 /var/www/html/epssf/bootstrap/cache/compiled.php(11310): Illuminate\Database\Eloquent\Model->newQuery()
#12 [internal function]: Illuminate\Database\Eloquent\Model->__call('keyValue', Array)
#13 /var/www/html/epssf/bootstrap/cache/compiled.php(11316): call_user_func_array(Array, Array)
#14 /var/www/html/epssf/app/Models/User.php(117): Illuminate\Database\Eloquent\Model::__callStatic('keyValue', Array)
#15 [internal function]: Ceb\Models\User->__construct()
#16 /var/www/html/epssf/bootstrap/cache/compiled.php(1306): ReflectionClass->newInstanceArgs(Array)
#17 /var/www/html/epssf/bootstrap/cache/compiled.php(1242): Illuminate\Container\Container->build('Ceb\\Models\\User', Array)
#18 /var/www/html/epssf/bootstrap/cache/compiled.php(1783): Illuminate\Container\Container->make('Ceb\\Models\\User', Array)
#19 /var/www/html/epssf/bootstrap/cache/compiled.php(1334): Illuminate\Foundation\Application->make('Ceb\\Models\\User')
#20 /var/www/html/epssf/bootstrap/cache/compiled.php(1318): Illuminate\Container\Container->resolveClass(Object(ReflectionParameter))
#21 /var/www/html/epssf/bootstrap/cache/compiled.php(1304): Illuminate\Container\Container->getDependencies(Array, Array)
#22 /var/www/html/epssf/bootstrap/cache/compiled.php(1242): Illuminate\Container\Container->build('\\Ceb\\ViewCompos...', Array)
#23 /var/www/html/epssf/bootstrap/cache/compiled.php(1783): Illuminate\Container\Container->make('\\Ceb\\ViewCompos...', Array)
#24 /var/www/html/epssf/bootstrap/cache/compiled.php(14243): Illuminate\Foundation\Application->make('\\Ceb\\ViewCompos...')
#25 [internal function]: Illuminate\View\Factory->Illuminate\View\{closure}(Object(Illuminate\View\View))
#26 /var/www/html/epssf/bootstrap/cache/compiled.php(9821): call_user_func_array(Object(Closure), Array)
#27 /var/www/html/epssf/bootstrap/cache/compiled.php(14257): Illuminate\Events\Dispatcher->fire('composing: Sent...', Array)
#28 /var/www/html/epssf/bootstrap/cache/compiled.php(14650): Illuminate\View\Factory->callComposer(Object(Illuminate\View\View))
#29 /var/www/html/epssf/bootstrap/cache/compiled.php(14635): Illuminate\View\View->renderContents()
#30 /var/www/html/epssf/bootstrap/cache/compiled.php(15795): Illuminate\View\View->render()
#31 /var/www/html/epssf/bootstrap/cache/compiled.php(15312): Illuminate\Http\Response->setContent(Object(Illuminate\View\View))
#32 /var/www/html/epssf/bootstrap/cache/compiled.php(7750): Symfony\Component\HttpFoundation\Response->__construct(Object(Illuminate\View\View))
#33 /var/www/html/epssf/bootstrap/cache/compiled.php(8986): Illuminate\Routing\Router->prepareResponse(Object(Illuminate\Http\Request), Object(Illuminate\View\View))
#34 [internal function]: Illuminate\Routing\ControllerDispatcher->Illuminate\Routing\{closure}(Object(Illuminate\Http\Request))
#35 /var/www/html/epssf/bootstrap/cache/compiled.php(9657): call_user_func(Object(Closure), Object(Illuminate\Http\Request))
#36 [internal function]: Illuminate\Pipeline\Pipeline->Illuminate\Pipeline\{closure}(Object(Illuminate\Http\Request))
#37 /var/www/html/epssf/bootstrap/cache/compiled.php(9639): call_user_func(Object(Closure), Object(Illuminate\Http\Request))
#38 /var/www/html/epssf/bootstrap/cache/compiled.php(8987): Illuminate\Pipeline\Pipeline->then(Object(Closure))
#39 /var/www/html/epssf/bootstrap/cache/compiled.php(8972): Illuminate\Routing\ControllerDispatcher->callWithinStack(Object(Sentinel\Controllers\SessionController), Object(Illuminate\Routing\Route), Object(Illuminate\Http\Request), 'create')
#40 /var/www/html/epssf/bootstrap/cache/compiled.php(7917): Illuminate\Routing\ControllerDispatcher->dispatch(Object(Illuminate\Routing\Route), Object(Illuminate\Http\Request), 'Sentinel\\Contro...', 'create')
#41 /var/www/html/epssf/bootstrap/cache/compiled.php(7888): Illuminate\Routing\Route->runWithCustomDispatcher(Object(Illuminate\Http\Request))
#42 /var/www/html/epssf/bootstrap/cache/compiled.php(7541): Illuminate\Routing\Route->run(Object(Illuminate\Http\Request))
#43 [internal function]: Illuminate\Routing\Router->Illuminate\Routing\{closure}(Object(Illuminate\Http\Request))
#44 /var/www/html/epssf/bootstrap/cache/compiled.php(9657): call_user_func(Object(Closure), Object(Illuminate\Http\Request))
#45 [internal function]: Illuminate\Pipeline\Pipeline->Illuminate\Pipeline\{closure}(Object(Illuminate\Http\Request))
#46 /var/www/html/epssf/bootstrap/cache/compiled.php(9639): call_user_func(Object(Closure), Object(Illuminate\Http\Request))
#47 /var/www/html/epssf/bootstrap/cache/compiled.php(7542): Illuminate\Pipeline\Pipeline->then(Object(Closure))
#48 /var/www/html/epssf/bootstrap/cache/compiled.php(7530): Illuminate\Routing\Router->runRouteWithinStack(Object(Illuminate\Routing\Route), Object(Illuminate\Http\Request))
#49 /var/www/html/epssf/bootstrap/cache/compiled.php(7515): Illuminate\Routing\Router->dispatchToRoute(Object(Illuminate\Http\Request))
#50 /var/www/html/epssf/bootstrap/cache/compiled.php(2310): Illuminate\Routing\Router->dispatch(Object(Illuminate\Http\Request))
#51 [internal function]: Illuminate\Foundation\Http\Kernel->Illuminate\Foundation\Http\{closure}(Object(Illuminate\Http\Request))
#52 /var/www/html/epssf/bootstrap/cache/compiled.php(9657): call_user_func(Object(Closure), Object(Illuminate\Http\Request))
#53 /var/www/html/epssf/app/Http/Middleware/LocaleMiddleware.php(20): Illuminate\Pipeline\Pipeline->Illuminate\Pipeline\{closure}(Object(Illuminate\Http\Request))
#54 [internal function]: Ceb\Http\Middleware\LocaleMiddleware->handle(Object(Illuminate\Http\Request), Object(Closure))
#55 /var/www/html/epssf/bootstrap/cache/compiled.php(9649): call_user_func_array(Array, Array)
#56 /var/www/html/epssf/bootstrap/cache/compiled.php(2925): Illuminate\Pipeline\Pipeline->Illuminate\Pipeline\{closure}(Object(Illuminate\Http\Request))
#57 [internal function]: Illuminate\Foundation\Http\Middleware\VerifyCsrfToken->handle(Object(Illuminate\Http\Request), Object(Closure))
#58 /var/www/html/epssf/bootstrap/cache/compiled.php(9649): call_user_func_array(Array, Array)
#59 /var/www/html/epssf/bootstrap/cache/compiled.php(13008): Illuminate\Pipeline\Pipeline->Illuminate\Pipeline\{closure}(Object(Illuminate\Http\Request))
#60 [internal function]: Illuminate\View\Middleware\ShareErrorsFromSession->handle(Object(Illuminate\Http\Request), Object(Closure))
#61 /var/www/html/epssf/bootstrap/cache/compiled.php(9649): call_user_func_array(Array, Array)
#62 /var/www/html/epssf/bootstrap/cache/compiled.php(11600): Illuminate\Pipeline\Pipeline->Illuminate\Pipeline\{closure}(Object(Illuminate\Http\Request))
#63 [internal function]: Illuminate\Session\Middleware\StartSession->handle(Object(Illuminate\Http\Request), Object(Closure))
#64 /var/www/html/epssf/bootstrap/cache/compiled.php(9649): call_user_func_array(Array, Array)
#65 /var/www/html/epssf/bootstrap/cache/compiled.php(12745): Illuminate\Pipeline\Pipeline->Illuminate\Pipeline\{closure}(Object(Illuminate\Http\Request))
#66 [internal function]: Illuminate\Cookie\Middleware\AddQueuedCookiesToResponse->handle(Object(Illuminate\Http\Request), Object(Closure))
#67 /var/www/html/epssf/bootstrap/cache/compiled.php(9649): call_user_func_array(Array, Array)
#68 /var/www/html/epssf/bootstrap/cache/compiled.php(12682): Illuminate\Pipeline\Pipeline->Illuminate\Pipeline\{closure}(Object(Illuminate\Http\Request))
#69 [internal function]: Illuminate\Cookie\Middleware\EncryptCookies->handle(Object(Illuminate\Http\Request), Object(Closure))
#70 /var/www/html/epssf/bootstrap/cache/compiled.php(9649): call_user_func_array(Array, Array)
#71 /var/www/html/epssf/bootstrap/cache/compiled.php(2982): Illuminate\Pipeline\Pipeline->Illuminate\Pipeline\{closure}(Object(Illuminate\Http\Request))
#72 [internal function]: Illuminate\Foundation\Http\Middleware\CheckForMaintenanceMode->handle(Object(Illuminate\Http\Request), Object(Closure))
#73 /var/www/html/epssf/bootstrap/cache/compiled.php(9649): call_user_func_array(Array, Array)
#74 [internal function]: Illuminate\Pipeline\Pipeline->Illuminate\Pipeline\{closure}(Object(Illuminate\Http\Request))
#75 /var/www/html/epssf/bootstrap/cache/compiled.php(9639): call_user_func(Object(Closure), Object(Illuminate\Http\Request))
#76 /var/www/html/epssf/bootstrap/cache/compiled.php(2257): Illuminate\Pipeline\Pipeline->then(Object(Closure))
#77 /var/www/html/epssf/bootstrap/cache/compiled.php(2240): Illuminate\Foundation\Http\Kernel->sendRequestThroughRouter(Object(Illuminate\Http\Request))
#78 /var/www/html/epssf/public/index.php(56): Illuminate\Foundation\Http\Kernel->handle(Object(Illuminate\Http\Request))
#79 {main}  
[2021-11-30 12:51:44] local.INFO: gracemukakagoro@gmail.com viewed member list  
[2021-11-30 13:08:57] local.INFO: gracemukakagoro@gmail.com viewed member list  
