[2021-11-26 06:27:21] local.INFO: gracemukakagoro@gmail.com viewed member list  
[2021-11-26 06:27:35] local.INFO: gracemukakagoro@gmail.com started to view contribution  
[2021-11-26 06:27:35] local.INFO: gracemukakagoro@gmail.com set contributions by institution  
[2021-11-26 06:27:35] local.INFO: gracemukakagoro@gmail.com set contribution debit account  
[2021-11-26 06:27:35] local.INFO: gracemukakagoro@gmail.com set contribution credit account  
[2021-11-26 06:27:35] local.INFO: gracemukakagoro@gmail.com set contribution month  
[2021-11-26 06:27:35] local.INFO: gracemukakagoro@gmail.com removed contribution with differences  
[2021-11-26 06:28:02] local.INFO: gracemukakagoro@gmail.com viewed member list  
[2021-11-26 06:30:33] local.INFO: gracemukakagoro@gmail.com started to view contribution  
[2021-11-26 06:30:33] local.INFO: gracemukakagoro@gmail.com set contributions by institution  
[2021-11-26 06:30:33] local.INFO: gracemukakagoro@gmail.com set contribution debit account  
[2021-11-26 06:30:33] local.INFO: gracemukakagoro@gmail.com set contribution credit account  
[2021-11-26 06:30:33] local.INFO: gracemukakagoro@gmail.com set contribution month  
[2021-11-26 06:30:33] local.INFO: gracemukakagoro@gmail.com removed contribution with differences  
[2021-11-26 06:30:45] local.INFO: gracemukakagoro@gmail.com started to view contribution  
[2021-11-26 06:30:45] local.INFO: gracemukakagoro@gmail.com set contributions by institution  
[2021-11-26 06:30:46] local.INFO: gracemukakagoro@gmail.com set contribution debit account  
[2021-11-26 06:30:46] local.INFO: gracemukakagoro@gmail.com set contribution credit account  
[2021-11-26 06:30:46] local.INFO: gracemukakagoro@gmail.com set contribution month  
[2021-11-26 06:30:46] local.INFO: gracemukakagoro@gmail.com removed contribution with differences  
[2021-11-26 06:30:57] local.INFO: gracemukakagoro@gmail.com started to view contribution  
[2021-11-26 06:30:57] local.INFO: gracemukakagoro@gmail.com set contributions by institution  
[2021-11-26 06:30:57] local.INFO: gracemukakagoro@gmail.com set contribution debit account  
[2021-11-26 06:30:57] local.INFO: gracemukakagoro@gmail.com set contribution credit account  
[2021-11-26 06:30:57] local.INFO: gracemukakagoro@gmail.com set contribution month  
[2021-11-26 06:30:57] local.INFO: gracemukakagoro@gmail.com removed contribution with differences  
[2021-11-26 06:32:25] local.INFO: gracemukakagoro@gmail.com did batch contribution  
[2021-11-26 06:32:25] local.INFO: gracemukakagoro@gmail.com viewed index of contribution  
[2021-11-26 06:32:25] local.INFO: gracemukakagoro@gmail.com set contributions by institution  
[2021-11-26 06:32:25] local.INFO: gracemukakagoro@gmail.com set contribution debit account  
[2021-11-26 06:32:25] local.INFO: gracemukakagoro@gmail.com set contribution credit account  
[2021-11-26 06:32:25] local.INFO: gracemukakagoro@gmail.com set contribution month  
[2021-11-26 06:32:25] local.INFO: gracemukakagoro@gmail.com removed contribution with differences  
[2021-11-26 06:44:49] local.INFO: gracemukakagoro@gmail.com started to view contribution  
[2021-11-26 06:44:49] local.INFO: gracemukakagoro@gmail.com set contributions by institution  
[2021-11-26 06:44:49] local.INFO: gracemukakagoro@gmail.com set contribution debit account  
[2021-11-26 06:44:49] local.INFO: gracemukakagoro@gmail.com set contribution credit account  
[2021-11-26 06:44:49] local.INFO: gracemukakagoro@gmail.com set contribution month  
[2021-11-26 06:44:49] local.INFO: gracemukakagoro@gmail.com removed contribution with differences  
[2021-11-26 06:45:01] local.INFO: gracemukakagoro@gmail.com started to view contribution  
[2021-11-26 06:45:01] local.INFO: gracemukakagoro@gmail.com set contributions by institution  
[2021-11-26 06:45:01] local.INFO: gracemukakagoro@gmail.com set contribution debit account  
[2021-11-26 06:45:01] local.INFO: gracemukakagoro@gmail.com set contribution credit account  
[2021-11-26 06:45:01] local.INFO: gracemukakagoro@gmail.com set contribution month  
[2021-11-26 06:45:01] local.INFO: gracemukakagoro@gmail.com removed contribution with differences  
[2021-11-26 06:45:08] local.INFO: gracemukakagoro@gmail.com started to view contribution  
[2021-11-26 06:45:08] local.INFO: gracemukakagoro@gmail.com set contributions by institution  
[2021-11-26 06:45:08] local.INFO: gracemukakagoro@gmail.com set contribution debit account  
[2021-11-26 06:45:08] local.INFO: gracemukakagoro@gmail.com set contribution credit account  
[2021-11-26 06:45:08] local.INFO: gracemukakagoro@gmail.com set contribution month  
[2021-11-26 06:45:08] local.INFO: gracemukakagoro@gmail.com removed contribution with differences  
[2021-11-26 06:45:45] local.INFO: gracemukakagoro@gmail.com did batch contribution  
[2021-11-26 06:45:45] local.INFO: gracemukakagoro@gmail.com set contributions by institution  
[2021-11-26 06:45:45] local.INFO: gracemukakagoro@gmail.com set contribution debit account  
[2021-11-26 06:45:45] local.INFO: gracemukakagoro@gmail.com set contribution credit account  
[2021-11-26 06:45:45] local.INFO: gracemukakagoro@gmail.com set contribution month  
[2021-11-26 06:45:45] local.INFO: gracemukakagoro@gmail.com removed contribution with differences  
[2021-11-26 07:02:40] local.INFO: gracemukakagoro@gmail.com started to view contribution  
[2021-11-26 07:02:40] local.INFO: gracemukakagoro@gmail.com set contributions by institution  
[2021-11-26 07:02:40] local.INFO: gracemukakagoro@gmail.com set contribution debit account  
[2021-11-26 07:02:40] local.INFO: gracemukakagoro@gmail.com set contribution credit account  
[2021-11-26 07:02:40] local.INFO: gracemukakagoro@gmail.com set contribution month  
[2021-11-26 07:02:40] local.INFO: gracemukakagoro@gmail.com removed contribution with differences  
[2021-11-26 07:02:46] local.INFO: gracemukakagoro@gmail.com started to view contribution  
[2021-11-26 07:02:46] local.INFO: gracemukakagoro@gmail.com set contributions by institution  
[2021-11-26 07:02:46] local.INFO: gracemukakagoro@gmail.com set contribution debit account  
[2021-11-26 07:02:46] local.INFO: gracemukakagoro@gmail.com set contribution credit account  
[2021-11-26 07:02:46] local.INFO: gracemukakagoro@gmail.com set contribution month  
[2021-11-26 07:02:46] local.INFO: gracemukakagoro@gmail.com removed contribution with differences  
[2021-11-26 07:03:43] local.INFO: gracemukakagoro@gmail.com downloaded sample contribution csv  
[2021-11-26 07:03:43] local.ERROR: Symfony\Component\HttpFoundation\File\Exception\FileNotFoundException: The file "/var/www/html/epssf/storage/app/csv/batchcontribution-sample.csv" does not exist in /var/www/html/epssf/vendor/symfony/http-foundation/File/File.php:37
Stack trace:
#0 /var/www/html/epssf/vendor/symfony/http-foundation/BinaryFileResponse.php(92): Symfony\Component\HttpFoundation\File\File->__construct('/var/www/html/e...')
#1 /var/www/html/epssf/vendor/symfony/http-foundation/BinaryFileResponse.php(51): Symfony\Component\HttpFoundation\BinaryFileResponse->setFile('/var/www/html/e...', 'attachment', false, true)
#2 /var/www/html/epssf/vendor/laravel/framework/src/Illuminate/Routing/ResponseFactory.php(131): Symfony\Component\HttpFoundation\BinaryFileResponse->__construct('/var/www/html/e...', 200, Array, true, 'attachment')
#3 /var/www/html/epssf/bootstrap/cache/compiled.php(6093): Illuminate\Routing\ResponseFactory->download('/var/www/html/e...', 'batchcontributi...')
#4 /var/www/html/epssf/app/Http/Controllers/ContributionAndSavingsController.php(351): Illuminate\Support\Facades\Facade::__callStatic('download', Array)
#5 [internal function]: Ceb\Http\Controllers\ContributionAndSavingsController->downloadSample()
#6 /var/www/html/epssf/bootstrap/cache/compiled.php(8937): call_user_func_array(Array, Array)
#7 /var/www/html/epssf/bootstrap/cache/compiled.php(9006): Illuminate\Routing\Controller->callAction('downloadSample', Array)
#8 /var/www/html/epssf/bootstrap/cache/compiled.php(8986): Illuminate\Routing\ControllerDispatcher->call(Object(Ceb\Http\Controllers\ContributionAndSavingsController), Object(Illuminate\Routing\Route), 'downloadSample')
#9 [internal function]: Illuminate\Routing\ControllerDispatcher->Illuminate\Routing\{closure}(Object(Illuminate\Http\Request))
#10 /var/www/html/epssf/bootstrap/cache/compiled.php(9657): call_user_func(Object(Closure), Object(Illuminate\Http\Request))
#11 /var/www/html/epssf/vendor/rydurham/sentinel/src/Sentinel/Middleware/SentryAuth.php(28): Illuminate\Pipeline\Pipeline->Illuminate\Pipeline\{closure}(Object(Illuminate\Http\Request))
#12 [internal function]: Sentinel\Middleware\SentryAuth->handle(Object(Illuminate\Http\Request), Object(Closure))
#13 /var/www/html/epssf/bootstrap/cache/compiled.php(9649): call_user_func_array(Array, Array)
#14 [internal function]: Illuminate\Pipeline\Pipeline->Illuminate\Pipeline\{closure}(Object(Illuminate\Http\Request))
#15 /var/www/html/epssf/bootstrap/cache/compiled.php(9639): call_user_func(Object(Closure), Object(Illuminate\Http\Request))
#16 /var/www/html/epssf/bootstrap/cache/compiled.php(8987): Illuminate\Pipeline\Pipeline->then(Object(Closure))
#17 /var/www/html/epssf/bootstrap/cache/compiled.php(8972): Illuminate\Routing\ControllerDispatcher->callWithinStack(Object(Ceb\Http\Controllers\ContributionAndSavingsController), Object(Illuminate\Routing\Route), Object(Illuminate\Http\Request), 'downloadSample')
#18 /var/www/html/epssf/bootstrap/cache/compiled.php(7917): Illuminate\Routing\ControllerDispatcher->dispatch(Object(Illuminate\Routing\Route), Object(Illuminate\Http\Request), 'Ceb\\Http\\Contro...', 'downloadSample')
#19 /var/www/html/epssf/bootstrap/cache/compiled.php(7888): Illuminate\Routing\Route->runWithCustomDispatcher(Object(Illuminate\Http\Request))
#20 /var/www/html/epssf/bootstrap/cache/compiled.php(7541): Illuminate\Routing\Route->run(Object(Illuminate\Http\Request))
#21 [internal function]: Illuminate\Routing\Router->Illuminate\Routing\{closure}(Object(Illuminate\Http\Request))
#22 /var/www/html/epssf/bootstrap/cache/compiled.php(9657): call_user_func(Object(Closure), Object(Illuminate\Http\Request))
#23 /var/www/html/epssf/vendor/rydurham/sentinel/src/Sentinel/Middleware/SentryAuth.php(28): Illuminate\Pipeline\Pipeline->Illuminate\Pipeline\{closure}(Object(Illuminate\Http\Request))
#24 [internal function]: Sentinel\Middleware\SentryAuth->handle(Object(Illuminate\Http\Request), Object(Closure))
#25 /var/www/html/epssf/bootstrap/cache/compiled.php(9649): call_user_func_array(Array, Array)
#26 [internal function]: Illuminate\Pipeline\Pipeline->Illuminate\Pipeline\{closure}(Object(Illuminate\Http\Request))
#27 /var/www/html/epssf/bootstrap/cache/compiled.php(9639): call_user_func(Object(Closure), Object(Illuminate\Http\Request))
#28 /var/www/html/epssf/bootstrap/cache/compiled.php(7542): Illuminate\Pipeline\Pipeline->then(Object(Closure))
#29 /var/www/html/epssf/bootstrap/cache/compiled.php(7530): Illuminate\Routing\Router->runRouteWithinStack(Object(Illuminate\Routing\Route), Object(Illuminate\Http\Request))
#30 /var/www/html/epssf/bootstrap/cache/compiled.php(7515): Illuminate\Routing\Router->dispatchToRoute(Object(Illuminate\Http\Request))
#31 /var/www/html/epssf/bootstrap/cache/compiled.php(2310): Illuminate\Routing\Router->dispatch(Object(Illuminate\Http\Request))
#32 [internal function]: Illuminate\Foundation\Http\Kernel->Illuminate\Foundation\Http\{closure}(Object(Illuminate\Http\Request))
#33 /var/www/html/epssf/bootstrap/cache/compiled.php(9657): call_user_func(Object(Closure), Object(Illuminate\Http\Request))
#34 /var/www/html/epssf/app/Http/Middleware/LocaleMiddleware.php(20): Illuminate\Pipeline\Pipeline->Illuminate\Pipeline\{closure}(Object(Illuminate\Http\Request))
#35 [internal function]: Ceb\Http\Middleware\LocaleMiddleware->handle(Object(Illuminate\Http\Request), Object(Closure))
#36 /var/www/html/epssf/bootstrap/cache/compiled.php(9649): call_user_func_array(Array, Array)
#37 /var/www/html/epssf/bootstrap/cache/compiled.php(2925): Illuminate\Pipeline\Pipeline->Illuminate\Pipeline\{closure}(Object(Illuminate\Http\Request))
#38 [internal function]: Illuminate\Foundation\Http\Middleware\VerifyCsrfToken->handle(Object(Illuminate\Http\Request), Object(Closure))
#39 /var/www/html/epssf/bootstrap/cache/compiled.php(9649): call_user_func_array(Array, Array)
#40 /var/www/html/epssf/bootstrap/cache/compiled.php(13008): Illuminate\Pipeline\Pipeline->Illuminate\Pipeline\{closure}(Object(Illuminate\Http\Request))
#41 [internal function]: Illuminate\View\Middleware\ShareErrorsFromSession->handle(Object(Illuminate\Http\Request), Object(Closure))
#42 /var/www/html/epssf/bootstrap/cache/compiled.php(9649): call_user_func_array(Array, Array)
#43 /var/www/html/epssf/bootstrap/cache/compiled.php(11600): Illuminate\Pipeline\Pipeline->Illuminate\Pipeline\{closure}(Object(Illuminate\Http\Request))
#44 [internal function]: Illuminate\Session\Middleware\StartSession->handle(Object(Illuminate\Http\Request), Object(Closure))
#45 /var/www/html/epssf/bootstrap/cache/compiled.php(9649): call_user_func_array(Array, Array)
#46 /var/www/html/epssf/bootstrap/cache/compiled.php(12745): Illuminate\Pipeline\Pipeline->Illuminate\Pipeline\{closure}(Object(Illuminate\Http\Request))
#47 [internal function]: Illuminate\Cookie\Middleware\AddQueuedCookiesToResponse->handle(Object(Illuminate\Http\Request), Object(Closure))
#48 /var/www/html/epssf/bootstrap/cache/compiled.php(9649): call_user_func_array(Array, Array)
#49 /var/www/html/epssf/bootstrap/cache/compiled.php(12682): Illuminate\Pipeline\Pipeline->Illuminate\Pipeline\{closure}(Object(Illuminate\Http\Request))
#50 [internal function]: Illuminate\Cookie\Middleware\EncryptCookies->handle(Object(Illuminate\Http\Request), Object(Closure))
#51 /var/www/html/epssf/bootstrap/cache/compiled.php(9649): call_user_func_array(Array, Array)
#52 /var/www/html/epssf/bootstrap/cache/compiled.php(2982): Illuminate\Pipeline\Pipeline->Illuminate\Pipeline\{closure}(Object(Illuminate\Http\Request))
#53 [internal function]: Illuminate\Foundation\Http\Middleware\CheckForMaintenanceMode->handle(Object(Illuminate\Http\Request), Object(Closure))
#54 /var/www/html/epssf/bootstrap/cache/compiled.php(9649): call_user_func_array(Array, Array)
#55 [internal function]: Illuminate\Pipeline\Pipeline->Illuminate\Pipeline\{closure}(Object(Illuminate\Http\Request))
#56 /var/www/html/epssf/bootstrap/cache/compiled.php(9639): call_user_func(Object(Closure), Object(Illuminate\Http\Request))
#57 /var/www/html/epssf/bootstrap/cache/compiled.php(2257): Illuminate\Pipeline\Pipeline->then(Object(Closure))
#58 /var/www/html/epssf/bootstrap/cache/compiled.php(2240): Illuminate\Foundation\Http\Kernel->sendRequestThroughRouter(Object(Illuminate\Http\Request))
#59 /var/www/html/epssf/public/index.php(56): Illuminate\Foundation\Http\Kernel->handle(Object(Illuminate\Http\Request))
#60 {main}  
[2021-11-26 07:03:51] local.INFO: gracemukakagoro@gmail.com exports contribution with differences  
[2021-11-26 07:03:51] local.INFO: gracemukakagoro@gmail.com exports contribution with Error  
