[2022-02-22 06:18:37] local.INFO: gracemukakagoro@gmail.com viewed member list  
[2022-02-22 06:18:46] local.ERROR: ErrorException: Trying to get property 'loan_to_repay' of non-object in /var/www/html/epssf/app/Models/User.php:783
Stack trace:
#0 /var/www/html/epssf/app/Models/User.php(783): Illuminate\Foundation\Bootstrap\HandleExceptions->handleError(8, 'Trying to get p...', '/var/www/html/e...', 783, Array)
#1 /var/www/html/epssf/app/Models/User.php(802): Ceb\Models\User->loanMonthlyFees()
#2 /var/www/html/epssf/bootstrap/cache/compiled.php(10995): Ceb\Models\User->getLoanMonthlyFeeAttribute(NULL)
#3 /var/www/html/epssf/bootstrap/cache/compiled.php(10955): Illuminate\Database\Eloquent\Model->mutateAttribute('loan_monthly_fe...', NULL)
#4 /var/www/html/epssf/bootstrap/cache/compiled.php(10947): Illuminate\Database\Eloquent\Model->getAttributeValue('loan_monthly_fe...')
#5 /var/www/html/epssf/bootstrap/cache/compiled.php(11269): Illuminate\Database\Eloquent\Model->getAttribute('loan_monthly_fe...')
#6 /var/www/html/epssf/storage/framework/views/a65a55c1059d1bca693c1e762341970c(25): Illuminate\Database\Eloquent\Model->__get('loan_monthly_fe...')
#7 /var/www/html/epssf/bootstrap/cache/compiled.php(14794): include('/var/www/html/e...')
#8 /var/www/html/epssf/bootstrap/cache/compiled.php(14830): Illuminate\View\Engines\PhpEngine->evaluatePath('/var/www/html/e...', Array)
#9 /var/www/html/epssf/bootstrap/cache/compiled.php(14663): Illuminate\View\Engines\CompilerEngine->get('/var/www/html/e...', Array)
#10 /var/www/html/epssf/bootstrap/cache/compiled.php(14651): Illuminate\View\View->getContents()
#11 /var/www/html/epssf/bootstrap/cache/compiled.php(14635): Illuminate\View\View->renderContents()
#12 /var/www/html/epssf/storage/framework/views/e697f9ccab0a547665dd8b3934bd2903(9): Illuminate\View\View->render()
#13 /var/www/html/epssf/bootstrap/cache/compiled.php(14794): include('/var/www/html/e...')
#14 /var/www/html/epssf/bootstrap/cache/compiled.php(14830): Illuminate\View\Engines\PhpEngine->evaluatePath('/var/www/html/e...', Array)
#15 /var/www/html/epssf/bootstrap/cache/compiled.php(14663): Illuminate\View\Engines\CompilerEngine->get('/var/www/html/e...', Array)
#16 /var/www/html/epssf/bootstrap/cache/compiled.php(14651): Illuminate\View\View->getContents()
#17 /var/www/html/epssf/bootstrap/cache/compiled.php(14635): Illuminate\View\View->renderContents()
#18 /var/www/html/epssf/storage/framework/views/94707879c3dd768d310348d7d37983fa(14): Illuminate\View\View->render()
#19 /var/www/html/epssf/bootstrap/cache/compiled.php(14794): include('/var/www/html/e...')
#20 /var/www/html/epssf/bootstrap/cache/compiled.php(14830): Illuminate\View\Engines\PhpEngine->evaluatePath('/var/www/html/e...', Array)
#21 /var/www/html/epssf/bootstrap/cache/compiled.php(14663): Illuminate\View\Engines\CompilerEngine->get('/var/www/html/e...', Array)
#22 /var/www/html/epssf/bootstrap/cache/compiled.php(14651): Illuminate\View\View->getContents()
#23 /var/www/html/epssf/bootstrap/cache/compiled.php(14635): Illuminate\View\View->renderContents()
#24 /var/www/html/epssf/bootstrap/cache/compiled.php(15795): Illuminate\View\View->render()
#25 /var/www/html/epssf/bootstrap/cache/compiled.php(15312): Illuminate\Http\Response->setContent(Object(Illuminate\View\View))
#26 /var/www/html/epssf/bootstrap/cache/compiled.php(7750): Symfony\Component\HttpFoundation\Response->__construct(Object(Illuminate\View\View))
#27 /var/www/html/epssf/bootstrap/cache/compiled.php(8986): Illuminate\Routing\Router->prepareResponse(Object(Illuminate\Http\Request), Object(Illuminate\View\View))
#28 [internal function]: Illuminate\Routing\ControllerDispatcher->Illuminate\Routing\{closure}(Object(Illuminate\Http\Request))
#29 /var/www/html/epssf/bootstrap/cache/compiled.php(9657): call_user_func(Object(Closure), Object(Illuminate\Http\Request))
#30 /var/www/html/epssf/vendor/rydurham/sentinel/src/Sentinel/Middleware/SentryAuth.php(28): Illuminate\Pipeline\Pipeline->Illuminate\Pipeline\{closure}(Object(Illuminate\Http\Request))
#31 [internal function]: Sentinel\Middleware\SentryAuth->handle(Object(Illuminate\Http\Request), Object(Closure))
#32 /var/www/html/epssf/bootstrap/cache/compiled.php(9649): call_user_func_array(Array, Array)
#33 [internal function]: Illuminate\Pipeline\Pipeline->Illuminate\Pipeline\{closure}(Object(Illuminate\Http\Request))
#34 /var/www/html/epssf/bootstrap/cache/compiled.php(9639): call_user_func(Object(Closure), Object(Illuminate\Http\Request))
#35 /var/www/html/epssf/bootstrap/cache/compiled.php(8987): Illuminate\Pipeline\Pipeline->then(Object(Closure))
#36 /var/www/html/epssf/bootstrap/cache/compiled.php(8972): Illuminate\Routing\ControllerDispatcher->callWithinStack(Object(Ceb\Http\Controllers\MemberController), Object(Illuminate\Routing\Route), Object(Illuminate\Http\Request), 'show')
#37 /var/www/html/epssf/bootstrap/cache/compiled.php(7917): Illuminate\Routing\ControllerDispatcher->dispatch(Object(Illuminate\Routing\Route), Object(Illuminate\Http\Request), 'Ceb\\Http\\Contro...', 'show')
#38 /var/www/html/epssf/bootstrap/cache/compiled.php(7888): Illuminate\Routing\Route->runWithCustomDispatcher(Object(Illuminate\Http\Request))
#39 /var/www/html/epssf/bootstrap/cache/compiled.php(7541): Illuminate\Routing\Route->run(Object(Illuminate\Http\Request))
#40 [internal function]: Illuminate\Routing\Router->Illuminate\Routing\{closure}(Object(Illuminate\Http\Request))
#41 /var/www/html/epssf/bootstrap/cache/compiled.php(9657): call_user_func(Object(Closure), Object(Illuminate\Http\Request))
#42 /var/www/html/epssf/vendor/rydurham/sentinel/src/Sentinel/Middleware/SentryAuth.php(28): Illuminate\Pipeline\Pipeline->Illuminate\Pipeline\{closure}(Object(Illuminate\Http\Request))
#43 [internal function]: Sentinel\Middleware\SentryAuth->handle(Object(Illuminate\Http\Request), Object(Closure))
#44 /var/www/html/epssf/bootstrap/cache/compiled.php(9649): call_user_func_array(Array, Array)
#45 [internal function]: Illuminate\Pipeline\Pipeline->Illuminate\Pipeline\{closure}(Object(Illuminate\Http\Request))
#46 /var/www/html/epssf/bootstrap/cache/compiled.php(9639): call_user_func(Object(Closure), Object(Illuminate\Http\Request))
#47 /var/www/html/epssf/bootstrap/cache/compiled.php(7542): Illuminate\Pipeline\Pipeline->then(Object(Closure))
#48 /var/www/html/epssf/bootstrap/cache/compiled.php(7530): Illuminate\Routing\Router->runRouteWithinStack(Object(Illuminate\Routing\Route), Object(Illuminate\Http\Request))
#49 /var/www/html/epssf/bootstrap/cache/compiled.php(7515): Illuminate\Routing\Router->dispatchToRoute(Object(Illuminate\Http\Request))
#50 /var/www/html/epssf/bootstrap/cache/compiled.php(2310): Illuminate\Routing\Router->dispatch(Object(Illuminate\Http\Request))
#51 [internal function]: Illuminate\Foundation\Http\Kernel->Illuminate\Foundation\Http\{closure}(Object(Illuminate\Http\Request))
#52 /var/www/html/epssf/bootstrap/cache/compiled.php(9657): call_user_func(Object(Closure), Object(Illuminate\Http\Request))
#53 /var/www/html/epssf/app/Http/Middleware/LocaleMiddleware.php(20): Illuminate\Pipeline\Pipeline->Illuminate\Pipeline\{closure}(Object(Illuminate\Http\Request))
#54 [internal function]: Ceb\Http\Middleware\LocaleMiddleware->handle(Object(Illuminate\Http\Request), Object(Closure))
#55 /var/www/html/epssf/bootstrap/cache/compiled.php(9649): call_user_func_array(Array, Array)
#56 /var/www/html/epssf/bootstrap/cache/compiled.php(2925): Illuminate\Pipeline\Pipeline->Illuminate\Pipeline\{closure}(Object(Illuminate\Http\Request))
#57 [internal function]: Illuminate\Foundation\Http\Middleware\VerifyCsrfToken->handle(Object(Illuminate\Http\Request), Object(Closure))
#58 /var/www/html/epssf/bootstrap/cache/compiled.php(9649): call_user_func_array(Array, Array)
#59 /var/www/html/epssf/bootstrap/cache/compiled.php(13008): Illuminate\Pipeline\Pipeline->Illuminate\Pipeline\{closure}(Object(Illuminate\Http\Request))
#60 [internal function]: Illuminate\View\Middleware\ShareErrorsFromSession->handle(Object(Illuminate\Http\Request), Object(Closure))
#61 /var/www/html/epssf/bootstrap/cache/compiled.php(9649): call_user_func_array(Array, Array)
#62 /var/www/html/epssf/bootstrap/cache/compiled.php(11600): Illuminate\Pipeline\Pipeline->Illuminate\Pipeline\{closure}(Object(Illuminate\Http\Request))
#63 [internal function]: Illuminate\Session\Middleware\StartSession->handle(Object(Illuminate\Http\Request), Object(Closure))
#64 /var/www/html/epssf/bootstrap/cache/compiled.php(9649): call_user_func_array(Array, Array)
#65 /var/www/html/epssf/bootstrap/cache/compiled.php(12745): Illuminate\Pipeline\Pipeline->Illuminate\Pipeline\{closure}(Object(Illuminate\Http\Request))
#66 [internal function]: Illuminate\Cookie\Middleware\AddQueuedCookiesToResponse->handle(Object(Illuminate\Http\Request), Object(Closure))
#67 /var/www/html/epssf/bootstrap/cache/compiled.php(9649): call_user_func_array(Array, Array)
#68 /var/www/html/epssf/bootstrap/cache/compiled.php(12682): Illuminate\Pipeline\Pipeline->Illuminate\Pipeline\{closure}(Object(Illuminate\Http\Request))
#69 [internal function]: Illuminate\Cookie\Middleware\EncryptCookies->handle(Object(Illuminate\Http\Request), Object(Closure))
#70 /var/www/html/epssf/bootstrap/cache/compiled.php(9649): call_user_func_array(Array, Array)
#71 /var/www/html/epssf/bootstrap/cache/compiled.php(2982): Illuminate\Pipeline\Pipeline->Illuminate\Pipeline\{closure}(Object(Illuminate\Http\Request))
#72 [internal function]: Illuminate\Foundation\Http\Middleware\CheckForMaintenanceMode->handle(Object(Illuminate\Http\Request), Object(Closure))
#73 /var/www/html/epssf/bootstrap/cache/compiled.php(9649): call_user_func_array(Array, Array)
#74 [internal function]: Illuminate\Pipeline\Pipeline->Illuminate\Pipeline\{closure}(Object(Illuminate\Http\Request))
#75 /var/www/html/epssf/bootstrap/cache/compiled.php(9639): call_user_func(Object(Closure), Object(Illuminate\Http\Request))
#76 /var/www/html/epssf/bootstrap/cache/compiled.php(2257): Illuminate\Pipeline\Pipeline->then(Object(Closure))
#77 /var/www/html/epssf/bootstrap/cache/compiled.php(2240): Illuminate\Foundation\Http\Kernel->sendRequestThroughRouter(Object(Illuminate\Http\Request))
#78 /var/www/html/epssf/public/index.php(56): Illuminate\Foundation\Http\Kernel->handle(Object(Illuminate\Http\Request))
#79 {main}  
[2022-02-22 06:18:56] local.INFO: gracemukakagoro@gmail.com viewed member list  
[2022-02-22 06:19:21] local.INFO: gracemukakagoro@gmail.com is viewing loans records report  
[2022-02-22 06:20:06] local.INFO: gracemukakagoro@gmail.com is viewing loans records report  
[2022-02-22 08:04:22] local.INFO: gracemukakagoro@gmail.com viewed member list  
[2022-02-22 08:05:29] local.INFO: gracemukakagoro@gmail.com viewed member list  
[2022-02-22 08:10:37] local.INFO: gracemukakagoro@gmail.com viewed member list  
[2022-02-22 08:10:38] local.INFO: gracemukakagoro@gmail.com viewed member list  
[2022-02-22 08:10:40] local.INFO: gracemukakagoro@gmail.com viewed member list  
[2022-02-22 08:10:42] local.INFO: gracemukakagoro@gmail.com viewed member list  
[2022-02-22 08:50:18] local.INFO: gracemukakagoro@gmail.com viewed member list  
[2022-02-22 08:50:20] local.INFO: gracemukakagoro@gmail.com viewed member list  
[2022-02-22 08:50:21] local.INFO: gracemukakagoro@gmail.com viewed member list  
[2022-02-22 08:50:30] local.INFO: gracemukakagoro@gmail.com viewed member list  
[2022-02-22 08:51:20] local.ERROR: ErrorException: Trying to get property 'loan_to_repay' of non-object in /var/www/html/epssf/app/Models/User.php:783
Stack trace:
#0 /var/www/html/epssf/app/Models/User.php(783): Illuminate\Foundation\Bootstrap\HandleExceptions->handleError(8, 'Trying to get p...', '/var/www/html/e...', 783, Array)
#1 /var/www/html/epssf/app/Models/User.php(802): Ceb\Models\User->loanMonthlyFees()
#2 /var/www/html/epssf/bootstrap/cache/compiled.php(10995): Ceb\Models\User->getLoanMonthlyFeeAttribute(NULL)
#3 /var/www/html/epssf/bootstrap/cache/compiled.php(10955): Illuminate\Database\Eloquent\Model->mutateAttribute('loan_monthly_fe...', NULL)
#4 /var/www/html/epssf/bootstrap/cache/compiled.php(10947): Illuminate\Database\Eloquent\Model->getAttributeValue('loan_monthly_fe...')
#5 /var/www/html/epssf/bootstrap/cache/compiled.php(11269): Illuminate\Database\Eloquent\Model->getAttribute('loan_monthly_fe...')
#6 /var/www/html/epssf/storage/framework/views/a65a55c1059d1bca693c1e762341970c(25): Illuminate\Database\Eloquent\Model->__get('loan_monthly_fe...')
#7 /var/www/html/epssf/bootstrap/cache/compiled.php(14794): include('/var/www/html/e...')
#8 /var/www/html/epssf/bootstrap/cache/compiled.php(14830): Illuminate\View\Engines\PhpEngine->evaluatePath('/var/www/html/e...', Array)
#9 /var/www/html/epssf/bootstrap/cache/compiled.php(14663): Illuminate\View\Engines\CompilerEngine->get('/var/www/html/e...', Array)
#10 /var/www/html/epssf/bootstrap/cache/compiled.php(14651): Illuminate\View\View->getContents()
#11 /var/www/html/epssf/bootstrap/cache/compiled.php(14635): Illuminate\View\View->renderContents()
#12 /var/www/html/epssf/storage/framework/views/e697f9ccab0a547665dd8b3934bd2903(9): Illuminate\View\View->render()
#13 /var/www/html/epssf/bootstrap/cache/compiled.php(14794): include('/var/www/html/e...')
#14 /var/www/html/epssf/bootstrap/cache/compiled.php(14830): Illuminate\View\Engines\PhpEngine->evaluatePath('/var/www/html/e...', Array)
#15 /var/www/html/epssf/bootstrap/cache/compiled.php(14663): Illuminate\View\Engines\CompilerEngine->get('/var/www/html/e...', Array)
#16 /var/www/html/epssf/bootstrap/cache/compiled.php(14651): Illuminate\View\View->getContents()
#17 /var/www/html/epssf/bootstrap/cache/compiled.php(14635): Illuminate\View\View->renderContents()
#18 /var/www/html/epssf/storage/framework/views/94707879c3dd768d310348d7d37983fa(14): Illuminate\View\View->render()
#19 /var/www/html/epssf/bootstrap/cache/compiled.php(14794): include('/var/www/html/e...')
#20 /var/www/html/epssf/bootstrap/cache/compiled.php(14830): Illuminate\View\Engines\PhpEngine->evaluatePath('/var/www/html/e...', Array)
#21 /var/www/html/epssf/bootstrap/cache/compiled.php(14663): Illuminate\View\Engines\CompilerEngine->get('/var/www/html/e...', Array)
#22 /var/www/html/epssf/bootstrap/cache/compiled.php(14651): Illuminate\View\View->getContents()
#23 /var/www/html/epssf/bootstrap/cache/compiled.php(14635): Illuminate\View\View->renderContents()
#24 /var/www/html/epssf/bootstrap/cache/compiled.php(15795): Illuminate\View\View->render()
#25 /var/www/html/epssf/bootstrap/cache/compiled.php(15312): Illuminate\Http\Response->setContent(Object(Illuminate\View\View))
#26 /var/www/html/epssf/bootstrap/cache/compiled.php(7750): Symfony\Component\HttpFoundation\Response->__construct(Object(Illuminate\View\View))
#27 /var/www/html/epssf/bootstrap/cache/compiled.php(8986): Illuminate\Routing\Router->prepareResponse(Object(Illuminate\Http\Request), Object(Illuminate\View\View))
#28 [internal function]: Illuminate\Routing\ControllerDispatcher->Illuminate\Routing\{closure}(Object(Illuminate\Http\Request))
#29 /var/www/html/epssf/bootstrap/cache/compiled.php(9657): call_user_func(Object(Closure), Object(Illuminate\Http\Request))
#30 /var/www/html/epssf/vendor/rydurham/sentinel/src/Sentinel/Middleware/SentryAuth.php(28): Illuminate\Pipeline\Pipeline->Illuminate\Pipeline\{closure}(Object(Illuminate\Http\Request))
#31 [internal function]: Sentinel\Middleware\SentryAuth->handle(Object(Illuminate\Http\Request), Object(Closure))
#32 /var/www/html/epssf/bootstrap/cache/compiled.php(9649): call_user_func_array(Array, Array)
#33 [internal function]: Illuminate\Pipeline\Pipeline->Illuminate\Pipeline\{closure}(Object(Illuminate\Http\Request))
#34 /var/www/html/epssf/bootstrap/cache/compiled.php(9639): call_user_func(Object(Closure), Object(Illuminate\Http\Request))
#35 /var/www/html/epssf/bootstrap/cache/compiled.php(8987): Illuminate\Pipeline\Pipeline->then(Object(Closure))
#36 /var/www/html/epssf/bootstrap/cache/compiled.php(8972): Illuminate\Routing\ControllerDispatcher->callWithinStack(Object(Ceb\Http\Controllers\MemberController), Object(Illuminate\Routing\Route), Object(Illuminate\Http\Request), 'show')
#37 /var/www/html/epssf/bootstrap/cache/compiled.php(7917): Illuminate\Routing\ControllerDispatcher->dispatch(Object(Illuminate\Routing\Route), Object(Illuminate\Http\Request), 'Ceb\\Http\\Contro...', 'show')
#38 /var/www/html/epssf/bootstrap/cache/compiled.php(7888): Illuminate\Routing\Route->runWithCustomDispatcher(Object(Illuminate\Http\Request))
#39 /var/www/html/epssf/bootstrap/cache/compiled.php(7541): Illuminate\Routing\Route->run(Object(Illuminate\Http\Request))
#40 [internal function]: Illuminate\Routing\Router->Illuminate\Routing\{closure}(Object(Illuminate\Http\Request))
#41 /var/www/html/epssf/bootstrap/cache/compiled.php(9657): call_user_func(Object(Closure), Object(Illuminate\Http\Request))
#42 /var/www/html/epssf/vendor/rydurham/sentinel/src/Sentinel/Middleware/SentryAuth.php(28): Illuminate\Pipeline\Pipeline->Illuminate\Pipeline\{closure}(Object(Illuminate\Http\Request))
#43 [internal function]: Sentinel\Middleware\SentryAuth->handle(Object(Illuminate\Http\Request), Object(Closure))
#44 /var/www/html/epssf/bootstrap/cache/compiled.php(9649): call_user_func_array(Array, Array)
#45 [internal function]: Illuminate\Pipeline\Pipeline->Illuminate\Pipeline\{closure}(Object(Illuminate\Http\Request))
#46 /var/www/html/epssf/bootstrap/cache/compiled.php(9639): call_user_func(Object(Closure), Object(Illuminate\Http\Request))
#47 /var/www/html/epssf/bootstrap/cache/compiled.php(7542): Illuminate\Pipeline\Pipeline->then(Object(Closure))
#48 /var/www/html/epssf/bootstrap/cache/compiled.php(7530): Illuminate\Routing\Router->runRouteWithinStack(Object(Illuminate\Routing\Route), Object(Illuminate\Http\Request))
#49 /var/www/html/epssf/bootstrap/cache/compiled.php(7515): Illuminate\Routing\Router->dispatchToRoute(Object(Illuminate\Http\Request))
#50 /var/www/html/epssf/bootstrap/cache/compiled.php(2310): Illuminate\Routing\Router->dispatch(Object(Illuminate\Http\Request))
#51 [internal function]: Illuminate\Foundation\Http\Kernel->Illuminate\Foundation\Http\{closure}(Object(Illuminate\Http\Request))
#52 /var/www/html/epssf/bootstrap/cache/compiled.php(9657): call_user_func(Object(Closure), Object(Illuminate\Http\Request))
#53 /var/www/html/epssf/app/Http/Middleware/LocaleMiddleware.php(20): Illuminate\Pipeline\Pipeline->Illuminate\Pipeline\{closure}(Object(Illuminate\Http\Request))
#54 [internal function]: Ceb\Http\Middleware\LocaleMiddleware->handle(Object(Illuminate\Http\Request), Object(Closure))
#55 /var/www/html/epssf/bootstrap/cache/compiled.php(9649): call_user_func_array(Array, Array)
#56 /var/www/html/epssf/bootstrap/cache/compiled.php(2925): Illuminate\Pipeline\Pipeline->Illuminate\Pipeline\{closure}(Object(Illuminate\Http\Request))
#57 [internal function]: Illuminate\Foundation\Http\Middleware\VerifyCsrfToken->handle(Object(Illuminate\Http\Request), Object(Closure))
#58 /var/www/html/epssf/bootstrap/cache/compiled.php(9649): call_user_func_array(Array, Array)
#59 /var/www/html/epssf/bootstrap/cache/compiled.php(13008): Illuminate\Pipeline\Pipeline->Illuminate\Pipeline\{closure}(Object(Illuminate\Http\Request))
#60 [internal function]: Illuminate\View\Middleware\ShareErrorsFromSession->handle(Object(Illuminate\Http\Request), Object(Closure))
#61 /var/www/html/epssf/bootstrap/cache/compiled.php(9649): call_user_func_array(Array, Array)
#62 /var/www/html/epssf/bootstrap/cache/compiled.php(11600): Illuminate\Pipeline\Pipeline->Illuminate\Pipeline\{closure}(Object(Illuminate\Http\Request))
#63 [internal function]: Illuminate\Session\Middleware\StartSession->handle(Object(Illuminate\Http\Request), Object(Closure))
#64 /var/www/html/epssf/bootstrap/cache/compiled.php(9649): call_user_func_array(Array, Array)
#65 /var/www/html/epssf/bootstrap/cache/compiled.php(12745): Illuminate\Pipeline\Pipeline->Illuminate\Pipeline\{closure}(Object(Illuminate\Http\Request))
#66 [internal function]: Illuminate\Cookie\Middleware\AddQueuedCookiesToResponse->handle(Object(Illuminate\Http\Request), Object(Closure))
#67 /var/www/html/epssf/bootstrap/cache/compiled.php(9649): call_user_func_array(Array, Array)
#68 /var/www/html/epssf/bootstrap/cache/compiled.php(12682): Illuminate\Pipeline\Pipeline->Illuminate\Pipeline\{closure}(Object(Illuminate\Http\Request))
#69 [internal function]: Illuminate\Cookie\Middleware\EncryptCookies->handle(Object(Illuminate\Http\Request), Object(Closure))
#70 /var/www/html/epssf/bootstrap/cache/compiled.php(9649): call_user_func_array(Array, Array)
#71 /var/www/html/epssf/bootstrap/cache/compiled.php(2982): Illuminate\Pipeline\Pipeline->Illuminate\Pipeline\{closure}(Object(Illuminate\Http\Request))
#72 [internal function]: Illuminate\Foundation\Http\Middleware\CheckForMaintenanceMode->handle(Object(Illuminate\Http\Request), Object(Closure))
#73 /var/www/html/epssf/bootstrap/cache/compiled.php(9649): call_user_func_array(Array, Array)
#74 [internal function]: Illuminate\Pipeline\Pipeline->Illuminate\Pipeline\{closure}(Object(Illuminate\Http\Request))
#75 /var/www/html/epssf/bootstrap/cache/compiled.php(9639): call_user_func(Object(Closure), Object(Illuminate\Http\Request))
#76 /var/www/html/epssf/bootstrap/cache/compiled.php(2257): Illuminate\Pipeline\Pipeline->then(Object(Closure))
#77 /var/www/html/epssf/bootstrap/cache/compiled.php(2240): Illuminate\Foundation\Http\Kernel->sendRequestThroughRouter(Object(Illuminate\Http\Request))
#78 /var/www/html/epssf/public/index.php(56): Illuminate\Foundation\Http\Kernel->handle(Object(Illuminate\Http\Request))
#79 {main}  
[2022-02-22 09:25:51] local.INFO: gracemukakagoro@gmail.com viewed member list  
[2022-02-22 09:26:03] local.INFO: gracemukakagoro@gmail.com is viewing loan index  
[2022-02-22 09:26:11] local.INFO: gracemukakagoro@gmail.com is adding member to loan form  
[2022-02-22 10:33:05] local.INFO: gracemukakagoro@gmail.com is viewing loan index  
[2022-02-22 10:33:13] local.INFO: gracemukakagoro@gmail.com is adding member to loan form  
[2022-02-22 14:12:27] local.INFO: gracemukakagoro@gmail.com viewed member list  
[2022-02-22 14:12:40] local.ERROR: ErrorException: Trying to get property 'loan_to_repay' of non-object in /var/www/html/epssf/app/Models/User.php:783
Stack trace:
#0 /var/www/html/epssf/app/Models/User.php(783): Illuminate\Foundation\Bootstrap\HandleExceptions->handleError(8, 'Trying to get p...', '/var/www/html/e...', 783, Array)
#1 /var/www/html/epssf/app/Models/User.php(802): Ceb\Models\User->loanMonthlyFees()
#2 /var/www/html/epssf/bootstrap/cache/compiled.php(10995): Ceb\Models\User->getLoanMonthlyFeeAttribute(NULL)
#3 /var/www/html/epssf/bootstrap/cache/compiled.php(10955): Illuminate\Database\Eloquent\Model->mutateAttribute('loan_monthly_fe...', NULL)
#4 /var/www/html/epssf/bootstrap/cache/compiled.php(10947): Illuminate\Database\Eloquent\Model->getAttributeValue('loan_monthly_fe...')
#5 /var/www/html/epssf/bootstrap/cache/compiled.php(11269): Illuminate\Database\Eloquent\Model->getAttribute('loan_monthly_fe...')
#6 /var/www/html/epssf/storage/framework/views/a65a55c1059d1bca693c1e762341970c(25): Illuminate\Database\Eloquent\Model->__get('loan_monthly_fe...')
#7 /var/www/html/epssf/bootstrap/cache/compiled.php(14794): include('/var/www/html/e...')
#8 /var/www/html/epssf/bootstrap/cache/compiled.php(14830): Illuminate\View\Engines\PhpEngine->evaluatePath('/var/www/html/e...', Array)
#9 /var/www/html/epssf/bootstrap/cache/compiled.php(14663): Illuminate\View\Engines\CompilerEngine->get('/var/www/html/e...', Array)
#10 /var/www/html/epssf/bootstrap/cache/compiled.php(14651): Illuminate\View\View->getContents()
#11 /var/www/html/epssf/bootstrap/cache/compiled.php(14635): Illuminate\View\View->renderContents()
#12 /var/www/html/epssf/storage/framework/views/e697f9ccab0a547665dd8b3934bd2903(9): Illuminate\View\View->render()
#13 /var/www/html/epssf/bootstrap/cache/compiled.php(14794): include('/var/www/html/e...')
#14 /var/www/html/epssf/bootstrap/cache/compiled.php(14830): Illuminate\View\Engines\PhpEngine->evaluatePath('/var/www/html/e...', Array)
#15 /var/www/html/epssf/bootstrap/cache/compiled.php(14663): Illuminate\View\Engines\CompilerEngine->get('/var/www/html/e...', Array)
#16 /var/www/html/epssf/bootstrap/cache/compiled.php(14651): Illuminate\View\View->getContents()
#17 /var/www/html/epssf/bootstrap/cache/compiled.php(14635): Illuminate\View\View->renderContents()
#18 /var/www/html/epssf/storage/framework/views/94707879c3dd768d310348d7d37983fa(14): Illuminate\View\View->render()
#19 /var/www/html/epssf/bootstrap/cache/compiled.php(14794): include('/var/www/html/e...')
#20 /var/www/html/epssf/bootstrap/cache/compiled.php(14830): Illuminate\View\Engines\PhpEngine->evaluatePath('/var/www/html/e...', Array)
#21 /var/www/html/epssf/bootstrap/cache/compiled.php(14663): Illuminate\View\Engines\CompilerEngine->get('/var/www/html/e...', Array)
#22 /var/www/html/epssf/bootstrap/cache/compiled.php(14651): Illuminate\View\View->getContents()
#23 /var/www/html/epssf/bootstrap/cache/compiled.php(14635): Illuminate\View\View->renderContents()
#24 /var/www/html/epssf/bootstrap/cache/compiled.php(15795): Illuminate\View\View->render()
#25 /var/www/html/epssf/bootstrap/cache/compiled.php(15312): Illuminate\Http\Response->setContent(Object(Illuminate\View\View))
#26 /var/www/html/epssf/bootstrap/cache/compiled.php(7750): Symfony\Component\HttpFoundation\Response->__construct(Object(Illuminate\View\View))
#27 /var/www/html/epssf/bootstrap/cache/compiled.php(8986): Illuminate\Routing\Router->prepareResponse(Object(Illuminate\Http\Request), Object(Illuminate\View\View))
#28 [internal function]: Illuminate\Routing\ControllerDispatcher->Illuminate\Routing\{closure}(Object(Illuminate\Http\Request))
#29 /var/www/html/epssf/bootstrap/cache/compiled.php(9657): call_user_func(Object(Closure), Object(Illuminate\Http\Request))
#30 /var/www/html/epssf/vendor/rydurham/sentinel/src/Sentinel/Middleware/SentryAuth.php(28): Illuminate\Pipeline\Pipeline->Illuminate\Pipeline\{closure}(Object(Illuminate\Http\Request))
#31 [internal function]: Sentinel\Middleware\SentryAuth->handle(Object(Illuminate\Http\Request), Object(Closure))
#32 /var/www/html/epssf/bootstrap/cache/compiled.php(9649): call_user_func_array(Array, Array)
#33 [internal function]: Illuminate\Pipeline\Pipeline->Illuminate\Pipeline\{closure}(Object(Illuminate\Http\Request))
#34 /var/www/html/epssf/bootstrap/cache/compiled.php(9639): call_user_func(Object(Closure), Object(Illuminate\Http\Request))
#35 /var/www/html/epssf/bootstrap/cache/compiled.php(8987): Illuminate\Pipeline\Pipeline->then(Object(Closure))
#36 /var/www/html/epssf/bootstrap/cache/compiled.php(8972): Illuminate\Routing\ControllerDispatcher->callWithinStack(Object(Ceb\Http\Controllers\MemberController), Object(Illuminate\Routing\Route), Object(Illuminate\Http\Request), 'show')
#37 /var/www/html/epssf/bootstrap/cache/compiled.php(7917): Illuminate\Routing\ControllerDispatcher->dispatch(Object(Illuminate\Routing\Route), Object(Illuminate\Http\Request), 'Ceb\\Http\\Contro...', 'show')
#38 /var/www/html/epssf/bootstrap/cache/compiled.php(7888): Illuminate\Routing\Route->runWithCustomDispatcher(Object(Illuminate\Http\Request))
#39 /var/www/html/epssf/bootstrap/cache/compiled.php(7541): Illuminate\Routing\Route->run(Object(Illuminate\Http\Request))
#40 [internal function]: Illuminate\Routing\Router->Illuminate\Routing\{closure}(Object(Illuminate\Http\Request))
#41 /var/www/html/epssf/bootstrap/cache/compiled.php(9657): call_user_func(Object(Closure), Object(Illuminate\Http\Request))
#42 /var/www/html/epssf/vendor/rydurham/sentinel/src/Sentinel/Middleware/SentryAuth.php(28): Illuminate\Pipeline\Pipeline->Illuminate\Pipeline\{closure}(Object(Illuminate\Http\Request))
#43 [internal function]: Sentinel\Middleware\SentryAuth->handle(Object(Illuminate\Http\Request), Object(Closure))
#44 /var/www/html/epssf/bootstrap/cache/compiled.php(9649): call_user_func_array(Array, Array)
#45 [internal function]: Illuminate\Pipeline\Pipeline->Illuminate\Pipeline\{closure}(Object(Illuminate\Http\Request))
#46 /var/www/html/epssf/bootstrap/cache/compiled.php(9639): call_user_func(Object(Closure), Object(Illuminate\Http\Request))
#47 /var/www/html/epssf/bootstrap/cache/compiled.php(7542): Illuminate\Pipeline\Pipeline->then(Object(Closure))
#48 /var/www/html/epssf/bootstrap/cache/compiled.php(7530): Illuminate\Routing\Router->runRouteWithinStack(Object(Illuminate\Routing\Route), Object(Illuminate\Http\Request))
#49 /var/www/html/epssf/bootstrap/cache/compiled.php(7515): Illuminate\Routing\Router->dispatchToRoute(Object(Illuminate\Http\Request))
#50 /var/www/html/epssf/bootstrap/cache/compiled.php(2310): Illuminate\Routing\Router->dispatch(Object(Illuminate\Http\Request))
#51 [internal function]: Illuminate\Foundation\Http\Kernel->Illuminate\Foundation\Http\{closure}(Object(Illuminate\Http\Request))
#52 /var/www/html/epssf/bootstrap/cache/compiled.php(9657): call_user_func(Object(Closure), Object(Illuminate\Http\Request))
#53 /var/www/html/epssf/app/Http/Middleware/LocaleMiddleware.php(20): Illuminate\Pipeline\Pipeline->Illuminate\Pipeline\{closure}(Object(Illuminate\Http\Request))
#54 [internal function]: Ceb\Http\Middleware\LocaleMiddleware->handle(Object(Illuminate\Http\Request), Object(Closure))
#55 /var/www/html/epssf/bootstrap/cache/compiled.php(9649): call_user_func_array(Array, Array)
#56 /var/www/html/epssf/bootstrap/cache/compiled.php(2925): Illuminate\Pipeline\Pipeline->Illuminate\Pipeline\{closure}(Object(Illuminate\Http\Request))
#57 [internal function]: Illuminate\Foundation\Http\Middleware\VerifyCsrfToken->handle(Object(Illuminate\Http\Request), Object(Closure))
#58 /var/www/html/epssf/bootstrap/cache/compiled.php(9649): call_user_func_array(Array, Array)
#59 /var/www/html/epssf/bootstrap/cache/compiled.php(13008): Illuminate\Pipeline\Pipeline->Illuminate\Pipeline\{closure}(Object(Illuminate\Http\Request))
#60 [internal function]: Illuminate\View\Middleware\ShareErrorsFromSession->handle(Object(Illuminate\Http\Request), Object(Closure))
#61 /var/www/html/epssf/bootstrap/cache/compiled.php(9649): call_user_func_array(Array, Array)
#62 /var/www/html/epssf/bootstrap/cache/compiled.php(11600): Illuminate\Pipeline\Pipeline->Illuminate\Pipeline\{closure}(Object(Illuminate\Http\Request))
#63 [internal function]: Illuminate\Session\Middleware\StartSession->handle(Object(Illuminate\Http\Request), Object(Closure))
#64 /var/www/html/epssf/bootstrap/cache/compiled.php(9649): call_user_func_array(Array, Array)
#65 /var/www/html/epssf/bootstrap/cache/compiled.php(12745): Illuminate\Pipeline\Pipeline->Illuminate\Pipeline\{closure}(Object(Illuminate\Http\Request))
#66 [internal function]: Illuminate\Cookie\Middleware\AddQueuedCookiesToResponse->handle(Object(Illuminate\Http\Request), Object(Closure))
#67 /var/www/html/epssf/bootstrap/cache/compiled.php(9649): call_user_func_array(Array, Array)
#68 /var/www/html/epssf/bootstrap/cache/compiled.php(12682): Illuminate\Pipeline\Pipeline->Illuminate\Pipeline\{closure}(Object(Illuminate\Http\Request))
#69 [internal function]: Illuminate\Cookie\Middleware\EncryptCookies->handle(Object(Illuminate\Http\Request), Object(Closure))
#70 /var/www/html/epssf/bootstrap/cache/compiled.php(9649): call_user_func_array(Array, Array)
#71 /var/www/html/epssf/bootstrap/cache/compiled.php(2982): Illuminate\Pipeline\Pipeline->Illuminate\Pipeline\{closure}(Object(Illuminate\Http\Request))
#72 [internal function]: Illuminate\Foundation\Http\Middleware\CheckForMaintenanceMode->handle(Object(Illuminate\Http\Request), Object(Closure))
#73 /var/www/html/epssf/bootstrap/cache/compiled.php(9649): call_user_func_array(Array, Array)
#74 [internal function]: Illuminate\Pipeline\Pipeline->Illuminate\Pipeline\{closure}(Object(Illuminate\Http\Request))
#75 /var/www/html/epssf/bootstrap/cache/compiled.php(9639): call_user_func(Object(Closure), Object(Illuminate\Http\Request))
#76 /var/www/html/epssf/bootstrap/cache/compiled.php(2257): Illuminate\Pipeline\Pipeline->then(Object(Closure))
#77 /var/www/html/epssf/bootstrap/cache/compiled.php(2240): Illuminate\Foundation\Http\Kernel->sendRequestThroughRouter(Object(Illuminate\Http\Request))
#78 /var/www/html/epssf/public/index.php(56): Illuminate\Foundation\Http\Kernel->handle(Object(Illuminate\Http\Request))
#79 {main}  
