[2022-01-09 09:25:03] local.ERROR: Illuminate\Session\TokenMismatchException in /var/www/html/epssf/bootstrap/cache/compiled.php:2927
Stack trace:
#0 [internal function]: Illuminate\Foundation\Http\Middleware\VerifyCsrfToken->handle(Object(Illuminate\Http\Request), Object(Closure))
#1 /var/www/html/epssf/bootstrap/cache/compiled.php(9649): call_user_func_array(Array, Array)
#2 /var/www/html/epssf/bootstrap/cache/compiled.php(13008): Illuminate\Pipeline\Pipeline->Illuminate\Pipeline\{closure}(Object(Illuminate\Http\Request))
#3 [internal function]: Illuminate\View\Middleware\ShareErrorsFromSession->handle(Object(Illuminate\Http\Request), Object(Closure))
#4 /var/www/html/epssf/bootstrap/cache/compiled.php(9649): call_user_func_array(Array, Array)
#5 /var/www/html/epssf/bootstrap/cache/compiled.php(11600): Illuminate\Pipeline\Pipeline->Illuminate\Pipeline\{closure}(Object(Illuminate\Http\Request))
#6 [internal function]: Illuminate\Session\Middleware\StartSession->handle(Object(Illuminate\Http\Request), Object(Closure))
#7 /var/www/html/epssf/bootstrap/cache/compiled.php(9649): call_user_func_array(Array, Array)
#8 /var/www/html/epssf/bootstrap/cache/compiled.php(12745): Illuminate\Pipeline\Pipeline->Illuminate\Pipeline\{closure}(Object(Illuminate\Http\Request))
#9 [internal function]: Illuminate\Cookie\Middleware\AddQueuedCookiesToResponse->handle(Object(Illuminate\Http\Request), Object(Closure))
#10 /var/www/html/epssf/bootstrap/cache/compiled.php(9649): call_user_func_array(Array, Array)
#11 /var/www/html/epssf/bootstrap/cache/compiled.php(12682): Illuminate\Pipeline\Pipeline->Illuminate\Pipeline\{closure}(Object(Illuminate\Http\Request))
#12 [internal function]: Illuminate\Cookie\Middleware\EncryptCookies->handle(Object(Illuminate\Http\Request), Object(Closure))
#13 /var/www/html/epssf/bootstrap/cache/compiled.php(9649): call_user_func_array(Array, Array)
#14 /var/www/html/epssf/bootstrap/cache/compiled.php(2982): Illuminate\Pipeline\Pipeline->Illuminate\Pipeline\{closure}(Object(Illuminate\Http\Request))
#15 [internal function]: Illuminate\Foundation\Http\Middleware\CheckForMaintenanceMode->handle(Object(Illuminate\Http\Request), Object(Closure))
#16 /var/www/html/epssf/bootstrap/cache/compiled.php(9649): call_user_func_array(Array, Array)
#17 [internal function]: Illuminate\Pipeline\Pipeline->Illuminate\Pipeline\{closure}(Object(Illuminate\Http\Request))
#18 /var/www/html/epssf/bootstrap/cache/compiled.php(9639): call_user_func(Object(Closure), Object(Illuminate\Http\Request))
#19 /var/www/html/epssf/bootstrap/cache/compiled.php(2257): Illuminate\Pipeline\Pipeline->then(Object(Closure))
#20 /var/www/html/epssf/bootstrap/cache/compiled.php(2240): Illuminate\Foundation\Http\Kernel->sendRequestThroughRouter(Object(Illuminate\Http\Request))
#21 /var/www/html/epssf/public/index.php(56): Illuminate\Foundation\Http\Kernel->handle(Object(Illuminate\Http\Request))
#22 {main}  
[2022-01-09 09:25:33] local.INFO: admin@admin.com viewed member list  
[2022-01-09 09:25:45] local.ERROR: ErrorException: Trying to get property 'loan_to_repay' of non-object in /var/www/html/epssf/app/Models/User.php:783
Stack trace:
#0 /var/www/html/epssf/app/Models/User.php(783): Illuminate\Foundation\Bootstrap\HandleExceptions->handleError(8, 'Trying to get p...', '/var/www/html/e...', 783, Array)
#1 /var/www/html/epssf/app/Models/User.php(802): Ceb\Models\User->loanMonthlyFees()
#2 /var/www/html/epssf/bootstrap/cache/compiled.php(10995): Ceb\Models\User->getLoanMonthlyFeeAttribute(NULL)
#3 /var/www/html/epssf/bootstrap/cache/compiled.php(10955): Illuminate\Database\Eloquent\Model->mutateAttribute('loan_monthly_fe...', NULL)
#4 /var/www/html/epssf/bootstrap/cache/compiled.php(10947): Illuminate\Database\Eloquent\Model->getAttributeValue('loan_monthly_fe...')
#5 /var/www/html/epssf/bootstrap/cache/compiled.php(11269): Illuminate\Database\Eloquent\Model->getAttribute('loan_monthly_fe...')
#6 /var/www/html/epssf/storage/framework/views/a65a55c1059d1bca693c1e762341970c(25): Illuminate\Database\Eloquent\Model->__get('loan_monthly_fe...')
#7 /var/www/html/epssf/bootstrap/cache/compiled.php(14794): include('/var/www/html/e...')
#8 /var/www/html/epssf/bootstrap/cache/compiled.php(14830): Illuminate\View\Engines\PhpEngine->evaluatePath('/var/www/html/e...', Array)
#9 /var/www/html/epssf/bootstrap/cache/compiled.php(14663): Illuminate\View\Engines\CompilerEngine->get('/var/www/html/e...', Array)
#10 /var/www/html/epssf/bootstrap/cache/compiled.php(14651): Illuminate\View\View->getContents()
#11 /var/www/html/epssf/bootstrap/cache/compiled.php(14635): Illuminate\View\View->renderContents()
#12 /var/www/html/epssf/storage/framework/views/e697f9ccab0a547665dd8b3934bd2903(9): Illuminate\View\View->render()
#13 /var/www/html/epssf/bootstrap/cache/compiled.php(14794): include('/var/www/html/e...')
#14 /var/www/html/epssf/bootstrap/cache/compiled.php(14830): Illuminate\View\Engines\PhpEngine->evaluatePath('/var/www/html/e...', Array)
#15 /var/www/html/epssf/bootstrap/cache/compiled.php(14663): Illuminate\View\Engines\CompilerEngine->get('/var/www/html/e...', Array)
#16 /var/www/html/epssf/bootstrap/cache/compiled.php(14651): Illuminate\View\View->getContents()
#17 /var/www/html/epssf/bootstrap/cache/compiled.php(14635): Illuminate\View\View->renderContents()
#18 /var/www/html/epssf/storage/framework/views/94707879c3dd768d310348d7d37983fa(14): Illuminate\View\View->render()
#19 /var/www/html/epssf/bootstrap/cache/compiled.php(14794): include('/var/www/html/e...')
#20 /var/www/html/epssf/bootstrap/cache/compiled.php(14830): Illuminate\View\Engines\PhpEngine->evaluatePath('/var/www/html/e...', Array)
#21 /var/www/html/epssf/bootstrap/cache/compiled.php(14663): Illuminate\View\Engines\CompilerEngine->get('/var/www/html/e...', Array)
#22 /var/www/html/epssf/bootstrap/cache/compiled.php(14651): Illuminate\View\View->getContents()
#23 /var/www/html/epssf/bootstrap/cache/compiled.php(14635): Illuminate\View\View->renderContents()
#24 /var/www/html/epssf/bootstrap/cache/compiled.php(15795): Illuminate\View\View->render()
#25 /var/www/html/epssf/bootstrap/cache/compiled.php(15312): Illuminate\Http\Response->setContent(Object(Illuminate\View\View))
#26 /var/www/html/epssf/bootstrap/cache/compiled.php(7750): Symfony\Component\HttpFoundation\Response->__construct(Object(Illuminate\View\View))
#27 /var/www/html/epssf/bootstrap/cache/compiled.php(8986): Illuminate\Routing\Router->prepareResponse(Object(Illuminate\Http\Request), Object(Illuminate\View\View))
#28 [internal function]: Illuminate\Routing\ControllerDispatcher->Illuminate\Routing\{closure}(Object(Illuminate\Http\Request))
#29 /var/www/html/epssf/bootstrap/cache/compiled.php(9657): call_user_func(Object(Closure), Object(Illuminate\Http\Request))
#30 /var/www/html/epssf/vendor/rydurham/sentinel/src/Sentinel/Middleware/SentryAuth.php(28): Illuminate\Pipeline\Pipeline->Illuminate\Pipeline\{closure}(Object(Illuminate\Http\Request))
#31 [internal function]: Sentinel\Middleware\SentryAuth->handle(Object(Illuminate\Http\Request), Object(Closure))
#32 /var/www/html/epssf/bootstrap/cache/compiled.php(9649): call_user_func_array(Array, Array)
#33 [internal function]: Illuminate\Pipeline\Pipeline->Illuminate\Pipeline\{closure}(Object(Illuminate\Http\Request))
#34 /var/www/html/epssf/bootstrap/cache/compiled.php(9639): call_user_func(Object(Closure), Object(Illuminate\Http\Request))
#35 /var/www/html/epssf/bootstrap/cache/compiled.php(8987): Illuminate\Pipeline\Pipeline->then(Object(Closure))
#36 /var/www/html/epssf/bootstrap/cache/compiled.php(8972): Illuminate\Routing\ControllerDispatcher->callWithinStack(Object(Ceb\Http\Controllers\MemberController), Object(Illuminate\Routing\Route), Object(Illuminate\Http\Request), 'edit')
#37 /var/www/html/epssf/bootstrap/cache/compiled.php(7917): Illuminate\Routing\ControllerDispatcher->dispatch(Object(Illuminate\Routing\Route), Object(Illuminate\Http\Request), 'Ceb\\Http\\Contro...', 'edit')
#38 /var/www/html/epssf/bootstrap/cache/compiled.php(7888): Illuminate\Routing\Route->runWithCustomDispatcher(Object(Illuminate\Http\Request))
#39 /var/www/html/epssf/bootstrap/cache/compiled.php(7541): Illuminate\Routing\Route->run(Object(Illuminate\Http\Request))
#40 [internal function]: Illuminate\Routing\Router->Illuminate\Routing\{closure}(Object(Illuminate\Http\Request))
#41 /var/www/html/epssf/bootstrap/cache/compiled.php(9657): call_user_func(Object(Closure), Object(Illuminate\Http\Request))
#42 /var/www/html/epssf/vendor/rydurham/sentinel/src/Sentinel/Middleware/SentryAuth.php(28): Illuminate\Pipeline\Pipeline->Illuminate\Pipeline\{closure}(Object(Illuminate\Http\Request))
#43 [internal function]: Sentinel\Middleware\SentryAuth->handle(Object(Illuminate\Http\Request), Object(Closure))
#44 /var/www/html/epssf/bootstrap/cache/compiled.php(9649): call_user_func_array(Array, Array)
#45 [internal function]: Illuminate\Pipeline\Pipeline->Illuminate\Pipeline\{closure}(Object(Illuminate\Http\Request))
#46 /var/www/html/epssf/bootstrap/cache/compiled.php(9639): call_user_func(Object(Closure), Object(Illuminate\Http\Request))
#47 /var/www/html/epssf/bootstrap/cache/compiled.php(7542): Illuminate\Pipeline\Pipeline->then(Object(Closure))
#48 /var/www/html/epssf/bootstrap/cache/compiled.php(7530): Illuminate\Routing\Router->runRouteWithinStack(Object(Illuminate\Routing\Route), Object(Illuminate\Http\Request))
#49 /var/www/html/epssf/bootstrap/cache/compiled.php(7515): Illuminate\Routing\Router->dispatchToRoute(Object(Illuminate\Http\Request))
#50 /var/www/html/epssf/bootstrap/cache/compiled.php(2310): Illuminate\Routing\Router->dispatch(Object(Illuminate\Http\Request))
#51 [internal function]: Illuminate\Foundation\Http\Kernel->Illuminate\Foundation\Http\{closure}(Object(Illuminate\Http\Request))
#52 /var/www/html/epssf/bootstrap/cache/compiled.php(9657): call_user_func(Object(Closure), Object(Illuminate\Http\Request))
#53 /var/www/html/epssf/app/Http/Middleware/LocaleMiddleware.php(20): Illuminate\Pipeline\Pipeline->Illuminate\Pipeline\{closure}(Object(Illuminate\Http\Request))
#54 [internal function]: Ceb\Http\Middleware\LocaleMiddleware->handle(Object(Illuminate\Http\Request), Object(Closure))
#55 /var/www/html/epssf/bootstrap/cache/compiled.php(9649): call_user_func_array(Array, Array)
#56 /var/www/html/epssf/bootstrap/cache/compiled.php(2925): Illuminate\Pipeline\Pipeline->Illuminate\Pipeline\{closure}(Object(Illuminate\Http\Request))
#57 [internal function]: Illuminate\Foundation\Http\Middleware\VerifyCsrfToken->handle(Object(Illuminate\Http\Request), Object(Closure))
#58 /var/www/html/epssf/bootstrap/cache/compiled.php(9649): call_user_func_array(Array, Array)
#59 /var/www/html/epssf/bootstrap/cache/compiled.php(13008): Illuminate\Pipeline\Pipeline->Illuminate\Pipeline\{closure}(Object(Illuminate\Http\Request))
#60 [internal function]: Illuminate\View\Middleware\ShareErrorsFromSession->handle(Object(Illuminate\Http\Request), Object(Closure))
#61 /var/www/html/epssf/bootstrap/cache/compiled.php(9649): call_user_func_array(Array, Array)
#62 /var/www/html/epssf/bootstrap/cache/compiled.php(11600): Illuminate\Pipeline\Pipeline->Illuminate\Pipeline\{closure}(Object(Illuminate\Http\Request))
#63 [internal function]: Illuminate\Session\Middleware\StartSession->handle(Object(Illuminate\Http\Request), Object(Closure))
#64 /var/www/html/epssf/bootstrap/cache/compiled.php(9649): call_user_func_array(Array, Array)
#65 /var/www/html/epssf/bootstrap/cache/compiled.php(12745): Illuminate\Pipeline\Pipeline->Illuminate\Pipeline\{closure}(Object(Illuminate\Http\Request))
#66 [internal function]: Illuminate\Cookie\Middleware\AddQueuedCookiesToResponse->handle(Object(Illuminate\Http\Request), Object(Closure))
#67 /var/www/html/epssf/bootstrap/cache/compiled.php(9649): call_user_func_array(Array, Array)
#68 /var/www/html/epssf/bootstrap/cache/compiled.php(12682): Illuminate\Pipeline\Pipeline->Illuminate\Pipeline\{closure}(Object(Illuminate\Http\Request))
#69 [internal function]: Illuminate\Cookie\Middleware\EncryptCookies->handle(Object(Illuminate\Http\Request), Object(Closure))
#70 /var/www/html/epssf/bootstrap/cache/compiled.php(9649): call_user_func_array(Array, Array)
#71 /var/www/html/epssf/bootstrap/cache/compiled.php(2982): Illuminate\Pipeline\Pipeline->Illuminate\Pipeline\{closure}(Object(Illuminate\Http\Request))
#72 [internal function]: Illuminate\Foundation\Http\Middleware\CheckForMaintenanceMode->handle(Object(Illuminate\Http\Request), Object(Closure))
#73 /var/www/html/epssf/bootstrap/cache/compiled.php(9649): call_user_func_array(Array, Array)
#74 [internal function]: Illuminate\Pipeline\Pipeline->Illuminate\Pipeline\{closure}(Object(Illuminate\Http\Request))
#75 /var/www/html/epssf/bootstrap/cache/compiled.php(9639): call_user_func(Object(Closure), Object(Illuminate\Http\Request))
#76 /var/www/html/epssf/bootstrap/cache/compiled.php(2257): Illuminate\Pipeline\Pipeline->then(Object(Closure))
#77 /var/www/html/epssf/bootstrap/cache/compiled.php(2240): Illuminate\Foundation\Http\Kernel->sendRequestThroughRouter(Object(Illuminate\Http\Request))
#78 /var/www/html/epssf/public/index.php(56): Illuminate\Foundation\Http\Kernel->handle(Object(Illuminate\Http\Request))
#79 {main}  
[2022-01-09 09:25:45] local.ERROR: ErrorException: Trying to get property 'loan_to_repay' of non-object in /var/www/html/epssf/app/Models/User.php:783
Stack trace:
#0 /var/www/html/epssf/app/Models/User.php(783): Illuminate\Foundation\Bootstrap\HandleExceptions->handleError(8, 'Trying to get p...', '/var/www/html/e...', 783, Array)
#1 /var/www/html/epssf/app/Models/User.php(446): Ceb\Models\User->loanMonthlyFees()
#2 /var/www/html/epssf/app/Models/User.php(524): Ceb\Models\User->remainingInstallment()
#3 /var/www/html/epssf/bootstrap/cache/compiled.php(10995): Ceb\Models\User->getRemainingTranchesAttribute(NULL)
#4 /var/www/html/epssf/bootstrap/cache/compiled.php(10955): Illuminate\Database\Eloquent\Model->mutateAttribute('remaining_tranc...', NULL)
#5 /var/www/html/epssf/bootstrap/cache/compiled.php(10947): Illuminate\Database\Eloquent\Model->getAttributeValue('remaining_tranc...')
#6 /var/www/html/epssf/bootstrap/cache/compiled.php(11269): Illuminate\Database\Eloquent\Model->getAttribute('remaining_tranc...')
#7 /var/www/html/epssf/storage/framework/views/a65a55c1059d1bca693c1e762341970c(34): Illuminate\Database\Eloquent\Model->__get('remaining_tranc...')
#8 /var/www/html/epssf/bootstrap/cache/compiled.php(14794): include('/var/www/html/e...')
#9 /var/www/html/epssf/bootstrap/cache/compiled.php(14830): Illuminate\View\Engines\PhpEngine->evaluatePath('/var/www/html/e...', Array)
#10 /var/www/html/epssf/bootstrap/cache/compiled.php(14663): Illuminate\View\Engines\CompilerEngine->get('/var/www/html/e...', Array)
#11 /var/www/html/epssf/bootstrap/cache/compiled.php(14651): Illuminate\View\View->getContents()
#12 /var/www/html/epssf/bootstrap/cache/compiled.php(14635): Illuminate\View\View->renderContents()
#13 /var/www/html/epssf/storage/framework/views/e697f9ccab0a547665dd8b3934bd2903(9): Illuminate\View\View->render()
#14 /var/www/html/epssf/bootstrap/cache/compiled.php(14794): include('/var/www/html/e...')
#15 /var/www/html/epssf/bootstrap/cache/compiled.php(14830): Illuminate\View\Engines\PhpEngine->evaluatePath('/var/www/html/e...', Array)
#16 /var/www/html/epssf/bootstrap/cache/compiled.php(14663): Illuminate\View\Engines\CompilerEngine->get('/var/www/html/e...', Array)
#17 /var/www/html/epssf/bootstrap/cache/compiled.php(14651): Illuminate\View\View->getContents()
#18 /var/www/html/epssf/bootstrap/cache/compiled.php(14635): Illuminate\View\View->renderContents()
#19 /var/www/html/epssf/storage/framework/views/94707879c3dd768d310348d7d37983fa(14): Illuminate\View\View->render()
#20 /var/www/html/epssf/bootstrap/cache/compiled.php(14794): include('/var/www/html/e...')
#21 /var/www/html/epssf/bootstrap/cache/compiled.php(14830): Illuminate\View\Engines\PhpEngine->evaluatePath('/var/www/html/e...', Array)
#22 /var/www/html/epssf/bootstrap/cache/compiled.php(14663): Illuminate\View\Engines\CompilerEngine->get('/var/www/html/e...', Array)
#23 /var/www/html/epssf/bootstrap/cache/compiled.php(14651): Illuminate\View\View->getContents()
#24 /var/www/html/epssf/bootstrap/cache/compiled.php(14635): Illuminate\View\View->renderContents()
#25 /var/www/html/epssf/bootstrap/cache/compiled.php(15795): Illuminate\View\View->render()
#26 /var/www/html/epssf/bootstrap/cache/compiled.php(15312): Illuminate\Http\Response->setContent(Object(Illuminate\View\View))
#27 /var/www/html/epssf/bootstrap/cache/compiled.php(7750): Symfony\Component\HttpFoundation\Response->__construct(Object(Illuminate\View\View))
#28 /var/www/html/epssf/bootstrap/cache/compiled.php(8986): Illuminate\Routing\Router->prepareResponse(Object(Illuminate\Http\Request), Object(Illuminate\View\View))
#29 [internal function]: Illuminate\Routing\ControllerDispatcher->Illuminate\Routing\{closure}(Object(Illuminate\Http\Request))
#30 /var/www/html/epssf/bootstrap/cache/compiled.php(9657): call_user_func(Object(Closure), Object(Illuminate\Http\Request))
#31 /var/www/html/epssf/vendor/rydurham/sentinel/src/Sentinel/Middleware/SentryAuth.php(28): Illuminate\Pipeline\Pipeline->Illuminate\Pipeline\{closure}(Object(Illuminate\Http\Request))
#32 [internal function]: Sentinel\Middleware\SentryAuth->handle(Object(Illuminate\Http\Request), Object(Closure))
#33 /var/www/html/epssf/bootstrap/cache/compiled.php(9649): call_user_func_array(Array, Array)
#34 [internal function]: Illuminate\Pipeline\Pipeline->Illuminate\Pipeline\{closure}(Object(Illuminate\Http\Request))
#35 /var/www/html/epssf/bootstrap/cache/compiled.php(9639): call_user_func(Object(Closure), Object(Illuminate\Http\Request))
#36 /var/www/html/epssf/bootstrap/cache/compiled.php(8987): Illuminate\Pipeline\Pipeline->then(Object(Closure))
#37 /var/www/html/epssf/bootstrap/cache/compiled.php(8972): Illuminate\Routing\ControllerDispatcher->callWithinStack(Object(Ceb\Http\Controllers\MemberController), Object(Illuminate\Routing\Route), Object(Illuminate\Http\Request), 'edit')
#38 /var/www/html/epssf/bootstrap/cache/compiled.php(7917): Illuminate\Routing\ControllerDispatcher->dispatch(Object(Illuminate\Routing\Route), Object(Illuminate\Http\Request), 'Ceb\\Http\\Contro...', 'edit')
#39 /var/www/html/epssf/bootstrap/cache/compiled.php(7888): Illuminate\Routing\Route->runWithCustomDispatcher(Object(Illuminate\Http\Request))
#40 /var/www/html/epssf/bootstrap/cache/compiled.php(7541): Illuminate\Routing\Route->run(Object(Illuminate\Http\Request))
#41 [internal function]: Illuminate\Routing\Router->Illuminate\Routing\{closure}(Object(Illuminate\Http\Request))
#42 /var/www/html/epssf/bootstrap/cache/compiled.php(9657): call_user_func(Object(Closure), Object(Illuminate\Http\Request))
#43 /var/www/html/epssf/vendor/rydurham/sentinel/src/Sentinel/Middleware/SentryAuth.php(28): Illuminate\Pipeline\Pipeline->Illuminate\Pipeline\{closure}(Object(Illuminate\Http\Request))
#44 [internal function]: Sentinel\Middleware\SentryAuth->handle(Object(Illuminate\Http\Request), Object(Closure))
#45 /var/www/html/epssf/bootstrap/cache/compiled.php(9649): call_user_func_array(Array, Array)
#46 [internal function]: Illuminate\Pipeline\Pipeline->Illuminate\Pipeline\{closure}(Object(Illuminate\Http\Request))
#47 /var/www/html/epssf/bootstrap/cache/compiled.php(9639): call_user_func(Object(Closure), Object(Illuminate\Http\Request))
#48 /var/www/html/epssf/bootstrap/cache/compiled.php(7542): Illuminate\Pipeline\Pipeline->then(Object(Closure))
#49 /var/www/html/epssf/bootstrap/cache/compiled.php(7530): Illuminate\Routing\Router->runRouteWithinStack(Object(Illuminate\Routing\Route), Object(Illuminate\Http\Request))
#50 /var/www/html/epssf/bootstrap/cache/compiled.php(7515): Illuminate\Routing\Router->dispatchToRoute(Object(Illuminate\Http\Request))
#51 /var/www/html/epssf/bootstrap/cache/compiled.php(2310): Illuminate\Routing\Router->dispatch(Object(Illuminate\Http\Request))
#52 [internal function]: Illuminate\Foundation\Http\Kernel->Illuminate\Foundation\Http\{closure}(Object(Illuminate\Http\Request))
#53 /var/www/html/epssf/bootstrap/cache/compiled.php(9657): call_user_func(Object(Closure), Object(Illuminate\Http\Request))
#54 /var/www/html/epssf/app/Http/Middleware/LocaleMiddleware.php(20): Illuminate\Pipeline\Pipeline->Illuminate\Pipeline\{closure}(Object(Illuminate\Http\Request))
#55 [internal function]: Ceb\Http\Middleware\LocaleMiddleware->handle(Object(Illuminate\Http\Request), Object(Closure))
#56 /var/www/html/epssf/bootstrap/cache/compiled.php(9649): call_user_func_array(Array, Array)
#57 /var/www/html/epssf/bootstrap/cache/compiled.php(2925): Illuminate\Pipeline\Pipeline->Illuminate\Pipeline\{closure}(Object(Illuminate\Http\Request))
#58 [internal function]: Illuminate\Foundation\Http\Middleware\VerifyCsrfToken->handle(Object(Illuminate\Http\Request), Object(Closure))
#59 /var/www/html/epssf/bootstrap/cache/compiled.php(9649): call_user_func_array(Array, Array)
#60 /var/www/html/epssf/bootstrap/cache/compiled.php(13008): Illuminate\Pipeline\Pipeline->Illuminate\Pipeline\{closure}(Object(Illuminate\Http\Request))
#61 [internal function]: Illuminate\View\Middleware\ShareErrorsFromSession->handle(Object(Illuminate\Http\Request), Object(Closure))
#62 /var/www/html/epssf/bootstrap/cache/compiled.php(9649): call_user_func_array(Array, Array)
#63 /var/www/html/epssf/bootstrap/cache/compiled.php(11600): Illuminate\Pipeline\Pipeline->Illuminate\Pipeline\{closure}(Object(Illuminate\Http\Request))
#64 [internal function]: Illuminate\Session\Middleware\StartSession->handle(Object(Illuminate\Http\Request), Object(Closure))
#65 /var/www/html/epssf/bootstrap/cache/compiled.php(9649): call_user_func_array(Array, Array)
#66 /var/www/html/epssf/bootstrap/cache/compiled.php(12745): Illuminate\Pipeline\Pipeline->Illuminate\Pipeline\{closure}(Object(Illuminate\Http\Request))
#67 [internal function]: Illuminate\Cookie\Middleware\AddQueuedCookiesToResponse->handle(Object(Illuminate\Http\Request), Object(Closure))
#68 /var/www/html/epssf/bootstrap/cache/compiled.php(9649): call_user_func_array(Array, Array)
#69 /var/www/html/epssf/bootstrap/cache/compiled.php(12682): Illuminate\Pipeline\Pipeline->Illuminate\Pipeline\{closure}(Object(Illuminate\Http\Request))
#70 [internal function]: Illuminate\Cookie\Middleware\EncryptCookies->handle(Object(Illuminate\Http\Request), Object(Closure))
#71 /var/www/html/epssf/bootstrap/cache/compiled.php(9649): call_user_func_array(Array, Array)
#72 /var/www/html/epssf/bootstrap/cache/compiled.php(2982): Illuminate\Pipeline\Pipeline->Illuminate\Pipeline\{closure}(Object(Illuminate\Http\Request))
#73 [internal function]: Illuminate\Foundation\Http\Middleware\CheckForMaintenanceMode->handle(Object(Illuminate\Http\Request), Object(Closure))
#74 /var/www/html/epssf/bootstrap/cache/compiled.php(9649): call_user_func_array(Array, Array)
#75 [internal function]: Illuminate\Pipeline\Pipeline->Illuminate\Pipeline\{closure}(Object(Illuminate\Http\Request))
#76 /var/www/html/epssf/bootstrap/cache/compiled.php(9639): call_user_func(Object(Closure), Object(Illuminate\Http\Request))
#77 /var/www/html/epssf/bootstrap/cache/compiled.php(2257): Illuminate\Pipeline\Pipeline->then(Object(Closure))
#78 /var/www/html/epssf/bootstrap/cache/compiled.php(2240): Illuminate\Foundation\Http\Kernel->sendRequestThroughRouter(Object(Illuminate\Http\Request))
#79 /var/www/html/epssf/public/index.php(56): Illuminate\Foundation\Http\Kernel->handle(Object(Illuminate\Http\Request))
#80 {main}  
[2022-01-09 09:25:51] local.INFO: admin@admin.com is viewing loans records report  
[2022-01-09 09:26:01] local.INFO: admin@admin.com viewed member list  
[2022-01-09 09:26:08] local.INFO: admin@admin.com is viewing loans records report  
[2022-01-09 14:46:18] local.INFO: admin@admin.com viewed member list  
[2022-01-09 14:46:34] local.INFO: admin@admin.com is viewing loan index  
[2022-01-09 14:46:53] local.INFO: admin@admin.com is adding member to loan form  
[2022-01-09 14:46:53] local.ERROR: ErrorException: Trying to get property 'loan_to_repay' of non-object in /var/www/html/epssf/app/Models/User.php:783
Stack trace:
#0 /var/www/html/epssf/app/Models/User.php(783): Illuminate\Foundation\Bootstrap\HandleExceptions->handleError(8, 'Trying to get p...', '/var/www/html/e...', 783, Array)
#1 /var/www/html/epssf/app/Models/User.php(446): Ceb\Models\User->loanMonthlyFees()
#2 /var/www/html/epssf/app/Models/User.php(524): Ceb\Models\User->remainingInstallment()
#3 /var/www/html/epssf/bootstrap/cache/compiled.php(10995): Ceb\Models\User->getRemainingTranchesAttribute(NULL)
#4 /var/www/html/epssf/bootstrap/cache/compiled.php(10955): Illuminate\Database\Eloquent\Model->mutateAttribute('remaining_tranc...', NULL)
#5 /var/www/html/epssf/bootstrap/cache/compiled.php(10947): Illuminate\Database\Eloquent\Model->getAttributeValue('remaining_tranc...')
#6 /var/www/html/epssf/bootstrap/cache/compiled.php(11269): Illuminate\Database\Eloquent\Model->getAttribute('remaining_tranc...')
#7 /var/www/html/epssf/storage/framework/views/78d3256ff7a345807c482e4d3494f79e(16): Illuminate\Database\Eloquent\Model->__get('remaining_tranc...')
#8 /var/www/html/epssf/bootstrap/cache/compiled.php(14794): include('/var/www/html/e...')
#9 /var/www/html/epssf/bootstrap/cache/compiled.php(14830): Illuminate\View\Engines\PhpEngine->evaluatePath('/var/www/html/e...', Array)
#10 /var/www/html/epssf/bootstrap/cache/compiled.php(14663): Illuminate\View\Engines\CompilerEngine->get('/var/www/html/e...', Array)
#11 /var/www/html/epssf/bootstrap/cache/compiled.php(14651): Illuminate\View\View->getContents()
#12 /var/www/html/epssf/bootstrap/cache/compiled.php(14635): Illuminate\View\View->renderContents()
#13 /var/www/html/epssf/storage/framework/views/c1f5752c2820731610e2b0694a21a786(33): Illuminate\View\View->render()
#14 /var/www/html/epssf/bootstrap/cache/compiled.php(14794): include('/var/www/html/e...')
#15 /var/www/html/epssf/bootstrap/cache/compiled.php(14830): Illuminate\View\Engines\PhpEngine->evaluatePath('/var/www/html/e...', Array)
#16 /var/www/html/epssf/bootstrap/cache/compiled.php(14663): Illuminate\View\Engines\CompilerEngine->get('/var/www/html/e...', Array)
#17 /var/www/html/epssf/bootstrap/cache/compiled.php(14651): Illuminate\View\View->getContents()
#18 /var/www/html/epssf/bootstrap/cache/compiled.php(14635): Illuminate\View\View->renderContents()
#19 /var/www/html/epssf/bootstrap/cache/compiled.php(15795): Illuminate\View\View->render()
#20 /var/www/html/epssf/bootstrap/cache/compiled.php(15312): Illuminate\Http\Response->setContent(Object(Illuminate\View\View))
#21 /var/www/html/epssf/bootstrap/cache/compiled.php(7750): Symfony\Component\HttpFoundation\Response->__construct(Object(Illuminate\View\View))
#22 /var/www/html/epssf/bootstrap/cache/compiled.php(8986): Illuminate\Routing\Router->prepareResponse(Object(Illuminate\Http\Request), Object(Illuminate\View\View))
#23 [internal function]: Illuminate\Routing\ControllerDispatcher->Illuminate\Routing\{closure}(Object(Illuminate\Http\Request))
#24 /var/www/html/epssf/bootstrap/cache/compiled.php(9657): call_user_func(Object(Closure), Object(Illuminate\Http\Request))
#25 /var/www/html/epssf/vendor/rydurham/sentinel/src/Sentinel/Middleware/SentryAuth.php(28): Illuminate\Pipeline\Pipeline->Illuminate\Pipeline\{closure}(Object(Illuminate\Http\Request))
#26 [internal function]: Sentinel\Middleware\SentryAuth->handle(Object(Illuminate\Http\Request), Object(Closure))
#27 /var/www/html/epssf/bootstrap/cache/compiled.php(9649): call_user_func_array(Array, Array)
#28 [internal function]: Illuminate\Pipeline\Pipeline->Illuminate\Pipeline\{closure}(Object(Illuminate\Http\Request))
#29 /var/www/html/epssf/bootstrap/cache/compiled.php(9639): call_user_func(Object(Closure), Object(Illuminate\Http\Request))
#30 /var/www/html/epssf/bootstrap/cache/compiled.php(8987): Illuminate\Pipeline\Pipeline->then(Object(Closure))
#31 /var/www/html/epssf/bootstrap/cache/compiled.php(8972): Illuminate\Routing\ControllerDispatcher->callWithinStack(Object(Ceb\Http\Controllers\LoanController), Object(Illuminate\Routing\Route), Object(Illuminate\Http\Request), 'selectMember')
#32 /var/www/html/epssf/bootstrap/cache/compiled.php(7917): Illuminate\Routing\ControllerDispatcher->dispatch(Object(Illuminate\Routing\Route), Object(Illuminate\Http\Request), 'Ceb\\Http\\Contro...', 'selectMember')
#33 /var/www/html/epssf/bootstrap/cache/compiled.php(7888): Illuminate\Routing\Route->runWithCustomDispatcher(Object(Illuminate\Http\Request))
#34 /var/www/html/epssf/bootstrap/cache/compiled.php(7541): Illuminate\Routing\Route->run(Object(Illuminate\Http\Request))
#35 [internal function]: Illuminate\Routing\Router->Illuminate\Routing\{closure}(Object(Illuminate\Http\Request))
#36 /var/www/html/epssf/bootstrap/cache/compiled.php(9657): call_user_func(Object(Closure), Object(Illuminate\Http\Request))
#37 /var/www/html/epssf/vendor/rydurham/sentinel/src/Sentinel/Middleware/SentryAuth.php(28): Illuminate\Pipeline\Pipeline->Illuminate\Pipeline\{closure}(Object(Illuminate\Http\Request))
#38 [internal function]: Sentinel\Middleware\SentryAuth->handle(Object(Illuminate\Http\Request), Object(Closure))
#39 /var/www/html/epssf/bootstrap/cache/compiled.php(9649): call_user_func_array(Array, Array)
#40 [internal function]: Illuminate\Pipeline\Pipeline->Illuminate\Pipeline\{closure}(Object(Illuminate\Http\Request))
#41 /var/www/html/epssf/bootstrap/cache/compiled.php(9639): call_user_func(Object(Closure), Object(Illuminate\Http\Request))
#42 /var/www/html/epssf/bootstrap/cache/compiled.php(7542): Illuminate\Pipeline\Pipeline->then(Object(Closure))
#43 /var/www/html/epssf/bootstrap/cache/compiled.php(7530): Illuminate\Routing\Router->runRouteWithinStack(Object(Illuminate\Routing\Route), Object(Illuminate\Http\Request))
#44 /var/www/html/epssf/bootstrap/cache/compiled.php(7515): Illuminate\Routing\Router->dispatchToRoute(Object(Illuminate\Http\Request))
#45 /var/www/html/epssf/bootstrap/cache/compiled.php(2310): Illuminate\Routing\Router->dispatch(Object(Illuminate\Http\Request))
#46 [internal function]: Illuminate\Foundation\Http\Kernel->Illuminate\Foundation\Http\{closure}(Object(Illuminate\Http\Request))
#47 /var/www/html/epssf/bootstrap/cache/compiled.php(9657): call_user_func(Object(Closure), Object(Illuminate\Http\Request))
#48 /var/www/html/epssf/app/Http/Middleware/LocaleMiddleware.php(20): Illuminate\Pipeline\Pipeline->Illuminate\Pipeline\{closure}(Object(Illuminate\Http\Request))
#49 [internal function]: Ceb\Http\Middleware\LocaleMiddleware->handle(Object(Illuminate\Http\Request), Object(Closure))
#50 /var/www/html/epssf/bootstrap/cache/compiled.php(9649): call_user_func_array(Array, Array)
#51 /var/www/html/epssf/bootstrap/cache/compiled.php(2925): Illuminate\Pipeline\Pipeline->Illuminate\Pipeline\{closure}(Object(Illuminate\Http\Request))
#52 [internal function]: Illuminate\Foundation\Http\Middleware\VerifyCsrfToken->handle(Object(Illuminate\Http\Request), Object(Closure))
#53 /var/www/html/epssf/bootstrap/cache/compiled.php(9649): call_user_func_array(Array, Array)
#54 /var/www/html/epssf/bootstrap/cache/compiled.php(13008): Illuminate\Pipeline\Pipeline->Illuminate\Pipeline\{closure}(Object(Illuminate\Http\Request))
#55 [internal function]: Illuminate\View\Middleware\ShareErrorsFromSession->handle(Object(Illuminate\Http\Request), Object(Closure))
#56 /var/www/html/epssf/bootstrap/cache/compiled.php(9649): call_user_func_array(Array, Array)
#57 /var/www/html/epssf/bootstrap/cache/compiled.php(11600): Illuminate\Pipeline\Pipeline->Illuminate\Pipeline\{closure}(Object(Illuminate\Http\Request))
#58 [internal function]: Illuminate\Session\Middleware\StartSession->handle(Object(Illuminate\Http\Request), Object(Closure))
#59 /var/www/html/epssf/bootstrap/cache/compiled.php(9649): call_user_func_array(Array, Array)
#60 /var/www/html/epssf/bootstrap/cache/compiled.php(12745): Illuminate\Pipeline\Pipeline->Illuminate\Pipeline\{closure}(Object(Illuminate\Http\Request))
#61 [internal function]: Illuminate\Cookie\Middleware\AddQueuedCookiesToResponse->handle(Object(Illuminate\Http\Request), Object(Closure))
#62 /var/www/html/epssf/bootstrap/cache/compiled.php(9649): call_user_func_array(Array, Array)
#63 /var/www/html/epssf/bootstrap/cache/compiled.php(12682): Illuminate\Pipeline\Pipeline->Illuminate\Pipeline\{closure}(Object(Illuminate\Http\Request))
#64 [internal function]: Illuminate\Cookie\Middleware\EncryptCookies->handle(Object(Illuminate\Http\Request), Object(Closure))
#65 /var/www/html/epssf/bootstrap/cache/compiled.php(9649): call_user_func_array(Array, Array)
#66 /var/www/html/epssf/bootstrap/cache/compiled.php(2982): Illuminate\Pipeline\Pipeline->Illuminate\Pipeline\{closure}(Object(Illuminate\Http\Request))
#67 [internal function]: Illuminate\Foundation\Http\Middleware\CheckForMaintenanceMode->handle(Object(Illuminate\Http\Request), Object(Closure))
#68 /var/www/html/epssf/bootstrap/cache/compiled.php(9649): call_user_func_array(Array, Array)
#69 [internal function]: Illuminate\Pipeline\Pipeline->Illuminate\Pipeline\{closure}(Object(Illuminate\Http\Request))
#70 /var/www/html/epssf/bootstrap/cache/compiled.php(9639): call_user_func(Object(Closure), Object(Illuminate\Http\Request))
#71 /var/www/html/epssf/bootstrap/cache/compiled.php(2257): Illuminate\Pipeline\Pipeline->then(Object(Closure))
#72 /var/www/html/epssf/bootstrap/cache/compiled.php(2240): Illuminate\Foundation\Http\Kernel->sendRequestThroughRouter(Object(Illuminate\Http\Request))
#73 /var/www/html/epssf/public/index.php(56): Illuminate\Foundation\Http\Kernel->handle(Object(Illuminate\Http\Request))
#74 {main}  
[2022-01-09 14:46:53] local.ERROR: ErrorException: Trying to get property 'loan_to_repay' of non-object in /var/www/html/epssf/app/Models/User.php:783
Stack trace:
#0 /var/www/html/epssf/app/Models/User.php(783): Illuminate\Foundation\Bootstrap\HandleExceptions->handleError(8, 'Trying to get p...', '/var/www/html/e...', 783, Array)
#1 /var/www/html/epssf/app/Models/User.php(446): Ceb\Models\User->loanMonthlyFees()
#2 /var/www/html/epssf/app/Models/User.php(524): Ceb\Models\User->remainingInstallment()
#3 /var/www/html/epssf/bootstrap/cache/compiled.php(10995): Ceb\Models\User->getRemainingTranchesAttribute(NULL)
#4 /var/www/html/epssf/bootstrap/cache/compiled.php(10955): Illuminate\Database\Eloquent\Model->mutateAttribute('remaining_tranc...', NULL)
#5 /var/www/html/epssf/bootstrap/cache/compiled.php(10947): Illuminate\Database\Eloquent\Model->getAttributeValue('remaining_tranc...')
#6 /var/www/html/epssf/bootstrap/cache/compiled.php(11269): Illuminate\Database\Eloquent\Model->getAttribute('remaining_tranc...')
#7 /var/www/html/epssf/storage/framework/views/d189c98f241037383ad37cfbc1bb90e1(38): Illuminate\Database\Eloquent\Model->__get('remaining_tranc...')
#8 /var/www/html/epssf/bootstrap/cache/compiled.php(14794): include('/var/www/html/e...')
#9 /var/www/html/epssf/bootstrap/cache/compiled.php(14830): Illuminate\View\Engines\PhpEngine->evaluatePath('/var/www/html/e...', Array)
#10 /var/www/html/epssf/bootstrap/cache/compiled.php(14663): Illuminate\View\Engines\CompilerEngine->get('/var/www/html/e...', Array)
#11 /var/www/html/epssf/bootstrap/cache/compiled.php(14651): Illuminate\View\View->getContents()
#12 /var/www/html/epssf/bootstrap/cache/compiled.php(14635): Illuminate\View\View->renderContents()
#13 /var/www/html/epssf/storage/framework/views/c1f5752c2820731610e2b0694a21a786(37): Illuminate\View\View->render()
#14 /var/www/html/epssf/bootstrap/cache/compiled.php(14794): include('/var/www/html/e...')
#15 /var/www/html/epssf/bootstrap/cache/compiled.php(14830): Illuminate\View\Engines\PhpEngine->evaluatePath('/var/www/html/e...', Array)
#16 /var/www/html/epssf/bootstrap/cache/compiled.php(14663): Illuminate\View\Engines\CompilerEngine->get('/var/www/html/e...', Array)
#17 /var/www/html/epssf/bootstrap/cache/compiled.php(14651): Illuminate\View\View->getContents()
#18 /var/www/html/epssf/bootstrap/cache/compiled.php(14635): Illuminate\View\View->renderContents()
#19 /var/www/html/epssf/bootstrap/cache/compiled.php(15795): Illuminate\View\View->render()
#20 /var/www/html/epssf/bootstrap/cache/compiled.php(15312): Illuminate\Http\Response->setContent(Object(Illuminate\View\View))
#21 /var/www/html/epssf/bootstrap/cache/compiled.php(7750): Symfony\Component\HttpFoundation\Response->__construct(Object(Illuminate\View\View))
#22 /var/www/html/epssf/bootstrap/cache/compiled.php(8986): Illuminate\Routing\Router->prepareResponse(Object(Illuminate\Http\Request), Object(Illuminate\View\View))
#23 [internal function]: Illuminate\Routing\ControllerDispatcher->Illuminate\Routing\{closure}(Object(Illuminate\Http\Request))
#24 /var/www/html/epssf/bootstrap/cache/compiled.php(9657): call_user_func(Object(Closure), Object(Illuminate\Http\Request))
#25 /var/www/html/epssf/vendor/rydurham/sentinel/src/Sentinel/Middleware/SentryAuth.php(28): Illuminate\Pipeline\Pipeline->Illuminate\Pipeline\{closure}(Object(Illuminate\Http\Request))
#26 [internal function]: Sentinel\Middleware\SentryAuth->handle(Object(Illuminate\Http\Request), Object(Closure))
#27 /var/www/html/epssf/bootstrap/cache/compiled.php(9649): call_user_func_array(Array, Array)
#28 [internal function]: Illuminate\Pipeline\Pipeline->Illuminate\Pipeline\{closure}(Object(Illuminate\Http\Request))
#29 /var/www/html/epssf/bootstrap/cache/compiled.php(9639): call_user_func(Object(Closure), Object(Illuminate\Http\Request))
#30 /var/www/html/epssf/bootstrap/cache/compiled.php(8987): Illuminate\Pipeline\Pipeline->then(Object(Closure))
#31 /var/www/html/epssf/bootstrap/cache/compiled.php(8972): Illuminate\Routing\ControllerDispatcher->callWithinStack(Object(Ceb\Http\Controllers\LoanController), Object(Illuminate\Routing\Route), Object(Illuminate\Http\Request), 'selectMember')
#32 /var/www/html/epssf/bootstrap/cache/compiled.php(7917): Illuminate\Routing\ControllerDispatcher->dispatch(Object(Illuminate\Routing\Route), Object(Illuminate\Http\Request), 'Ceb\\Http\\Contro...', 'selectMember')
#33 /var/www/html/epssf/bootstrap/cache/compiled.php(7888): Illuminate\Routing\Route->runWithCustomDispatcher(Object(Illuminate\Http\Request))
#34 /var/www/html/epssf/bootstrap/cache/compiled.php(7541): Illuminate\Routing\Route->run(Object(Illuminate\Http\Request))
#35 [internal function]: Illuminate\Routing\Router->Illuminate\Routing\{closure}(Object(Illuminate\Http\Request))
#36 /var/www/html/epssf/bootstrap/cache/compiled.php(9657): call_user_func(Object(Closure), Object(Illuminate\Http\Request))
#37 /var/www/html/epssf/vendor/rydurham/sentinel/src/Sentinel/Middleware/SentryAuth.php(28): Illuminate\Pipeline\Pipeline->Illuminate\Pipeline\{closure}(Object(Illuminate\Http\Request))
#38 [internal function]: Sentinel\Middleware\SentryAuth->handle(Object(Illuminate\Http\Request), Object(Closure))
#39 /var/www/html/epssf/bootstrap/cache/compiled.php(9649): call_user_func_array(Array, Array)
#40 [internal function]: Illuminate\Pipeline\Pipeline->Illuminate\Pipeline\{closure}(Object(Illuminate\Http\Request))
#41 /var/www/html/epssf/bootstrap/cache/compiled.php(9639): call_user_func(Object(Closure), Object(Illuminate\Http\Request))
#42 /var/www/html/epssf/bootstrap/cache/compiled.php(7542): Illuminate\Pipeline\Pipeline->then(Object(Closure))
#43 /var/www/html/epssf/bootstrap/cache/compiled.php(7530): Illuminate\Routing\Router->runRouteWithinStack(Object(Illuminate\Routing\Route), Object(Illuminate\Http\Request))
#44 /var/www/html/epssf/bootstrap/cache/compiled.php(7515): Illuminate\Routing\Router->dispatchToRoute(Object(Illuminate\Http\Request))
#45 /var/www/html/epssf/bootstrap/cache/compiled.php(2310): Illuminate\Routing\Router->dispatch(Object(Illuminate\Http\Request))
#46 [internal function]: Illuminate\Foundation\Http\Kernel->Illuminate\Foundation\Http\{closure}(Object(Illuminate\Http\Request))
#47 /var/www/html/epssf/bootstrap/cache/compiled.php(9657): call_user_func(Object(Closure), Object(Illuminate\Http\Request))
#48 /var/www/html/epssf/app/Http/Middleware/LocaleMiddleware.php(20): Illuminate\Pipeline\Pipeline->Illuminate\Pipeline\{closure}(Object(Illuminate\Http\Request))
#49 [internal function]: Ceb\Http\Middleware\LocaleMiddleware->handle(Object(Illuminate\Http\Request), Object(Closure))
#50 /var/www/html/epssf/bootstrap/cache/compiled.php(9649): call_user_func_array(Array, Array)
#51 /var/www/html/epssf/bootstrap/cache/compiled.php(2925): Illuminate\Pipeline\Pipeline->Illuminate\Pipeline\{closure}(Object(Illuminate\Http\Request))
#52 [internal function]: Illuminate\Foundation\Http\Middleware\VerifyCsrfToken->handle(Object(Illuminate\Http\Request), Object(Closure))
#53 /var/www/html/epssf/bootstrap/cache/compiled.php(9649): call_user_func_array(Array, Array)
#54 /var/www/html/epssf/bootstrap/cache/compiled.php(13008): Illuminate\Pipeline\Pipeline->Illuminate\Pipeline\{closure}(Object(Illuminate\Http\Request))
#55 [internal function]: Illuminate\View\Middleware\ShareErrorsFromSession->handle(Object(Illuminate\Http\Request), Object(Closure))
#56 /var/www/html/epssf/bootstrap/cache/compiled.php(9649): call_user_func_array(Array, Array)
#57 /var/www/html/epssf/bootstrap/cache/compiled.php(11600): Illuminate\Pipeline\Pipeline->Illuminate\Pipeline\{closure}(Object(Illuminate\Http\Request))
#58 [internal function]: Illuminate\Session\Middleware\StartSession->handle(Object(Illuminate\Http\Request), Object(Closure))
#59 /var/www/html/epssf/bootstrap/cache/compiled.php(9649): call_user_func_array(Array, Array)
#60 /var/www/html/epssf/bootstrap/cache/compiled.php(12745): Illuminate\Pipeline\Pipeline->Illuminate\Pipeline\{closure}(Object(Illuminate\Http\Request))
#61 [internal function]: Illuminate\Cookie\Middleware\AddQueuedCookiesToResponse->handle(Object(Illuminate\Http\Request), Object(Closure))
#62 /var/www/html/epssf/bootstrap/cache/compiled.php(9649): call_user_func_array(Array, Array)
#63 /var/www/html/epssf/bootstrap/cache/compiled.php(12682): Illuminate\Pipeline\Pipeline->Illuminate\Pipeline\{closure}(Object(Illuminate\Http\Request))
#64 [internal function]: Illuminate\Cookie\Middleware\EncryptCookies->handle(Object(Illuminate\Http\Request), Object(Closure))
#65 /var/www/html/epssf/bootstrap/cache/compiled.php(9649): call_user_func_array(Array, Array)
#66 /var/www/html/epssf/bootstrap/cache/compiled.php(2982): Illuminate\Pipeline\Pipeline->Illuminate\Pipeline\{closure}(Object(Illuminate\Http\Request))
#67 [internal function]: Illuminate\Foundation\Http\Middleware\CheckForMaintenanceMode->handle(Object(Illuminate\Http\Request), Object(Closure))
#68 /var/www/html/epssf/bootstrap/cache/compiled.php(9649): call_user_func_array(Array, Array)
#69 [internal function]: Illuminate\Pipeline\Pipeline->Illuminate\Pipeline\{closure}(Object(Illuminate\Http\Request))
#70 /var/www/html/epssf/bootstrap/cache/compiled.php(9639): call_user_func(Object(Closure), Object(Illuminate\Http\Request))
#71 /var/www/html/epssf/bootstrap/cache/compiled.php(2257): Illuminate\Pipeline\Pipeline->then(Object(Closure))
#72 /var/www/html/epssf/bootstrap/cache/compiled.php(2240): Illuminate\Foundation\Http\Kernel->sendRequestThroughRouter(Object(Illuminate\Http\Request))
#73 /var/www/html/epssf/public/index.php(56): Illuminate\Foundation\Http\Kernel->handle(Object(Illuminate\Http\Request))
#74 {main}  
[2022-01-09 14:47:23] local.INFO: admin@admin.com is cancelling loan request  
[2022-01-09 14:47:23] local.INFO: admin@admin.com is viewing loan index  
[2022-01-09 15:01:53] local.INFO: admin@admin.com is viewing reports charts index  
[2022-01-09 15:02:43] local.ERROR: PDOException: SQLSTATE[42S22]: Column not found: 1054 Unknown column 'u.adhersion_id' in 'on clause' in /var/www/html/epssf/vendor/laravel/framework/src/Illuminate/Database/Connection.php:321
Stack trace:
#0 /var/www/html/epssf/vendor/laravel/framework/src/Illuminate/Database/Connection.php(321): PDOStatement->execute(Array)
#1 /var/www/html/epssf/vendor/laravel/framework/src/Illuminate/Database/Connection.php(659): Illuminate\Database\Connection->Illuminate\Database\{closure}(Object(Illuminate\Database\MySqlConnection), 'CALL SP_MEMBERS...', Array)
#2 /var/www/html/epssf/vendor/laravel/framework/src/Illuminate/Database/Connection.php(622): Illuminate\Database\Connection->runQueryCallback('CALL SP_MEMBERS...', Array, Object(Closure))
#3 /var/www/html/epssf/vendor/laravel/framework/src/Illuminate/Database/Connection.php(324): Illuminate\Database\Connection->run('CALL SP_MEMBERS...', Array, Object(Closure))
#4 [internal function]: Illuminate\Database\Connection->select('CALL SP_MEMBERS...')
#5 /var/www/html/epssf/bootstrap/cache/compiled.php(11443): call_user_func_array(Array, Array)
#6 /var/www/html/epssf/bootstrap/cache/compiled.php(6091): Illuminate\Database\DatabaseManager->__call('select', Array)
#7 /var/www/html/epssf/app/Models/Loan.php(734): Illuminate\Support\Facades\Facade::__callStatic('select', Array)
#8 /var/www/html/epssf/app/Http/Controllers/ReportController.php(652): Ceb\Models\Loan->memberWithLoans('1')
#9 [internal function]: Ceb\Http\Controllers\ReportController->monthlyRefund('EASTERN PROVINC...', Object(Ceb\Models\Loan), '1', '0')
#10 /var/www/html/epssf/bootstrap/cache/compiled.php(8937): call_user_func_array(Array, Array)
#11 /var/www/html/epssf/bootstrap/cache/compiled.php(9006): Illuminate\Routing\Controller->callAction('monthlyRefund', Array)
#12 /var/www/html/epssf/bootstrap/cache/compiled.php(8986): Illuminate\Routing\ControllerDispatcher->call(Object(Ceb\Http\Controllers\ReportController), Object(Illuminate\Routing\Route), 'monthlyRefund')
#13 [internal function]: Illuminate\Routing\ControllerDispatcher->Illuminate\Routing\{closure}(Object(Illuminate\Http\Request))
#14 /var/www/html/epssf/bootstrap/cache/compiled.php(9657): call_user_func(Object(Closure), Object(Illuminate\Http\Request))
#15 /var/www/html/epssf/vendor/rydurham/sentinel/src/Sentinel/Middleware/SentryAuth.php(28): Illuminate\Pipeline\Pipeline->Illuminate\Pipeline\{closure}(Object(Illuminate\Http\Request))
#16 [internal function]: Sentinel\Middleware\SentryAuth->handle(Object(Illuminate\Http\Request), Object(Closure))
#17 /var/www/html/epssf/bootstrap/cache/compiled.php(9649): call_user_func_array(Array, Array)
#18 [internal function]: Illuminate\Pipeline\Pipeline->Illuminate\Pipeline\{closure}(Object(Illuminate\Http\Request))
#19 /var/www/html/epssf/bootstrap/cache/compiled.php(9639): call_user_func(Object(Closure), Object(Illuminate\Http\Request))
#20 /var/www/html/epssf/bootstrap/cache/compiled.php(8987): Illuminate\Pipeline\Pipeline->then(Object(Closure))
#21 /var/www/html/epssf/bootstrap/cache/compiled.php(8972): Illuminate\Routing\ControllerDispatcher->callWithinStack(Object(Ceb\Http\Controllers\ReportController), Object(Illuminate\Routing\Route), Object(Illuminate\Http\Request), 'monthlyRefund')
#22 /var/www/html/epssf/bootstrap/cache/compiled.php(7917): Illuminate\Routing\ControllerDispatcher->dispatch(Object(Illuminate\Routing\Route), Object(Illuminate\Http\Request), 'Ceb\\Http\\Contro...', 'monthlyRefund')
#23 /var/www/html/epssf/bootstrap/cache/compiled.php(7888): Illuminate\Routing\Route->runWithCustomDispatcher(Object(Illuminate\Http\Request))
#24 /var/www/html/epssf/bootstrap/cache/compiled.php(7541): Illuminate\Routing\Route->run(Object(Illuminate\Http\Request))
#25 [internal function]: Illuminate\Routing\Router->Illuminate\Routing\{closure}(Object(Illuminate\Http\Request))
#26 /var/www/html/epssf/bootstrap/cache/compiled.php(9657): call_user_func(Object(Closure), Object(Illuminate\Http\Request))
#27 /var/www/html/epssf/vendor/rydurham/sentinel/src/Sentinel/Middleware/SentryAuth.php(28): Illuminate\Pipeline\Pipeline->Illuminate\Pipeline\{closure}(Object(Illuminate\Http\Request))
#28 [internal function]: Sentinel\Middleware\SentryAuth->handle(Object(Illuminate\Http\Request), Object(Closure))
#29 /var/www/html/epssf/bootstrap/cache/compiled.php(9649): call_user_func_array(Array, Array)
#30 [internal function]: Illuminate\Pipeline\Pipeline->Illuminate\Pipeline\{closure}(Object(Illuminate\Http\Request))
#31 /var/www/html/epssf/bootstrap/cache/compiled.php(9639): call_user_func(Object(Closure), Object(Illuminate\Http\Request))
#32 /var/www/html/epssf/bootstrap/cache/compiled.php(7542): Illuminate\Pipeline\Pipeline->then(Object(Closure))
#33 /var/www/html/epssf/bootstrap/cache/compiled.php(7530): Illuminate\Routing\Router->runRouteWithinStack(Object(Illuminate\Routing\Route), Object(Illuminate\Http\Request))
#34 /var/www/html/epssf/bootstrap/cache/compiled.php(7515): Illuminate\Routing\Router->dispatchToRoute(Object(Illuminate\Http\Request))
#35 /var/www/html/epssf/bootstrap/cache/compiled.php(2310): Illuminate\Routing\Router->dispatch(Object(Illuminate\Http\Request))
#36 [internal function]: Illuminate\Foundation\Http\Kernel->Illuminate\Foundation\Http\{closure}(Object(Illuminate\Http\Request))
#37 /var/www/html/epssf/bootstrap/cache/compiled.php(9657): call_user_func(Object(Closure), Object(Illuminate\Http\Request))
#38 /var/www/html/epssf/app/Http/Middleware/LocaleMiddleware.php(20): Illuminate\Pipeline\Pipeline->Illuminate\Pipeline\{closure}(Object(Illuminate\Http\Request))
#39 [internal function]: Ceb\Http\Middleware\LocaleMiddleware->handle(Object(Illuminate\Http\Request), Object(Closure))
#40 /var/www/html/epssf/bootstrap/cache/compiled.php(9649): call_user_func_array(Array, Array)
#41 /var/www/html/epssf/bootstrap/cache/compiled.php(2925): Illuminate\Pipeline\Pipeline->Illuminate\Pipeline\{closure}(Object(Illuminate\Http\Request))
#42 [internal function]: Illuminate\Foundation\Http\Middleware\VerifyCsrfToken->handle(Object(Illuminate\Http\Request), Object(Closure))
#43 /var/www/html/epssf/bootstrap/cache/compiled.php(9649): call_user_func_array(Array, Array)
#44 /var/www/html/epssf/bootstrap/cache/compiled.php(13008): Illuminate\Pipeline\Pipeline->Illuminate\Pipeline\{closure}(Object(Illuminate\Http\Request))
#45 [internal function]: Illuminate\View\Middleware\ShareErrorsFromSession->handle(Object(Illuminate\Http\Request), Object(Closure))
#46 /var/www/html/epssf/bootstrap/cache/compiled.php(9649): call_user_func_array(Array, Array)
#47 /var/www/html/epssf/bootstrap/cache/compiled.php(11600): Illuminate\Pipeline\Pipeline->Illuminate\Pipeline\{closure}(Object(Illuminate\Http\Request))
#48 [internal function]: Illuminate\Session\Middleware\StartSession->handle(Object(Illuminate\Http\Request), Object(Closure))
#49 /var/www/html/epssf/bootstrap/cache/compiled.php(9649): call_user_func_array(Array, Array)
#50 /var/www/html/epssf/bootstrap/cache/compiled.php(12745): Illuminate\Pipeline\Pipeline->Illuminate\Pipeline\{closure}(Object(Illuminate\Http\Request))
#51 [internal function]: Illuminate\Cookie\Middleware\AddQueuedCookiesToResponse->handle(Object(Illuminate\Http\Request), Object(Closure))
#52 /var/www/html/epssf/bootstrap/cache/compiled.php(9649): call_user_func_array(Array, Array)
#53 /var/www/html/epssf/bootstrap/cache/compiled.php(12682): Illuminate\Pipeline\Pipeline->Illuminate\Pipeline\{closure}(Object(Illuminate\Http\Request))
#54 [internal function]: Illuminate\Cookie\Middleware\EncryptCookies->handle(Object(Illuminate\Http\Request), Object(Closure))
#55 /var/www/html/epssf/bootstrap/cache/compiled.php(9649): call_user_func_array(Array, Array)
#56 /var/www/html/epssf/bootstrap/cache/compiled.php(2982): Illuminate\Pipeline\Pipeline->Illuminate\Pipeline\{closure}(Object(Illuminate\Http\Request))
#57 [internal function]: Illuminate\Foundation\Http\Middleware\CheckForMaintenanceMode->handle(Object(Illuminate\Http\Request), Object(Closure))
#58 /var/www/html/epssf/bootstrap/cache/compiled.php(9649): call_user_func_array(Array, Array)
#59 [internal function]: Illuminate\Pipeline\Pipeline->Illuminate\Pipeline\{closure}(Object(Illuminate\Http\Request))
#60 /var/www/html/epssf/bootstrap/cache/compiled.php(9639): call_user_func(Object(Closure), Object(Illuminate\Http\Request))
#61 /var/www/html/epssf/bootstrap/cache/compiled.php(2257): Illuminate\Pipeline\Pipeline->then(Object(Closure))
#62 /var/www/html/epssf/bootstrap/cache/compiled.php(2240): Illuminate\Foundation\Http\Kernel->sendRequestThroughRouter(Object(Illuminate\Http\Request))
#63 /var/www/html/epssf/public/index.php(56): Illuminate\Foundation\Http\Kernel->handle(Object(Illuminate\Http\Request))
#64 {main}

Next Illuminate\Database\QueryException: SQLSTATE[42S22]: Column not found: 1054 Unknown column 'u.adhersion_id' in 'on clause' (SQL: CALL SP_MEMBERS_WITH_LOANS(1, 'actif,inactif')) in /var/www/html/epssf/vendor/laravel/framework/src/Illuminate/Database/Connection.php:666
Stack trace:
#0 /var/www/html/epssf/vendor/laravel/framework/src/Illuminate/Database/Connection.php(622): Illuminate\Database\Connection->runQueryCallback('CALL SP_MEMBERS...', Array, Object(Closure))
#1 /var/www/html/epssf/vendor/laravel/framework/src/Illuminate/Database/Connection.php(324): Illuminate\Database\Connection->run('CALL SP_MEMBERS...', Array, Object(Closure))
#2 [internal function]: Illuminate\Database\Connection->select('CALL SP_MEMBERS...')
#3 /var/www/html/epssf/bootstrap/cache/compiled.php(11443): call_user_func_array(Array, Array)
#4 /var/www/html/epssf/bootstrap/cache/compiled.php(6091): Illuminate\Database\DatabaseManager->__call('select', Array)
#5 /var/www/html/epssf/app/Models/Loan.php(734): Illuminate\Support\Facades\Facade::__callStatic('select', Array)
#6 /var/www/html/epssf/app/Http/Controllers/ReportController.php(652): Ceb\Models\Loan->memberWithLoans('1')
#7 [internal function]: Ceb\Http\Controllers\ReportController->monthlyRefund('EASTERN PROVINC...', Object(Ceb\Models\Loan), '1', '0')
#8 /var/www/html/epssf/bootstrap/cache/compiled.php(8937): call_user_func_array(Array, Array)
#9 /var/www/html/epssf/bootstrap/cache/compiled.php(9006): Illuminate\Routing\Controller->callAction('monthlyRefund', Array)
#10 /var/www/html/epssf/bootstrap/cache/compiled.php(8986): Illuminate\Routing\ControllerDispatcher->call(Object(Ceb\Http\Controllers\ReportController), Object(Illuminate\Routing\Route), 'monthlyRefund')
#11 [internal function]: Illuminate\Routing\ControllerDispatcher->Illuminate\Routing\{closure}(Object(Illuminate\Http\Request))
#12 /var/www/html/epssf/bootstrap/cache/compiled.php(9657): call_user_func(Object(Closure), Object(Illuminate\Http\Request))
#13 /var/www/html/epssf/vendor/rydurham/sentinel/src/Sentinel/Middleware/SentryAuth.php(28): Illuminate\Pipeline\Pipeline->Illuminate\Pipeline\{closure}(Object(Illuminate\Http\Request))
#14 [internal function]: Sentinel\Middleware\SentryAuth->handle(Object(Illuminate\Http\Request), Object(Closure))
#15 /var/www/html/epssf/bootstrap/cache/compiled.php(9649): call_user_func_array(Array, Array)
#16 [internal function]: Illuminate\Pipeline\Pipeline->Illuminate\Pipeline\{closure}(Object(Illuminate\Http\Request))
#17 /var/www/html/epssf/bootstrap/cache/compiled.php(9639): call_user_func(Object(Closure), Object(Illuminate\Http\Request))
#18 /var/www/html/epssf/bootstrap/cache/compiled.php(8987): Illuminate\Pipeline\Pipeline->then(Object(Closure))
#19 /var/www/html/epssf/bootstrap/cache/compiled.php(8972): Illuminate\Routing\ControllerDispatcher->callWithinStack(Object(Ceb\Http\Controllers\ReportController), Object(Illuminate\Routing\Route), Object(Illuminate\Http\Request), 'monthlyRefund')
#20 /var/www/html/epssf/bootstrap/cache/compiled.php(7917): Illuminate\Routing\ControllerDispatcher->dispatch(Object(Illuminate\Routing\Route), Object(Illuminate\Http\Request), 'Ceb\\Http\\Contro...', 'monthlyRefund')
#21 /var/www/html/epssf/bootstrap/cache/compiled.php(7888): Illuminate\Routing\Route->runWithCustomDispatcher(Object(Illuminate\Http\Request))
#22 /var/www/html/epssf/bootstrap/cache/compiled.php(7541): Illuminate\Routing\Route->run(Object(Illuminate\Http\Request))
#23 [internal function]: Illuminate\Routing\Router->Illuminate\Routing\{closure}(Object(Illuminate\Http\Request))
#24 /var/www/html/epssf/bootstrap/cache/compiled.php(9657): call_user_func(Object(Closure), Object(Illuminate\Http\Request))
#25 /var/www/html/epssf/vendor/rydurham/sentinel/src/Sentinel/Middleware/SentryAuth.php(28): Illuminate\Pipeline\Pipeline->Illuminate\Pipeline\{closure}(Object(Illuminate\Http\Request))
#26 [internal function]: Sentinel\Middleware\SentryAuth->handle(Object(Illuminate\Http\Request), Object(Closure))
#27 /var/www/html/epssf/bootstrap/cache/compiled.php(9649): call_user_func_array(Array, Array)
#28 [internal function]: Illuminate\Pipeline\Pipeline->Illuminate\Pipeline\{closure}(Object(Illuminate\Http\Request))
#29 /var/www/html/epssf/bootstrap/cache/compiled.php(9639): call_user_func(Object(Closure), Object(Illuminate\Http\Request))
#30 /var/www/html/epssf/bootstrap/cache/compiled.php(7542): Illuminate\Pipeline\Pipeline->then(Object(Closure))
#31 /var/www/html/epssf/bootstrap/cache/compiled.php(7530): Illuminate\Routing\Router->runRouteWithinStack(Object(Illuminate\Routing\Route), Object(Illuminate\Http\Request))
#32 /var/www/html/epssf/bootstrap/cache/compiled.php(7515): Illuminate\Routing\Router->dispatchToRoute(Object(Illuminate\Http\Request))
#33 /var/www/html/epssf/bootstrap/cache/compiled.php(2310): Illuminate\Routing\Router->dispatch(Object(Illuminate\Http\Request))
#34 [internal function]: Illuminate\Foundation\Http\Kernel->Illuminate\Foundation\Http\{closure}(Object(Illuminate\Http\Request))
#35 /var/www/html/epssf/bootstrap/cache/compiled.php(9657): call_user_func(Object(Closure), Object(Illuminate\Http\Request))
#36 /var/www/html/epssf/app/Http/Middleware/LocaleMiddleware.php(20): Illuminate\Pipeline\Pipeline->Illuminate\Pipeline\{closure}(Object(Illuminate\Http\Request))
#37 [internal function]: Ceb\Http\Middleware\LocaleMiddleware->handle(Object(Illuminate\Http\Request), Object(Closure))
#38 /var/www/html/epssf/bootstrap/cache/compiled.php(9649): call_user_func_array(Array, Array)
#39 /var/www/html/epssf/bootstrap/cache/compiled.php(2925): Illuminate\Pipeline\Pipeline->Illuminate\Pipeline\{closure}(Object(Illuminate\Http\Request))
#40 [internal function]: Illuminate\Foundation\Http\Middleware\VerifyCsrfToken->handle(Object(Illuminate\Http\Request), Object(Closure))
#41 /var/www/html/epssf/bootstrap/cache/compiled.php(9649): call_user_func_array(Array, Array)
#42 /var/www/html/epssf/bootstrap/cache/compiled.php(13008): Illuminate\Pipeline\Pipeline->Illuminate\Pipeline\{closure}(Object(Illuminate\Http\Request))
#43 [internal function]: Illuminate\View\Middleware\ShareErrorsFromSession->handle(Object(Illuminate\Http\Request), Object(Closure))
#44 /var/www/html/epssf/bootstrap/cache/compiled.php(9649): call_user_func_array(Array, Array)
#45 /var/www/html/epssf/bootstrap/cache/compiled.php(11600): Illuminate\Pipeline\Pipeline->Illuminate\Pipeline\{closure}(Object(Illuminate\Http\Request))
#46 [internal function]: Illuminate\Session\Middleware\StartSession->handle(Object(Illuminate\Http\Request), Object(Closure))
#47 /var/www/html/epssf/bootstrap/cache/compiled.php(9649): call_user_func_array(Array, Array)
#48 /var/www/html/epssf/bootstrap/cache/compiled.php(12745): Illuminate\Pipeline\Pipeline->Illuminate\Pipeline\{closure}(Object(Illuminate\Http\Request))
#49 [internal function]: Illuminate\Cookie\Middleware\AddQueuedCookiesToResponse->handle(Object(Illuminate\Http\Request), Object(Closure))
#50 /var/www/html/epssf/bootstrap/cache/compiled.php(9649): call_user_func_array(Array, Array)
#51 /var/www/html/epssf/bootstrap/cache/compiled.php(12682): Illuminate\Pipeline\Pipeline->Illuminate\Pipeline\{closure}(Object(Illuminate\Http\Request))
#52 [internal function]: Illuminate\Cookie\Middleware\EncryptCookies->handle(Object(Illuminate\Http\Request), Object(Closure))
#53 /var/www/html/epssf/bootstrap/cache/compiled.php(9649): call_user_func_array(Array, Array)
#54 /var/www/html/epssf/bootstrap/cache/compiled.php(2982): Illuminate\Pipeline\Pipeline->Illuminate\Pipeline\{closure}(Object(Illuminate\Http\Request))
#55 [internal function]: Illuminate\Foundation\Http\Middleware\CheckForMaintenanceMode->handle(Object(Illuminate\Http\Request), Object(Closure))
#56 /var/www/html/epssf/bootstrap/cache/compiled.php(9649): call_user_func_array(Array, Array)
#57 [internal function]: Illuminate\Pipeline\Pipeline->Illuminate\Pipeline\{closure}(Object(Illuminate\Http\Request))
#58 /var/www/html/epssf/bootstrap/cache/compiled.php(9639): call_user_func(Object(Closure), Object(Illuminate\Http\Request))
#59 /var/www/html/epssf/bootstrap/cache/compiled.php(2257): Illuminate\Pipeline\Pipeline->then(Object(Closure))
#60 /var/www/html/epssf/bootstrap/cache/compiled.php(2240): Illuminate\Foundation\Http\Kernel->sendRequestThroughRouter(Object(Illuminate\Http\Request))
#61 /var/www/html/epssf/public/index.php(56): Illuminate\Foundation\Http\Kernel->handle(Object(Illuminate\Http\Request))
#62 {main}  
[2022-01-09 15:12:11] local.ERROR: PDOException: SQLSTATE[42S22]: Column not found: 1054 Unknown column 'u.adhersion_id' in 'on clause' in /var/www/html/epssf/vendor/laravel/framework/src/Illuminate/Database/Connection.php:321
Stack trace:
#0 /var/www/html/epssf/vendor/laravel/framework/src/Illuminate/Database/Connection.php(321): PDOStatement->execute(Array)
#1 /var/www/html/epssf/vendor/laravel/framework/src/Illuminate/Database/Connection.php(659): Illuminate\Database\Connection->Illuminate\Database\{closure}(Object(Illuminate\Database\MySqlConnection), 'CALL SP_MEMBERS...', Array)
#2 /var/www/html/epssf/vendor/laravel/framework/src/Illuminate/Database/Connection.php(622): Illuminate\Database\Connection->runQueryCallback('CALL SP_MEMBERS...', Array, Object(Closure))
#3 /var/www/html/epssf/vendor/laravel/framework/src/Illuminate/Database/Connection.php(324): Illuminate\Database\Connection->run('CALL SP_MEMBERS...', Array, Object(Closure))
#4 [internal function]: Illuminate\Database\Connection->select('CALL SP_MEMBERS...')
#5 /var/www/html/epssf/bootstrap/cache/compiled.php(11443): call_user_func_array(Array, Array)
#6 /var/www/html/epssf/bootstrap/cache/compiled.php(6091): Illuminate\Database\DatabaseManager->__call('select', Array)
#7 /var/www/html/epssf/app/Models/Loan.php(734): Illuminate\Support\Facades\Facade::__callStatic('select', Array)
#8 /var/www/html/epssf/app/Http/Controllers/ReportController.php(652): Ceb\Models\Loan->memberWithLoans('1')
#9 [internal function]: Ceb\Http\Controllers\ReportController->monthlyRefund('EASTERN PROVINC...', Object(Ceb\Models\Loan), '1', '0')
#10 /var/www/html/epssf/bootstrap/cache/compiled.php(8937): call_user_func_array(Array, Array)
#11 /var/www/html/epssf/bootstrap/cache/compiled.php(9006): Illuminate\Routing\Controller->callAction('monthlyRefund', Array)
#12 /var/www/html/epssf/bootstrap/cache/compiled.php(8986): Illuminate\Routing\ControllerDispatcher->call(Object(Ceb\Http\Controllers\ReportController), Object(Illuminate\Routing\Route), 'monthlyRefund')
#13 [internal function]: Illuminate\Routing\ControllerDispatcher->Illuminate\Routing\{closure}(Object(Illuminate\Http\Request))
#14 /var/www/html/epssf/bootstrap/cache/compiled.php(9657): call_user_func(Object(Closure), Object(Illuminate\Http\Request))
#15 /var/www/html/epssf/vendor/rydurham/sentinel/src/Sentinel/Middleware/SentryAuth.php(28): Illuminate\Pipeline\Pipeline->Illuminate\Pipeline\{closure}(Object(Illuminate\Http\Request))
#16 [internal function]: Sentinel\Middleware\SentryAuth->handle(Object(Illuminate\Http\Request), Object(Closure))
#17 /var/www/html/epssf/bootstrap/cache/compiled.php(9649): call_user_func_array(Array, Array)
#18 [internal function]: Illuminate\Pipeline\Pipeline->Illuminate\Pipeline\{closure}(Object(Illuminate\Http\Request))
#19 /var/www/html/epssf/bootstrap/cache/compiled.php(9639): call_user_func(Object(Closure), Object(Illuminate\Http\Request))
#20 /var/www/html/epssf/bootstrap/cache/compiled.php(8987): Illuminate\Pipeline\Pipeline->then(Object(Closure))
#21 /var/www/html/epssf/bootstrap/cache/compiled.php(8972): Illuminate\Routing\ControllerDispatcher->callWithinStack(Object(Ceb\Http\Controllers\ReportController), Object(Illuminate\Routing\Route), Object(Illuminate\Http\Request), 'monthlyRefund')
#22 /var/www/html/epssf/bootstrap/cache/compiled.php(7917): Illuminate\Routing\ControllerDispatcher->dispatch(Object(Illuminate\Routing\Route), Object(Illuminate\Http\Request), 'Ceb\\Http\\Contro...', 'monthlyRefund')
#23 /var/www/html/epssf/bootstrap/cache/compiled.php(7888): Illuminate\Routing\Route->runWithCustomDispatcher(Object(Illuminate\Http\Request))
#24 /var/www/html/epssf/bootstrap/cache/compiled.php(7541): Illuminate\Routing\Route->run(Object(Illuminate\Http\Request))
#25 [internal function]: Illuminate\Routing\Router->Illuminate\Routing\{closure}(Object(Illuminate\Http\Request))
#26 /var/www/html/epssf/bootstrap/cache/compiled.php(9657): call_user_func(Object(Closure), Object(Illuminate\Http\Request))
#27 /var/www/html/epssf/vendor/rydurham/sentinel/src/Sentinel/Middleware/SentryAuth.php(28): Illuminate\Pipeline\Pipeline->Illuminate\Pipeline\{closure}(Object(Illuminate\Http\Request))
#28 [internal function]: Sentinel\Middleware\SentryAuth->handle(Object(Illuminate\Http\Request), Object(Closure))
#29 /var/www/html/epssf/bootstrap/cache/compiled.php(9649): call_user_func_array(Array, Array)
#30 [internal function]: Illuminate\Pipeline\Pipeline->Illuminate\Pipeline\{closure}(Object(Illuminate\Http\Request))
#31 /var/www/html/epssf/bootstrap/cache/compiled.php(9639): call_user_func(Object(Closure), Object(Illuminate\Http\Request))
#32 /var/www/html/epssf/bootstrap/cache/compiled.php(7542): Illuminate\Pipeline\Pipeline->then(Object(Closure))
#33 /var/www/html/epssf/bootstrap/cache/compiled.php(7530): Illuminate\Routing\Router->runRouteWithinStack(Object(Illuminate\Routing\Route), Object(Illuminate\Http\Request))
#34 /var/www/html/epssf/bootstrap/cache/compiled.php(7515): Illuminate\Routing\Router->dispatchToRoute(Object(Illuminate\Http\Request))
#35 /var/www/html/epssf/bootstrap/cache/compiled.php(2310): Illuminate\Routing\Router->dispatch(Object(Illuminate\Http\Request))
#36 [internal function]: Illuminate\Foundation\Http\Kernel->Illuminate\Foundation\Http\{closure}(Object(Illuminate\Http\Request))
#37 /var/www/html/epssf/bootstrap/cache/compiled.php(9657): call_user_func(Object(Closure), Object(Illuminate\Http\Request))
#38 /var/www/html/epssf/vendor/barryvdh/laravel-debugbar/src/Middleware/Debugbar.php(51): Illuminate\Pipeline\Pipeline->Illuminate\Pipeline\{closure}(Object(Illuminate\Http\Request))
#39 [internal function]: Barryvdh\Debugbar\Middleware\Debugbar->handle(Object(Illuminate\Http\Request), Object(Closure))
#40 /var/www/html/epssf/bootstrap/cache/compiled.php(9649): call_user_func_array(Array, Array)
#41 /var/www/html/epssf/app/Http/Middleware/LocaleMiddleware.php(20): Illuminate\Pipeline\Pipeline->Illuminate\Pipeline\{closure}(Object(Illuminate\Http\Request))
#42 [internal function]: Ceb\Http\Middleware\LocaleMiddleware->handle(Object(Illuminate\Http\Request), Object(Closure))
#43 /var/www/html/epssf/bootstrap/cache/compiled.php(9649): call_user_func_array(Array, Array)
#44 /var/www/html/epssf/bootstrap/cache/compiled.php(2925): Illuminate\Pipeline\Pipeline->Illuminate\Pipeline\{closure}(Object(Illuminate\Http\Request))
#45 [internal function]: Illuminate\Foundation\Http\Middleware\VerifyCsrfToken->handle(Object(Illuminate\Http\Request), Object(Closure))
#46 /var/www/html/epssf/bootstrap/cache/compiled.php(9649): call_user_func_array(Array, Array)
#47 /var/www/html/epssf/bootstrap/cache/compiled.php(13008): Illuminate\Pipeline\Pipeline->Illuminate\Pipeline\{closure}(Object(Illuminate\Http\Request))
#48 [internal function]: Illuminate\View\Middleware\ShareErrorsFromSession->handle(Object(Illuminate\Http\Request), Object(Closure))
#49 /var/www/html/epssf/bootstrap/cache/compiled.php(9649): call_user_func_array(Array, Array)
#50 /var/www/html/epssf/bootstrap/cache/compiled.php(11600): Illuminate\Pipeline\Pipeline->Illuminate\Pipeline\{closure}(Object(Illuminate\Http\Request))
#51 [internal function]: Illuminate\Session\Middleware\StartSession->handle(Object(Illuminate\Http\Request), Object(Closure))
#52 /var/www/html/epssf/bootstrap/cache/compiled.php(9649): call_user_func_array(Array, Array)
#53 /var/www/html/epssf/bootstrap/cache/compiled.php(12745): Illuminate\Pipeline\Pipeline->Illuminate\Pipeline\{closure}(Object(Illuminate\Http\Request))
#54 [internal function]: Illuminate\Cookie\Middleware\AddQueuedCookiesToResponse->handle(Object(Illuminate\Http\Request), Object(Closure))
#55 /var/www/html/epssf/bootstrap/cache/compiled.php(9649): call_user_func_array(Array, Array)
#56 /var/www/html/epssf/bootstrap/cache/compiled.php(12682): Illuminate\Pipeline\Pipeline->Illuminate\Pipeline\{closure}(Object(Illuminate\Http\Request))
#57 [internal function]: Illuminate\Cookie\Middleware\EncryptCookies->handle(Object(Illuminate\Http\Request), Object(Closure))
#58 /var/www/html/epssf/bootstrap/cache/compiled.php(9649): call_user_func_array(Array, Array)
#59 /var/www/html/epssf/bootstrap/cache/compiled.php(2982): Illuminate\Pipeline\Pipeline->Illuminate\Pipeline\{closure}(Object(Illuminate\Http\Request))
#60 [internal function]: Illuminate\Foundation\Http\Middleware\CheckForMaintenanceMode->handle(Object(Illuminate\Http\Request), Object(Closure))
#61 /var/www/html/epssf/bootstrap/cache/compiled.php(9649): call_user_func_array(Array, Array)
#62 [internal function]: Illuminate\Pipeline\Pipeline->Illuminate\Pipeline\{closure}(Object(Illuminate\Http\Request))
#63 /var/www/html/epssf/bootstrap/cache/compiled.php(9639): call_user_func(Object(Closure), Object(Illuminate\Http\Request))
#64 /var/www/html/epssf/bootstrap/cache/compiled.php(2257): Illuminate\Pipeline\Pipeline->then(Object(Closure))
#65 /var/www/html/epssf/bootstrap/cache/compiled.php(2240): Illuminate\Foundation\Http\Kernel->sendRequestThroughRouter(Object(Illuminate\Http\Request))
#66 /var/www/html/epssf/public/index.php(56): Illuminate\Foundation\Http\Kernel->handle(Object(Illuminate\Http\Request))
#67 {main}

Next Illuminate\Database\QueryException: SQLSTATE[42S22]: Column not found: 1054 Unknown column 'u.adhersion_id' in 'on clause' (SQL: CALL SP_MEMBERS_WITH_LOANS(1, 'actif,inactif')) in /var/www/html/epssf/vendor/laravel/framework/src/Illuminate/Database/Connection.php:666
Stack trace:
#0 /var/www/html/epssf/vendor/laravel/framework/src/Illuminate/Database/Connection.php(622): Illuminate\Database\Connection->runQueryCallback('CALL SP_MEMBERS...', Array, Object(Closure))
#1 /var/www/html/epssf/vendor/laravel/framework/src/Illuminate/Database/Connection.php(324): Illuminate\Database\Connection->run('CALL SP_MEMBERS...', Array, Object(Closure))
#2 [internal function]: Illuminate\Database\Connection->select('CALL SP_MEMBERS...')
#3 /var/www/html/epssf/bootstrap/cache/compiled.php(11443): call_user_func_array(Array, Array)
#4 /var/www/html/epssf/bootstrap/cache/compiled.php(6091): Illuminate\Database\DatabaseManager->__call('select', Array)
#5 /var/www/html/epssf/app/Models/Loan.php(734): Illuminate\Support\Facades\Facade::__callStatic('select', Array)
#6 /var/www/html/epssf/app/Http/Controllers/ReportController.php(652): Ceb\Models\Loan->memberWithLoans('1')
#7 [internal function]: Ceb\Http\Controllers\ReportController->monthlyRefund('EASTERN PROVINC...', Object(Ceb\Models\Loan), '1', '0')
#8 /var/www/html/epssf/bootstrap/cache/compiled.php(8937): call_user_func_array(Array, Array)
#9 /var/www/html/epssf/bootstrap/cache/compiled.php(9006): Illuminate\Routing\Controller->callAction('monthlyRefund', Array)
#10 /var/www/html/epssf/bootstrap/cache/compiled.php(8986): Illuminate\Routing\ControllerDispatcher->call(Object(Ceb\Http\Controllers\ReportController), Object(Illuminate\Routing\Route), 'monthlyRefund')
#11 [internal function]: Illuminate\Routing\ControllerDispatcher->Illuminate\Routing\{closure}(Object(Illuminate\Http\Request))
#12 /var/www/html/epssf/bootstrap/cache/compiled.php(9657): call_user_func(Object(Closure), Object(Illuminate\Http\Request))
#13 /var/www/html/epssf/vendor/rydurham/sentinel/src/Sentinel/Middleware/SentryAuth.php(28): Illuminate\Pipeline\Pipeline->Illuminate\Pipeline\{closure}(Object(Illuminate\Http\Request))
#14 [internal function]: Sentinel\Middleware\SentryAuth->handle(Object(Illuminate\Http\Request), Object(Closure))
#15 /var/www/html/epssf/bootstrap/cache/compiled.php(9649): call_user_func_array(Array, Array)
#16 [internal function]: Illuminate\Pipeline\Pipeline->Illuminate\Pipeline\{closure}(Object(Illuminate\Http\Request))
#17 /var/www/html/epssf/bootstrap/cache/compiled.php(9639): call_user_func(Object(Closure), Object(Illuminate\Http\Request))
#18 /var/www/html/epssf/bootstrap/cache/compiled.php(8987): Illuminate\Pipeline\Pipeline->then(Object(Closure))
#19 /var/www/html/epssf/bootstrap/cache/compiled.php(8972): Illuminate\Routing\ControllerDispatcher->callWithinStack(Object(Ceb\Http\Controllers\ReportController), Object(Illuminate\Routing\Route), Object(Illuminate\Http\Request), 'monthlyRefund')
#20 /var/www/html/epssf/bootstrap/cache/compiled.php(7917): Illuminate\Routing\ControllerDispatcher->dispatch(Object(Illuminate\Routing\Route), Object(Illuminate\Http\Request), 'Ceb\\Http\\Contro...', 'monthlyRefund')
#21 /var/www/html/epssf/bootstrap/cache/compiled.php(7888): Illuminate\Routing\Route->runWithCustomDispatcher(Object(Illuminate\Http\Request))
#22 /var/www/html/epssf/bootstrap/cache/compiled.php(7541): Illuminate\Routing\Route->run(Object(Illuminate\Http\Request))
#23 [internal function]: Illuminate\Routing\Router->Illuminate\Routing\{closure}(Object(Illuminate\Http\Request))
#24 /var/www/html/epssf/bootstrap/cache/compiled.php(9657): call_user_func(Object(Closure), Object(Illuminate\Http\Request))
#25 /var/www/html/epssf/vendor/rydurham/sentinel/src/Sentinel/Middleware/SentryAuth.php(28): Illuminate\Pipeline\Pipeline->Illuminate\Pipeline\{closure}(Object(Illuminate\Http\Request))
#26 [internal function]: Sentinel\Middleware\SentryAuth->handle(Object(Illuminate\Http\Request), Object(Closure))
#27 /var/www/html/epssf/bootstrap/cache/compiled.php(9649): call_user_func_array(Array, Array)
#28 [internal function]: Illuminate\Pipeline\Pipeline->Illuminate\Pipeline\{closure}(Object(Illuminate\Http\Request))
#29 /var/www/html/epssf/bootstrap/cache/compiled.php(9639): call_user_func(Object(Closure), Object(Illuminate\Http\Request))
#30 /var/www/html/epssf/bootstrap/cache/compiled.php(7542): Illuminate\Pipeline\Pipeline->then(Object(Closure))
#31 /var/www/html/epssf/bootstrap/cache/compiled.php(7530): Illuminate\Routing\Router->runRouteWithinStack(Object(Illuminate\Routing\Route), Object(Illuminate\Http\Request))
#32 /var/www/html/epssf/bootstrap/cache/compiled.php(7515): Illuminate\Routing\Router->dispatchToRoute(Object(Illuminate\Http\Request))
#33 /var/www/html/epssf/bootstrap/cache/compiled.php(2310): Illuminate\Routing\Router->dispatch(Object(Illuminate\Http\Request))
#34 [internal function]: Illuminate\Foundation\Http\Kernel->Illuminate\Foundation\Http\{closure}(Object(Illuminate\Http\Request))
#35 /var/www/html/epssf/bootstrap/cache/compiled.php(9657): call_user_func(Object(Closure), Object(Illuminate\Http\Request))
#36 /var/www/html/epssf/vendor/barryvdh/laravel-debugbar/src/Middleware/Debugbar.php(51): Illuminate\Pipeline\Pipeline->Illuminate\Pipeline\{closure}(Object(Illuminate\Http\Request))
#37 [internal function]: Barryvdh\Debugbar\Middleware\Debugbar->handle(Object(Illuminate\Http\Request), Object(Closure))
#38 /var/www/html/epssf/bootstrap/cache/compiled.php(9649): call_user_func_array(Array, Array)
#39 /var/www/html/epssf/app/Http/Middleware/LocaleMiddleware.php(20): Illuminate\Pipeline\Pipeline->Illuminate\Pipeline\{closure}(Object(Illuminate\Http\Request))
#40 [internal function]: Ceb\Http\Middleware\LocaleMiddleware->handle(Object(Illuminate\Http\Request), Object(Closure))
#41 /var/www/html/epssf/bootstrap/cache/compiled.php(9649): call_user_func_array(Array, Array)
#42 /var/www/html/epssf/bootstrap/cache/compiled.php(2925): Illuminate\Pipeline\Pipeline->Illuminate\Pipeline\{closure}(Object(Illuminate\Http\Request))
#43 [internal function]: Illuminate\Foundation\Http\Middleware\VerifyCsrfToken->handle(Object(Illuminate\Http\Request), Object(Closure))
#44 /var/www/html/epssf/bootstrap/cache/compiled.php(9649): call_user_func_array(Array, Array)
#45 /var/www/html/epssf/bootstrap/cache/compiled.php(13008): Illuminate\Pipeline\Pipeline->Illuminate\Pipeline\{closure}(Object(Illuminate\Http\Request))
#46 [internal function]: Illuminate\View\Middleware\ShareErrorsFromSession->handle(Object(Illuminate\Http\Request), Object(Closure))
#47 /var/www/html/epssf/bootstrap/cache/compiled.php(9649): call_user_func_array(Array, Array)
#48 /var/www/html/epssf/bootstrap/cache/compiled.php(11600): Illuminate\Pipeline\Pipeline->Illuminate\Pipeline\{closure}(Object(Illuminate\Http\Request))
#49 [internal function]: Illuminate\Session\Middleware\StartSession->handle(Object(Illuminate\Http\Request), Object(Closure))
#50 /var/www/html/epssf/bootstrap/cache/compiled.php(9649): call_user_func_array(Array, Array)
#51 /var/www/html/epssf/bootstrap/cache/compiled.php(12745): Illuminate\Pipeline\Pipeline->Illuminate\Pipeline\{closure}(Object(Illuminate\Http\Request))
#52 [internal function]: Illuminate\Cookie\Middleware\AddQueuedCookiesToResponse->handle(Object(Illuminate\Http\Request), Object(Closure))
#53 /var/www/html/epssf/bootstrap/cache/compiled.php(9649): call_user_func_array(Array, Array)
#54 /var/www/html/epssf/bootstrap/cache/compiled.php(12682): Illuminate\Pipeline\Pipeline->Illuminate\Pipeline\{closure}(Object(Illuminate\Http\Request))
#55 [internal function]: Illuminate\Cookie\Middleware\EncryptCookies->handle(Object(Illuminate\Http\Request), Object(Closure))
#56 /var/www/html/epssf/bootstrap/cache/compiled.php(9649): call_user_func_array(Array, Array)
#57 /var/www/html/epssf/bootstrap/cache/compiled.php(2982): Illuminate\Pipeline\Pipeline->Illuminate\Pipeline\{closure}(Object(Illuminate\Http\Request))
#58 [internal function]: Illuminate\Foundation\Http\Middleware\CheckForMaintenanceMode->handle(Object(Illuminate\Http\Request), Object(Closure))
#59 /var/www/html/epssf/bootstrap/cache/compiled.php(9649): call_user_func_array(Array, Array)
#60 [internal function]: Illuminate\Pipeline\Pipeline->Illuminate\Pipeline\{closure}(Object(Illuminate\Http\Request))
#61 /var/www/html/epssf/bootstrap/cache/compiled.php(9639): call_user_func(Object(Closure), Object(Illuminate\Http\Request))
#62 /var/www/html/epssf/bootstrap/cache/compiled.php(2257): Illuminate\Pipeline\Pipeline->then(Object(Closure))
#63 /var/www/html/epssf/bootstrap/cache/compiled.php(2240): Illuminate\Foundation\Http\Kernel->sendRequestThroughRouter(Object(Illuminate\Http\Request))
#64 /var/www/html/epssf/public/index.php(56): Illuminate\Foundation\Http\Kernel->handle(Object(Illuminate\Http\Request))
#65 {main}  
