[2022-04-05 06:16:02] local.INFO: gracemukakagoro@gmail.com viewed member list  
[2022-04-05 06:17:48] local.ERROR: ErrorException: Trying to get property 'loan_to_repay' of non-object in /var/www/html/epssf/app/Models/User.php:783
Stack trace:
#0 /var/www/html/epssf/app/Models/User.php(783): Illuminate\Foundation\Bootstrap\HandleExceptions->handleError(8, 'Trying to get p...', '/var/www/html/e...', 783, Array)
#1 /var/www/html/epssf/app/Models/User.php(802): Ceb\Models\User->loanMonthlyFees()
#2 /var/www/html/epssf/bootstrap/cache/compiled.php(10995): Ceb\Models\User->getLoanMonthlyFeeAttribute(NULL)
#3 /var/www/html/epssf/bootstrap/cache/compiled.php(10955): Illuminate\Database\Eloquent\Model->mutateAttribute('loan_monthly_fe...', NULL)
#4 /var/www/html/epssf/bootstrap/cache/compiled.php(10947): Illuminate\Database\Eloquent\Model->getAttributeValue('loan_monthly_fe...')
#5 /var/www/html/epssf/bootstrap/cache/compiled.php(11269): Illuminate\Database\Eloquent\Model->getAttribute('loan_monthly_fe...')
#6 /var/www/html/epssf/storage/framework/views/a65a55c1059d1bca693c1e762341970c(25): Illuminate\Database\Eloquent\Model->__get('loan_monthly_fe...')
#7 /var/www/html/epssf/bootstrap/cache/compiled.php(14794): include('/var/www/html/e...')
#8 /var/www/html/epssf/bootstrap/cache/compiled.php(14830): Illuminate\View\Engines\PhpEngine->evaluatePath('/var/www/html/e...', Array)
#9 /var/www/html/epssf/bootstrap/cache/compiled.php(14663): Illuminate\View\Engines\CompilerEngine->get('/var/www/html/e...', Array)
#10 /var/www/html/epssf/bootstrap/cache/compiled.php(14651): Illuminate\View\View->getContents()
#11 /var/www/html/epssf/bootstrap/cache/compiled.php(14635): Illuminate\View\View->renderContents()
#12 /var/www/html/epssf/storage/framework/views/e697f9ccab0a547665dd8b3934bd2903(9): Illuminate\View\View->render()
#13 /var/www/html/epssf/bootstrap/cache/compiled.php(14794): include('/var/www/html/e...')
#14 /var/www/html/epssf/bootstrap/cache/compiled.php(14830): Illuminate\View\Engines\PhpEngine->evaluatePath('/var/www/html/e...', Array)
#15 /var/www/html/epssf/bootstrap/cache/compiled.php(14663): Illuminate\View\Engines\CompilerEngine->get('/var/www/html/e...', Array)
#16 /var/www/html/epssf/bootstrap/cache/compiled.php(14651): Illuminate\View\View->getContents()
#17 /var/www/html/epssf/bootstrap/cache/compiled.php(14635): Illuminate\View\View->renderContents()
#18 /var/www/html/epssf/storage/framework/views/94707879c3dd768d310348d7d37983fa(14): Illuminate\View\View->render()
#19 /var/www/html/epssf/bootstrap/cache/compiled.php(14794): include('/var/www/html/e...')
#20 /var/www/html/epssf/bootstrap/cache/compiled.php(14830): Illuminate\View\Engines\PhpEngine->evaluatePath('/var/www/html/e...', Array)
#21 /var/www/html/epssf/bootstrap/cache/compiled.php(14663): Illuminate\View\Engines\CompilerEngine->get('/var/www/html/e...', Array)
#22 /var/www/html/epssf/bootstrap/cache/compiled.php(14651): Illuminate\View\View->getContents()
#23 /var/www/html/epssf/bootstrap/cache/compiled.php(14635): Illuminate\View\View->renderContents()
#24 /var/www/html/epssf/bootstrap/cache/compiled.php(15795): Illuminate\View\View->render()
#25 /var/www/html/epssf/bootstrap/cache/compiled.php(15312): Illuminate\Http\Response->setContent(Object(Illuminate\View\View))
#26 /var/www/html/epssf/bootstrap/cache/compiled.php(7750): Symfony\Component\HttpFoundation\Response->__construct(Object(Illuminate\View\View))
#27 /var/www/html/epssf/bootstrap/cache/compiled.php(8986): Illuminate\Routing\Router->prepareResponse(Object(Illuminate\Http\Request), Object(Illuminate\View\View))
#28 [internal function]: Illuminate\Routing\ControllerDispatcher->Illuminate\Routing\{closure}(Object(Illuminate\Http\Request))
#29 /var/www/html/epssf/bootstrap/cache/compiled.php(9657): call_user_func(Object(Closure), Object(Illuminate\Http\Request))
#30 /var/www/html/epssf/vendor/rydurham/sentinel/src/Sentinel/Middleware/SentryAuth.php(28): Illuminate\Pipeline\Pipeline->Illuminate\Pipeline\{closure}(Object(Illuminate\Http\Request))
#31 [internal function]: Sentinel\Middleware\SentryAuth->handle(Object(Illuminate\Http\Request), Object(Closure))
#32 /var/www/html/epssf/bootstrap/cache/compiled.php(9649): call_user_func_array(Array, Array)
#33 [internal function]: Illuminate\Pipeline\Pipeline->Illuminate\Pipeline\{closure}(Object(Illuminate\Http\Request))
#34 /var/www/html/epssf/bootstrap/cache/compiled.php(9639): call_user_func(Object(Closure), Object(Illuminate\Http\Request))
#35 /var/www/html/epssf/bootstrap/cache/compiled.php(8987): Illuminate\Pipeline\Pipeline->then(Object(Closure))
#36 /var/www/html/epssf/bootstrap/cache/compiled.php(8972): Illuminate\Routing\ControllerDispatcher->callWithinStack(Object(Ceb\Http\Controllers\MemberController), Object(Illuminate\Routing\Route), Object(Illuminate\Http\Request), 'show')
#37 /var/www/html/epssf/bootstrap/cache/compiled.php(7917): Illuminate\Routing\ControllerDispatcher->dispatch(Object(Illuminate\Routing\Route), Object(Illuminate\Http\Request), 'Ceb\\Http\\Contro...', 'show')
#38 /var/www/html/epssf/bootstrap/cache/compiled.php(7888): Illuminate\Routing\Route->runWithCustomDispatcher(Object(Illuminate\Http\Request))
#39 /var/www/html/epssf/bootstrap/cache/compiled.php(7541): Illuminate\Routing\Route->run(Object(Illuminate\Http\Request))
#40 [internal function]: Illuminate\Routing\Router->Illuminate\Routing\{closure}(Object(Illuminate\Http\Request))
#41 /var/www/html/epssf/bootstrap/cache/compiled.php(9657): call_user_func(Object(Closure), Object(Illuminate\Http\Request))
#42 /var/www/html/epssf/vendor/rydurham/sentinel/src/Sentinel/Middleware/SentryAuth.php(28): Illuminate\Pipeline\Pipeline->Illuminate\Pipeline\{closure}(Object(Illuminate\Http\Request))
#43 [internal function]: Sentinel\Middleware\SentryAuth->handle(Object(Illuminate\Http\Request), Object(Closure))
#44 /var/www/html/epssf/bootstrap/cache/compiled.php(9649): call_user_func_array(Array, Array)
#45 [internal function]: Illuminate\Pipeline\Pipeline->Illuminate\Pipeline\{closure}(Object(Illuminate\Http\Request))
#46 /var/www/html/epssf/bootstrap/cache/compiled.php(9639): call_user_func(Object(Closure), Object(Illuminate\Http\Request))
#47 /var/www/html/epssf/bootstrap/cache/compiled.php(7542): Illuminate\Pipeline\Pipeline->then(Object(Closure))
#48 /var/www/html/epssf/bootstrap/cache/compiled.php(7530): Illuminate\Routing\Router->runRouteWithinStack(Object(Illuminate\Routing\Route), Object(Illuminate\Http\Request))
#49 /var/www/html/epssf/bootstrap/cache/compiled.php(7515): Illuminate\Routing\Router->dispatchToRoute(Object(Illuminate\Http\Request))
#50 /var/www/html/epssf/bootstrap/cache/compiled.php(2310): Illuminate\Routing\Router->dispatch(Object(Illuminate\Http\Request))
#51 [internal function]: Illuminate\Foundation\Http\Kernel->Illuminate\Foundation\Http\{closure}(Object(Illuminate\Http\Request))
#52 /var/www/html/epssf/bootstrap/cache/compiled.php(9657): call_user_func(Object(Closure), Object(Illuminate\Http\Request))
#53 /var/www/html/epssf/app/Http/Middleware/LocaleMiddleware.php(20): Illuminate\Pipeline\Pipeline->Illuminate\Pipeline\{closure}(Object(Illuminate\Http\Request))
#54 [internal function]: Ceb\Http\Middleware\LocaleMiddleware->handle(Object(Illuminate\Http\Request), Object(Closure))
#55 /var/www/html/epssf/bootstrap/cache/compiled.php(9649): call_user_func_array(Array, Array)
#56 /var/www/html/epssf/bootstrap/cache/compiled.php(2925): Illuminate\Pipeline\Pipeline->Illuminate\Pipeline\{closure}(Object(Illuminate\Http\Request))
#57 [internal function]: Illuminate\Foundation\Http\Middleware\VerifyCsrfToken->handle(Object(Illuminate\Http\Request), Object(Closure))
#58 /var/www/html/epssf/bootstrap/cache/compiled.php(9649): call_user_func_array(Array, Array)
#59 /var/www/html/epssf/bootstrap/cache/compiled.php(13008): Illuminate\Pipeline\Pipeline->Illuminate\Pipeline\{closure}(Object(Illuminate\Http\Request))
#60 [internal function]: Illuminate\View\Middleware\ShareErrorsFromSession->handle(Object(Illuminate\Http\Request), Object(Closure))
#61 /var/www/html/epssf/bootstrap/cache/compiled.php(9649): call_user_func_array(Array, Array)
#62 /var/www/html/epssf/bootstrap/cache/compiled.php(11600): Illuminate\Pipeline\Pipeline->Illuminate\Pipeline\{closure}(Object(Illuminate\Http\Request))
#63 [internal function]: Illuminate\Session\Middleware\StartSession->handle(Object(Illuminate\Http\Request), Object(Closure))
#64 /var/www/html/epssf/bootstrap/cache/compiled.php(9649): call_user_func_array(Array, Array)
#65 /var/www/html/epssf/bootstrap/cache/compiled.php(12745): Illuminate\Pipeline\Pipeline->Illuminate\Pipeline\{closure}(Object(Illuminate\Http\Request))
#66 [internal function]: Illuminate\Cookie\Middleware\AddQueuedCookiesToResponse->handle(Object(Illuminate\Http\Request), Object(Closure))
#67 /var/www/html/epssf/bootstrap/cache/compiled.php(9649): call_user_func_array(Array, Array)
#68 /var/www/html/epssf/bootstrap/cache/compiled.php(12682): Illuminate\Pipeline\Pipeline->Illuminate\Pipeline\{closure}(Object(Illuminate\Http\Request))
#69 [internal function]: Illuminate\Cookie\Middleware\EncryptCookies->handle(Object(Illuminate\Http\Request), Object(Closure))
#70 /var/www/html/epssf/bootstrap/cache/compiled.php(9649): call_user_func_array(Array, Array)
#71 /var/www/html/epssf/bootstrap/cache/compiled.php(2982): Illuminate\Pipeline\Pipeline->Illuminate\Pipeline\{closure}(Object(Illuminate\Http\Request))
#72 [internal function]: Illuminate\Foundation\Http\Middleware\CheckForMaintenanceMode->handle(Object(Illuminate\Http\Request), Object(Closure))
#73 /var/www/html/epssf/bootstrap/cache/compiled.php(9649): call_user_func_array(Array, Array)
#74 [internal function]: Illuminate\Pipeline\Pipeline->Illuminate\Pipeline\{closure}(Object(Illuminate\Http\Request))
#75 /var/www/html/epssf/bootstrap/cache/compiled.php(9639): call_user_func(Object(Closure), Object(Illuminate\Http\Request))
#76 /var/www/html/epssf/bootstrap/cache/compiled.php(2257): Illuminate\Pipeline\Pipeline->then(Object(Closure))
#77 /var/www/html/epssf/bootstrap/cache/compiled.php(2240): Illuminate\Foundation\Http\Kernel->sendRequestThroughRouter(Object(Illuminate\Http\Request))
#78 /var/www/html/epssf/public/index.php(56): Illuminate\Foundation\Http\Kernel->handle(Object(Illuminate\Http\Request))
#79 {main}  
[2022-04-05 06:18:05] local.INFO: gracemukakagoro@gmail.com is viewing loan index  
[2022-04-05 06:18:39] local.INFO: gracemukakagoro@gmail.com is adding member to loan form  
[2022-04-05 06:20:44] local.INFO: gracemukakagoro@gmail.com is setting loan cautionneur  
[2022-04-05 06:21:05] local.INFO: gracemukakagoro@gmail.com is setting loan cautionneur  
[2022-04-05 06:21:39] local.INFO: gracemukakagoro@gmail.com is completing loan request  
[2022-04-05 06:21:39] local.INFO: Pretending to mail message to: 20210189@epssf.rw  
[2022-04-05 06:21:47] local.INFO: gracemukakagoro@gmail.com viewed member list  
[2022-04-05 06:22:19] local.INFO: gracemukakagoro@gmail.com is viewing blocked loan  
[2022-04-05 06:22:45] local.INFO: gracemukakagoro@gmail.com is viewing blocking form loan with id355  
[2022-04-05 06:23:14] local.INFO: gracemukakagoro@gmail.com is  unblocking loan with details {"_token":"P13r9VKbRaSfie5Xhkv35eH2TReI9DrRo9IcnBOc","loanid":"355","cheque_number":"126677000000","bank_id":"BK","amount_bonded":0}  
[2022-04-05 06:23:15] local.INFO: Pretending to mail message to: 20210189@epssf.rw  
[2022-04-05 06:23:16] local.INFO: gracemukakagoro@gmail.com is viewing blocked loan  
[2022-04-05 06:23:20] local.INFO: gracemukakagoro@gmail.com viewed member list  
[2022-04-05 06:23:25] local.INFO: gracemukakagoro@gmail.com is viewing pending loan  
[2022-04-05 06:23:35] local.INFO: gracemukakagoro@gmail.com is checking loan status  
[2022-04-05 06:23:36] local.INFO: Pretending to mail message to: 20210189@epssf.rw  
[2022-04-05 06:23:37] local.INFO: gracemukakagoro@gmail.com is viewing report contract loan  
[2022-04-05 06:24:25] local.INFO: gracemukakagoro@gmail.com viewed member list  
[2022-04-05 06:24:59] local.ERROR: ErrorException: Trying to get property 'loan_to_repay' of non-object in /var/www/html/epssf/app/Models/User.php:783
Stack trace:
#0 /var/www/html/epssf/app/Models/User.php(783): Illuminate\Foundation\Bootstrap\HandleExceptions->handleError(8, 'Trying to get p...', '/var/www/html/e...', 783, Array)
#1 /var/www/html/epssf/app/Models/User.php(802): Ceb\Models\User->loanMonthlyFees()
#2 /var/www/html/epssf/bootstrap/cache/compiled.php(10995): Ceb\Models\User->getLoanMonthlyFeeAttribute(NULL)
#3 /var/www/html/epssf/bootstrap/cache/compiled.php(10955): Illuminate\Database\Eloquent\Model->mutateAttribute('loan_monthly_fe...', NULL)
#4 /var/www/html/epssf/bootstrap/cache/compiled.php(10947): Illuminate\Database\Eloquent\Model->getAttributeValue('loan_monthly_fe...')
#5 /var/www/html/epssf/bootstrap/cache/compiled.php(11269): Illuminate\Database\Eloquent\Model->getAttribute('loan_monthly_fe...')
#6 /var/www/html/epssf/storage/framework/views/a65a55c1059d1bca693c1e762341970c(25): Illuminate\Database\Eloquent\Model->__get('loan_monthly_fe...')
#7 /var/www/html/epssf/bootstrap/cache/compiled.php(14794): include('/var/www/html/e...')
#8 /var/www/html/epssf/bootstrap/cache/compiled.php(14830): Illuminate\View\Engines\PhpEngine->evaluatePath('/var/www/html/e...', Array)
#9 /var/www/html/epssf/bootstrap/cache/compiled.php(14663): Illuminate\View\Engines\CompilerEngine->get('/var/www/html/e...', Array)
#10 /var/www/html/epssf/bootstrap/cache/compiled.php(14651): Illuminate\View\View->getContents()
#11 /var/www/html/epssf/bootstrap/cache/compiled.php(14635): Illuminate\View\View->renderContents()
#12 /var/www/html/epssf/storage/framework/views/e697f9ccab0a547665dd8b3934bd2903(9): Illuminate\View\View->render()
#13 /var/www/html/epssf/bootstrap/cache/compiled.php(14794): include('/var/www/html/e...')
#14 /var/www/html/epssf/bootstrap/cache/compiled.php(14830): Illuminate\View\Engines\PhpEngine->evaluatePath('/var/www/html/e...', Array)
#15 /var/www/html/epssf/bootstrap/cache/compiled.php(14663): Illuminate\View\Engines\CompilerEngine->get('/var/www/html/e...', Array)
#16 /var/www/html/epssf/bootstrap/cache/compiled.php(14651): Illuminate\View\View->getContents()
#17 /var/www/html/epssf/bootstrap/cache/compiled.php(14635): Illuminate\View\View->renderContents()
#18 /var/www/html/epssf/storage/framework/views/94707879c3dd768d310348d7d37983fa(14): Illuminate\View\View->render()
#19 /var/www/html/epssf/bootstrap/cache/compiled.php(14794): include('/var/www/html/e...')
#20 /var/www/html/epssf/bootstrap/cache/compiled.php(14830): Illuminate\View\Engines\PhpEngine->evaluatePath('/var/www/html/e...', Array)
#21 /var/www/html/epssf/bootstrap/cache/compiled.php(14663): Illuminate\View\Engines\CompilerEngine->get('/var/www/html/e...', Array)
#22 /var/www/html/epssf/bootstrap/cache/compiled.php(14651): Illuminate\View\View->getContents()
#23 /var/www/html/epssf/bootstrap/cache/compiled.php(14635): Illuminate\View\View->renderContents()
#24 /var/www/html/epssf/bootstrap/cache/compiled.php(15795): Illuminate\View\View->render()
#25 /var/www/html/epssf/bootstrap/cache/compiled.php(15312): Illuminate\Http\Response->setContent(Object(Illuminate\View\View))
#26 /var/www/html/epssf/bootstrap/cache/compiled.php(7750): Symfony\Component\HttpFoundation\Response->__construct(Object(Illuminate\View\View))
#27 /var/www/html/epssf/bootstrap/cache/compiled.php(8986): Illuminate\Routing\Router->prepareResponse(Object(Illuminate\Http\Request), Object(Illuminate\View\View))
#28 [internal function]: Illuminate\Routing\ControllerDispatcher->Illuminate\Routing\{closure}(Object(Illuminate\Http\Request))
#29 /var/www/html/epssf/bootstrap/cache/compiled.php(9657): call_user_func(Object(Closure), Object(Illuminate\Http\Request))
#30 /var/www/html/epssf/vendor/rydurham/sentinel/src/Sentinel/Middleware/SentryAuth.php(28): Illuminate\Pipeline\Pipeline->Illuminate\Pipeline\{closure}(Object(Illuminate\Http\Request))
#31 [internal function]: Sentinel\Middleware\SentryAuth->handle(Object(Illuminate\Http\Request), Object(Closure))
#32 /var/www/html/epssf/bootstrap/cache/compiled.php(9649): call_user_func_array(Array, Array)
#33 [internal function]: Illuminate\Pipeline\Pipeline->Illuminate\Pipeline\{closure}(Object(Illuminate\Http\Request))
#34 /var/www/html/epssf/bootstrap/cache/compiled.php(9639): call_user_func(Object(Closure), Object(Illuminate\Http\Request))
#35 /var/www/html/epssf/bootstrap/cache/compiled.php(8987): Illuminate\Pipeline\Pipeline->then(Object(Closure))
#36 /var/www/html/epssf/bootstrap/cache/compiled.php(8972): Illuminate\Routing\ControllerDispatcher->callWithinStack(Object(Ceb\Http\Controllers\MemberController), Object(Illuminate\Routing\Route), Object(Illuminate\Http\Request), 'show')
#37 /var/www/html/epssf/bootstrap/cache/compiled.php(7917): Illuminate\Routing\ControllerDispatcher->dispatch(Object(Illuminate\Routing\Route), Object(Illuminate\Http\Request), 'Ceb\\Http\\Contro...', 'show')
#38 /var/www/html/epssf/bootstrap/cache/compiled.php(7888): Illuminate\Routing\Route->runWithCustomDispatcher(Object(Illuminate\Http\Request))
#39 /var/www/html/epssf/bootstrap/cache/compiled.php(7541): Illuminate\Routing\Route->run(Object(Illuminate\Http\Request))
#40 [internal function]: Illuminate\Routing\Router->Illuminate\Routing\{closure}(Object(Illuminate\Http\Request))
#41 /var/www/html/epssf/bootstrap/cache/compiled.php(9657): call_user_func(Object(Closure), Object(Illuminate\Http\Request))
#42 /var/www/html/epssf/vendor/rydurham/sentinel/src/Sentinel/Middleware/SentryAuth.php(28): Illuminate\Pipeline\Pipeline->Illuminate\Pipeline\{closure}(Object(Illuminate\Http\Request))
#43 [internal function]: Sentinel\Middleware\SentryAuth->handle(Object(Illuminate\Http\Request), Object(Closure))
#44 /var/www/html/epssf/bootstrap/cache/compiled.php(9649): call_user_func_array(Array, Array)
#45 [internal function]: Illuminate\Pipeline\Pipeline->Illuminate\Pipeline\{closure}(Object(Illuminate\Http\Request))
#46 /var/www/html/epssf/bootstrap/cache/compiled.php(9639): call_user_func(Object(Closure), Object(Illuminate\Http\Request))
#47 /var/www/html/epssf/bootstrap/cache/compiled.php(7542): Illuminate\Pipeline\Pipeline->then(Object(Closure))
#48 /var/www/html/epssf/bootstrap/cache/compiled.php(7530): Illuminate\Routing\Router->runRouteWithinStack(Object(Illuminate\Routing\Route), Object(Illuminate\Http\Request))
#49 /var/www/html/epssf/bootstrap/cache/compiled.php(7515): Illuminate\Routing\Router->dispatchToRoute(Object(Illuminate\Http\Request))
#50 /var/www/html/epssf/bootstrap/cache/compiled.php(2310): Illuminate\Routing\Router->dispatch(Object(Illuminate\Http\Request))
#51 [internal function]: Illuminate\Foundation\Http\Kernel->Illuminate\Foundation\Http\{closure}(Object(Illuminate\Http\Request))
#52 /var/www/html/epssf/bootstrap/cache/compiled.php(9657): call_user_func(Object(Closure), Object(Illuminate\Http\Request))
#53 /var/www/html/epssf/app/Http/Middleware/LocaleMiddleware.php(20): Illuminate\Pipeline\Pipeline->Illuminate\Pipeline\{closure}(Object(Illuminate\Http\Request))
#54 [internal function]: Ceb\Http\Middleware\LocaleMiddleware->handle(Object(Illuminate\Http\Request), Object(Closure))
#55 /var/www/html/epssf/bootstrap/cache/compiled.php(9649): call_user_func_array(Array, Array)
#56 /var/www/html/epssf/bootstrap/cache/compiled.php(2925): Illuminate\Pipeline\Pipeline->Illuminate\Pipeline\{closure}(Object(Illuminate\Http\Request))
#57 [internal function]: Illuminate\Foundation\Http\Middleware\VerifyCsrfToken->handle(Object(Illuminate\Http\Request), Object(Closure))
#58 /var/www/html/epssf/bootstrap/cache/compiled.php(9649): call_user_func_array(Array, Array)
#59 /var/www/html/epssf/bootstrap/cache/compiled.php(13008): Illuminate\Pipeline\Pipeline->Illuminate\Pipeline\{closure}(Object(Illuminate\Http\Request))
#60 [internal function]: Illuminate\View\Middleware\ShareErrorsFromSession->handle(Object(Illuminate\Http\Request), Object(Closure))
#61 /var/www/html/epssf/bootstrap/cache/compiled.php(9649): call_user_func_array(Array, Array)
#62 /var/www/html/epssf/bootstrap/cache/compiled.php(11600): Illuminate\Pipeline\Pipeline->Illuminate\Pipeline\{closure}(Object(Illuminate\Http\Request))
#63 [internal function]: Illuminate\Session\Middleware\StartSession->handle(Object(Illuminate\Http\Request), Object(Closure))
#64 /var/www/html/epssf/bootstrap/cache/compiled.php(9649): call_user_func_array(Array, Array)
#65 /var/www/html/epssf/bootstrap/cache/compiled.php(12745): Illuminate\Pipeline\Pipeline->Illuminate\Pipeline\{closure}(Object(Illuminate\Http\Request))
#66 [internal function]: Illuminate\Cookie\Middleware\AddQueuedCookiesToResponse->handle(Object(Illuminate\Http\Request), Object(Closure))
#67 /var/www/html/epssf/bootstrap/cache/compiled.php(9649): call_user_func_array(Array, Array)
#68 /var/www/html/epssf/bootstrap/cache/compiled.php(12682): Illuminate\Pipeline\Pipeline->Illuminate\Pipeline\{closure}(Object(Illuminate\Http\Request))
#69 [internal function]: Illuminate\Cookie\Middleware\EncryptCookies->handle(Object(Illuminate\Http\Request), Object(Closure))
#70 /var/www/html/epssf/bootstrap/cache/compiled.php(9649): call_user_func_array(Array, Array)
#71 /var/www/html/epssf/bootstrap/cache/compiled.php(2982): Illuminate\Pipeline\Pipeline->Illuminate\Pipeline\{closure}(Object(Illuminate\Http\Request))
#72 [internal function]: Illuminate\Foundation\Http\Middleware\CheckForMaintenanceMode->handle(Object(Illuminate\Http\Request), Object(Closure))
#73 /var/www/html/epssf/bootstrap/cache/compiled.php(9649): call_user_func_array(Array, Array)
#74 [internal function]: Illuminate\Pipeline\Pipeline->Illuminate\Pipeline\{closure}(Object(Illuminate\Http\Request))
#75 /var/www/html/epssf/bootstrap/cache/compiled.php(9639): call_user_func(Object(Closure), Object(Illuminate\Http\Request))
#76 /var/www/html/epssf/bootstrap/cache/compiled.php(2257): Illuminate\Pipeline\Pipeline->then(Object(Closure))
#77 /var/www/html/epssf/bootstrap/cache/compiled.php(2240): Illuminate\Foundation\Http\Kernel->sendRequestThroughRouter(Object(Illuminate\Http\Request))
#78 /var/www/html/epssf/public/index.php(56): Illuminate\Foundation\Http\Kernel->handle(Object(Illuminate\Http\Request))
#79 {main}  
[2022-04-05 06:24:59] local.ERROR: ErrorException: Trying to get property 'loan_to_repay' of non-object in /var/www/html/epssf/app/Models/User.php:783
Stack trace:
#0 /var/www/html/epssf/app/Models/User.php(783): Illuminate\Foundation\Bootstrap\HandleExceptions->handleError(8, 'Trying to get p...', '/var/www/html/e...', 783, Array)
#1 /var/www/html/epssf/app/Models/User.php(446): Ceb\Models\User->loanMonthlyFees()
#2 /var/www/html/epssf/app/Models/User.php(524): Ceb\Models\User->remainingInstallment()
#3 /var/www/html/epssf/bootstrap/cache/compiled.php(10995): Ceb\Models\User->getRemainingTranchesAttribute(NULL)
#4 /var/www/html/epssf/bootstrap/cache/compiled.php(10955): Illuminate\Database\Eloquent\Model->mutateAttribute('remaining_tranc...', NULL)
#5 /var/www/html/epssf/bootstrap/cache/compiled.php(10947): Illuminate\Database\Eloquent\Model->getAttributeValue('remaining_tranc...')
#6 /var/www/html/epssf/bootstrap/cache/compiled.php(11269): Illuminate\Database\Eloquent\Model->getAttribute('remaining_tranc...')
#7 /var/www/html/epssf/storage/framework/views/a65a55c1059d1bca693c1e762341970c(34): Illuminate\Database\Eloquent\Model->__get('remaining_tranc...')
#8 /var/www/html/epssf/bootstrap/cache/compiled.php(14794): include('/var/www/html/e...')
#9 /var/www/html/epssf/bootstrap/cache/compiled.php(14830): Illuminate\View\Engines\PhpEngine->evaluatePath('/var/www/html/e...', Array)
#10 /var/www/html/epssf/bootstrap/cache/compiled.php(14663): Illuminate\View\Engines\CompilerEngine->get('/var/www/html/e...', Array)
#11 /var/www/html/epssf/bootstrap/cache/compiled.php(14651): Illuminate\View\View->getContents()
#12 /var/www/html/epssf/bootstrap/cache/compiled.php(14635): Illuminate\View\View->renderContents()
#13 /var/www/html/epssf/storage/framework/views/e697f9ccab0a547665dd8b3934bd2903(9): Illuminate\View\View->render()
#14 /var/www/html/epssf/bootstrap/cache/compiled.php(14794): include('/var/www/html/e...')
#15 /var/www/html/epssf/bootstrap/cache/compiled.php(14830): Illuminate\View\Engines\PhpEngine->evaluatePath('/var/www/html/e...', Array)
#16 /var/www/html/epssf/bootstrap/cache/compiled.php(14663): Illuminate\View\Engines\CompilerEngine->get('/var/www/html/e...', Array)
#17 /var/www/html/epssf/bootstrap/cache/compiled.php(14651): Illuminate\View\View->getContents()
#18 /var/www/html/epssf/bootstrap/cache/compiled.php(14635): Illuminate\View\View->renderContents()
#19 /var/www/html/epssf/storage/framework/views/94707879c3dd768d310348d7d37983fa(14): Illuminate\View\View->render()
#20 /var/www/html/epssf/bootstrap/cache/compiled.php(14794): include('/var/www/html/e...')
#21 /var/www/html/epssf/bootstrap/cache/compiled.php(14830): Illuminate\View\Engines\PhpEngine->evaluatePath('/var/www/html/e...', Array)
#22 /var/www/html/epssf/bootstrap/cache/compiled.php(14663): Illuminate\View\Engines\CompilerEngine->get('/var/www/html/e...', Array)
#23 /var/www/html/epssf/bootstrap/cache/compiled.php(14651): Illuminate\View\View->getContents()
#24 /var/www/html/epssf/bootstrap/cache/compiled.php(14635): Illuminate\View\View->renderContents()
#25 /var/www/html/epssf/bootstrap/cache/compiled.php(15795): Illuminate\View\View->render()
#26 /var/www/html/epssf/bootstrap/cache/compiled.php(15312): Illuminate\Http\Response->setContent(Object(Illuminate\View\View))
#27 /var/www/html/epssf/bootstrap/cache/compiled.php(7750): Symfony\Component\HttpFoundation\Response->__construct(Object(Illuminate\View\View))
#28 /var/www/html/epssf/bootstrap/cache/compiled.php(8986): Illuminate\Routing\Router->prepareResponse(Object(Illuminate\Http\Request), Object(Illuminate\View\View))
#29 [internal function]: Illuminate\Routing\ControllerDispatcher->Illuminate\Routing\{closure}(Object(Illuminate\Http\Request))
#30 /var/www/html/epssf/bootstrap/cache/compiled.php(9657): call_user_func(Object(Closure), Object(Illuminate\Http\Request))
#31 /var/www/html/epssf/vendor/rydurham/sentinel/src/Sentinel/Middleware/SentryAuth.php(28): Illuminate\Pipeline\Pipeline->Illuminate\Pipeline\{closure}(Object(Illuminate\Http\Request))
#32 [internal function]: Sentinel\Middleware\SentryAuth->handle(Object(Illuminate\Http\Request), Object(Closure))
#33 /var/www/html/epssf/bootstrap/cache/compiled.php(9649): call_user_func_array(Array, Array)
#34 [internal function]: Illuminate\Pipeline\Pipeline->Illuminate\Pipeline\{closure}(Object(Illuminate\Http\Request))
#35 /var/www/html/epssf/bootstrap/cache/compiled.php(9639): call_user_func(Object(Closure), Object(Illuminate\Http\Request))
#36 /var/www/html/epssf/bootstrap/cache/compiled.php(8987): Illuminate\Pipeline\Pipeline->then(Object(Closure))
#37 /var/www/html/epssf/bootstrap/cache/compiled.php(8972): Illuminate\Routing\ControllerDispatcher->callWithinStack(Object(Ceb\Http\Controllers\MemberController), Object(Illuminate\Routing\Route), Object(Illuminate\Http\Request), 'show')
#38 /var/www/html/epssf/bootstrap/cache/compiled.php(7917): Illuminate\Routing\ControllerDispatcher->dispatch(Object(Illuminate\Routing\Route), Object(Illuminate\Http\Request), 'Ceb\\Http\\Contro...', 'show')
#39 /var/www/html/epssf/bootstrap/cache/compiled.php(7888): Illuminate\Routing\Route->runWithCustomDispatcher(Object(Illuminate\Http\Request))
#40 /var/www/html/epssf/bootstrap/cache/compiled.php(7541): Illuminate\Routing\Route->run(Object(Illuminate\Http\Request))
#41 [internal function]: Illuminate\Routing\Router->Illuminate\Routing\{closure}(Object(Illuminate\Http\Request))
#42 /var/www/html/epssf/bootstrap/cache/compiled.php(9657): call_user_func(Object(Closure), Object(Illuminate\Http\Request))
#43 /var/www/html/epssf/vendor/rydurham/sentinel/src/Sentinel/Middleware/SentryAuth.php(28): Illuminate\Pipeline\Pipeline->Illuminate\Pipeline\{closure}(Object(Illuminate\Http\Request))
#44 [internal function]: Sentinel\Middleware\SentryAuth->handle(Object(Illuminate\Http\Request), Object(Closure))
#45 /var/www/html/epssf/bootstrap/cache/compiled.php(9649): call_user_func_array(Array, Array)
#46 [internal function]: Illuminate\Pipeline\Pipeline->Illuminate\Pipeline\{closure}(Object(Illuminate\Http\Request))
#47 /var/www/html/epssf/bootstrap/cache/compiled.php(9639): call_user_func(Object(Closure), Object(Illuminate\Http\Request))
#48 /var/www/html/epssf/bootstrap/cache/compiled.php(7542): Illuminate\Pipeline\Pipeline->then(Object(Closure))
#49 /var/www/html/epssf/bootstrap/cache/compiled.php(7530): Illuminate\Routing\Router->runRouteWithinStack(Object(Illuminate\Routing\Route), Object(Illuminate\Http\Request))
#50 /var/www/html/epssf/bootstrap/cache/compiled.php(7515): Illuminate\Routing\Router->dispatchToRoute(Object(Illuminate\Http\Request))
#51 /var/www/html/epssf/bootstrap/cache/compiled.php(2310): Illuminate\Routing\Router->dispatch(Object(Illuminate\Http\Request))
#52 [internal function]: Illuminate\Foundation\Http\Kernel->Illuminate\Foundation\Http\{closure}(Object(Illuminate\Http\Request))
#53 /var/www/html/epssf/bootstrap/cache/compiled.php(9657): call_user_func(Object(Closure), Object(Illuminate\Http\Request))
#54 /var/www/html/epssf/app/Http/Middleware/LocaleMiddleware.php(20): Illuminate\Pipeline\Pipeline->Illuminate\Pipeline\{closure}(Object(Illuminate\Http\Request))
#55 [internal function]: Ceb\Http\Middleware\LocaleMiddleware->handle(Object(Illuminate\Http\Request), Object(Closure))
#56 /var/www/html/epssf/bootstrap/cache/compiled.php(9649): call_user_func_array(Array, Array)
#57 /var/www/html/epssf/bootstrap/cache/compiled.php(2925): Illuminate\Pipeline\Pipeline->Illuminate\Pipeline\{closure}(Object(Illuminate\Http\Request))
#58 [internal function]: Illuminate\Foundation\Http\Middleware\VerifyCsrfToken->handle(Object(Illuminate\Http\Request), Object(Closure))
#59 /var/www/html/epssf/bootstrap/cache/compiled.php(9649): call_user_func_array(Array, Array)
#60 /var/www/html/epssf/bootstrap/cache/compiled.php(13008): Illuminate\Pipeline\Pipeline->Illuminate\Pipeline\{closure}(Object(Illuminate\Http\Request))
#61 [internal function]: Illuminate\View\Middleware\ShareErrorsFromSession->handle(Object(Illuminate\Http\Request), Object(Closure))
#62 /var/www/html/epssf/bootstrap/cache/compiled.php(9649): call_user_func_array(Array, Array)
#63 /var/www/html/epssf/bootstrap/cache/compiled.php(11600): Illuminate\Pipeline\Pipeline->Illuminate\Pipeline\{closure}(Object(Illuminate\Http\Request))
#64 [internal function]: Illuminate\Session\Middleware\StartSession->handle(Object(Illuminate\Http\Request), Object(Closure))
#65 /var/www/html/epssf/bootstrap/cache/compiled.php(9649): call_user_func_array(Array, Array)
#66 /var/www/html/epssf/bootstrap/cache/compiled.php(12745): Illuminate\Pipeline\Pipeline->Illuminate\Pipeline\{closure}(Object(Illuminate\Http\Request))
#67 [internal function]: Illuminate\Cookie\Middleware\AddQueuedCookiesToResponse->handle(Object(Illuminate\Http\Request), Object(Closure))
#68 /var/www/html/epssf/bootstrap/cache/compiled.php(9649): call_user_func_array(Array, Array)
#69 /var/www/html/epssf/bootstrap/cache/compiled.php(12682): Illuminate\Pipeline\Pipeline->Illuminate\Pipeline\{closure}(Object(Illuminate\Http\Request))
#70 [internal function]: Illuminate\Cookie\Middleware\EncryptCookies->handle(Object(Illuminate\Http\Request), Object(Closure))
#71 /var/www/html/epssf/bootstrap/cache/compiled.php(9649): call_user_func_array(Array, Array)
#72 /var/www/html/epssf/bootstrap/cache/compiled.php(2982): Illuminate\Pipeline\Pipeline->Illuminate\Pipeline\{closure}(Object(Illuminate\Http\Request))
#73 [internal function]: Illuminate\Foundation\Http\Middleware\CheckForMaintenanceMode->handle(Object(Illuminate\Http\Request), Object(Closure))
#74 /var/www/html/epssf/bootstrap/cache/compiled.php(9649): call_user_func_array(Array, Array)
#75 [internal function]: Illuminate\Pipeline\Pipeline->Illuminate\Pipeline\{closure}(Object(Illuminate\Http\Request))
#76 /var/www/html/epssf/bootstrap/cache/compiled.php(9639): call_user_func(Object(Closure), Object(Illuminate\Http\Request))
#77 /var/www/html/epssf/bootstrap/cache/compiled.php(2257): Illuminate\Pipeline\Pipeline->then(Object(Closure))
#78 /var/www/html/epssf/bootstrap/cache/compiled.php(2240): Illuminate\Foundation\Http\Kernel->sendRequestThroughRouter(Object(Illuminate\Http\Request))
#79 /var/www/html/epssf/public/index.php(56): Illuminate\Foundation\Http\Kernel->handle(Object(Illuminate\Http\Request))
#80 {main}  
[2022-04-05 06:48:03] local.INFO: gracemukakagoro@gmail.com viewed member list  
[2022-04-05 06:48:13] local.INFO: gracemukakagoro@gmail.com is viewing reports charts index  
[2022-04-05 06:48:18] local.INFO: gracemukakagoro@gmail.com is viewing journal report  
[2022-04-05 06:49:36] local.INFO: gracemukakagoro@gmail.com viewed member list  
[2022-04-05 06:57:58] local.INFO: gracemukakagoro@gmail.com viewed member list  
[2022-04-05 08:19:52] local.INFO: gracemukakagoro@gmail.com is viewing reports charts index  
[2022-04-05 08:22:31] local.INFO: gracemukakagoro@gmail.com is viewing ledger report  
[2022-04-05 08:22:49] local.INFO: gracemukakagoro@gmail.com is viewing ledger report  
[2022-04-05 08:24:42] local.INFO: gracemukakagoro@gmail.com is viewing bilan report  
[2022-04-05 08:33:03] local.INFO: gracemukakagoro@gmail.com is viewing reports charts index  
[2022-04-05 08:37:06] local.INFO: gracemukakagoro@gmail.com is viewing accounts list report  
[2022-04-05 08:37:06] local.INFO: gracemukakagoro@gmail.com is viewing accounts list report  
[2022-04-05 08:40:24] local.INFO: gracemukakagoro@gmail.com starts to view accounting forms  
[2022-04-05 08:41:56] local.INFO: gracemukakagoro@gmail.com is viewing reports charts index  
[2022-04-05 08:54:04] local.INFO: gracemukakagoro@gmail.com is viewing bilan report  
[2022-04-05 09:14:47] local.INFO: gracemukakagoro@gmail.com viewed member list  
[2022-04-05 09:14:56] local.ERROR: ErrorException: Trying to get property 'loan_to_repay' of non-object in /var/www/html/epssf/app/Models/User.php:783
Stack trace:
#0 /var/www/html/epssf/app/Models/User.php(783): Illuminate\Foundation\Bootstrap\HandleExceptions->handleError(8, 'Trying to get p...', '/var/www/html/e...', 783, Array)
#1 /var/www/html/epssf/app/Models/User.php(802): Ceb\Models\User->loanMonthlyFees()
#2 /var/www/html/epssf/bootstrap/cache/compiled.php(10995): Ceb\Models\User->getLoanMonthlyFeeAttribute(NULL)
#3 /var/www/html/epssf/bootstrap/cache/compiled.php(10955): Illuminate\Database\Eloquent\Model->mutateAttribute('loan_monthly_fe...', NULL)
#4 /var/www/html/epssf/bootstrap/cache/compiled.php(10947): Illuminate\Database\Eloquent\Model->getAttributeValue('loan_monthly_fe...')
#5 /var/www/html/epssf/bootstrap/cache/compiled.php(11269): Illuminate\Database\Eloquent\Model->getAttribute('loan_monthly_fe...')
#6 /var/www/html/epssf/storage/framework/views/a65a55c1059d1bca693c1e762341970c(25): Illuminate\Database\Eloquent\Model->__get('loan_monthly_fe...')
#7 /var/www/html/epssf/bootstrap/cache/compiled.php(14794): include('/var/www/html/e...')
#8 /var/www/html/epssf/bootstrap/cache/compiled.php(14830): Illuminate\View\Engines\PhpEngine->evaluatePath('/var/www/html/e...', Array)
#9 /var/www/html/epssf/bootstrap/cache/compiled.php(14663): Illuminate\View\Engines\CompilerEngine->get('/var/www/html/e...', Array)
#10 /var/www/html/epssf/bootstrap/cache/compiled.php(14651): Illuminate\View\View->getContents()
#11 /var/www/html/epssf/bootstrap/cache/compiled.php(14635): Illuminate\View\View->renderContents()
#12 /var/www/html/epssf/storage/framework/views/e697f9ccab0a547665dd8b3934bd2903(9): Illuminate\View\View->render()
#13 /var/www/html/epssf/bootstrap/cache/compiled.php(14794): include('/var/www/html/e...')
#14 /var/www/html/epssf/bootstrap/cache/compiled.php(14830): Illuminate\View\Engines\PhpEngine->evaluatePath('/var/www/html/e...', Array)
#15 /var/www/html/epssf/bootstrap/cache/compiled.php(14663): Illuminate\View\Engines\CompilerEngine->get('/var/www/html/e...', Array)
#16 /var/www/html/epssf/bootstrap/cache/compiled.php(14651): Illuminate\View\View->getContents()
#17 /var/www/html/epssf/bootstrap/cache/compiled.php(14635): Illuminate\View\View->renderContents()
#18 /var/www/html/epssf/storage/framework/views/94707879c3dd768d310348d7d37983fa(14): Illuminate\View\View->render()
#19 /var/www/html/epssf/bootstrap/cache/compiled.php(14794): include('/var/www/html/e...')
#20 /var/www/html/epssf/bootstrap/cache/compiled.php(14830): Illuminate\View\Engines\PhpEngine->evaluatePath('/var/www/html/e...', Array)
#21 /var/www/html/epssf/bootstrap/cache/compiled.php(14663): Illuminate\View\Engines\CompilerEngine->get('/var/www/html/e...', Array)
#22 /var/www/html/epssf/bootstrap/cache/compiled.php(14651): Illuminate\View\View->getContents()
#23 /var/www/html/epssf/bootstrap/cache/compiled.php(14635): Illuminate\View\View->renderContents()
#24 /var/www/html/epssf/bootstrap/cache/compiled.php(15795): Illuminate\View\View->render()
#25 /var/www/html/epssf/bootstrap/cache/compiled.php(15312): Illuminate\Http\Response->setContent(Object(Illuminate\View\View))
#26 /var/www/html/epssf/bootstrap/cache/compiled.php(7750): Symfony\Component\HttpFoundation\Response->__construct(Object(Illuminate\View\View))
#27 /var/www/html/epssf/bootstrap/cache/compiled.php(8986): Illuminate\Routing\Router->prepareResponse(Object(Illuminate\Http\Request), Object(Illuminate\View\View))
#28 [internal function]: Illuminate\Routing\ControllerDispatcher->Illuminate\Routing\{closure}(Object(Illuminate\Http\Request))
#29 /var/www/html/epssf/bootstrap/cache/compiled.php(9657): call_user_func(Object(Closure), Object(Illuminate\Http\Request))
#30 /var/www/html/epssf/vendor/rydurham/sentinel/src/Sentinel/Middleware/SentryAuth.php(28): Illuminate\Pipeline\Pipeline->Illuminate\Pipeline\{closure}(Object(Illuminate\Http\Request))
#31 [internal function]: Sentinel\Middleware\SentryAuth->handle(Object(Illuminate\Http\Request), Object(Closure))
#32 /var/www/html/epssf/bootstrap/cache/compiled.php(9649): call_user_func_array(Array, Array)
#33 [internal function]: Illuminate\Pipeline\Pipeline->Illuminate\Pipeline\{closure}(Object(Illuminate\Http\Request))
#34 /var/www/html/epssf/bootstrap/cache/compiled.php(9639): call_user_func(Object(Closure), Object(Illuminate\Http\Request))
#35 /var/www/html/epssf/bootstrap/cache/compiled.php(8987): Illuminate\Pipeline\Pipeline->then(Object(Closure))
#36 /var/www/html/epssf/bootstrap/cache/compiled.php(8972): Illuminate\Routing\ControllerDispatcher->callWithinStack(Object(Ceb\Http\Controllers\MemberController), Object(Illuminate\Routing\Route), Object(Illuminate\Http\Request), 'show')
#37 /var/www/html/epssf/bootstrap/cache/compiled.php(7917): Illuminate\Routing\ControllerDispatcher->dispatch(Object(Illuminate\Routing\Route), Object(Illuminate\Http\Request), 'Ceb\\Http\\Contro...', 'show')
#38 /var/www/html/epssf/bootstrap/cache/compiled.php(7888): Illuminate\Routing\Route->runWithCustomDispatcher(Object(Illuminate\Http\Request))
#39 /var/www/html/epssf/bootstrap/cache/compiled.php(7541): Illuminate\Routing\Route->run(Object(Illuminate\Http\Request))
#40 [internal function]: Illuminate\Routing\Router->Illuminate\Routing\{closure}(Object(Illuminate\Http\Request))
#41 /var/www/html/epssf/bootstrap/cache/compiled.php(9657): call_user_func(Object(Closure), Object(Illuminate\Http\Request))
#42 /var/www/html/epssf/vendor/rydurham/sentinel/src/Sentinel/Middleware/SentryAuth.php(28): Illuminate\Pipeline\Pipeline->Illuminate\Pipeline\{closure}(Object(Illuminate\Http\Request))
#43 [internal function]: Sentinel\Middleware\SentryAuth->handle(Object(Illuminate\Http\Request), Object(Closure))
#44 /var/www/html/epssf/bootstrap/cache/compiled.php(9649): call_user_func_array(Array, Array)
#45 [internal function]: Illuminate\Pipeline\Pipeline->Illuminate\Pipeline\{closure}(Object(Illuminate\Http\Request))
#46 /var/www/html/epssf/bootstrap/cache/compiled.php(9639): call_user_func(Object(Closure), Object(Illuminate\Http\Request))
#47 /var/www/html/epssf/bootstrap/cache/compiled.php(7542): Illuminate\Pipeline\Pipeline->then(Object(Closure))
#48 /var/www/html/epssf/bootstrap/cache/compiled.php(7530): Illuminate\Routing\Router->runRouteWithinStack(Object(Illuminate\Routing\Route), Object(Illuminate\Http\Request))
#49 /var/www/html/epssf/bootstrap/cache/compiled.php(7515): Illuminate\Routing\Router->dispatchToRoute(Object(Illuminate\Http\Request))
#50 /var/www/html/epssf/bootstrap/cache/compiled.php(2310): Illuminate\Routing\Router->dispatch(Object(Illuminate\Http\Request))
#51 [internal function]: Illuminate\Foundation\Http\Kernel->Illuminate\Foundation\Http\{closure}(Object(Illuminate\Http\Request))
#52 /var/www/html/epssf/bootstrap/cache/compiled.php(9657): call_user_func(Object(Closure), Object(Illuminate\Http\Request))
#53 /var/www/html/epssf/app/Http/Middleware/LocaleMiddleware.php(20): Illuminate\Pipeline\Pipeline->Illuminate\Pipeline\{closure}(Object(Illuminate\Http\Request))
#54 [internal function]: Ceb\Http\Middleware\LocaleMiddleware->handle(Object(Illuminate\Http\Request), Object(Closure))
#55 /var/www/html/epssf/bootstrap/cache/compiled.php(9649): call_user_func_array(Array, Array)
#56 /var/www/html/epssf/bootstrap/cache/compiled.php(2925): Illuminate\Pipeline\Pipeline->Illuminate\Pipeline\{closure}(Object(Illuminate\Http\Request))
#57 [internal function]: Illuminate\Foundation\Http\Middleware\VerifyCsrfToken->handle(Object(Illuminate\Http\Request), Object(Closure))
#58 /var/www/html/epssf/bootstrap/cache/compiled.php(9649): call_user_func_array(Array, Array)
#59 /var/www/html/epssf/bootstrap/cache/compiled.php(13008): Illuminate\Pipeline\Pipeline->Illuminate\Pipeline\{closure}(Object(Illuminate\Http\Request))
#60 [internal function]: Illuminate\View\Middleware\ShareErrorsFromSession->handle(Object(Illuminate\Http\Request), Object(Closure))
#61 /var/www/html/epssf/bootstrap/cache/compiled.php(9649): call_user_func_array(Array, Array)
#62 /var/www/html/epssf/bootstrap/cache/compiled.php(11600): Illuminate\Pipeline\Pipeline->Illuminate\Pipeline\{closure}(Object(Illuminate\Http\Request))
#63 [internal function]: Illuminate\Session\Middleware\StartSession->handle(Object(Illuminate\Http\Request), Object(Closure))
#64 /var/www/html/epssf/bootstrap/cache/compiled.php(9649): call_user_func_array(Array, Array)
#65 /var/www/html/epssf/bootstrap/cache/compiled.php(12745): Illuminate\Pipeline\Pipeline->Illuminate\Pipeline\{closure}(Object(Illuminate\Http\Request))
#66 [internal function]: Illuminate\Cookie\Middleware\AddQueuedCookiesToResponse->handle(Object(Illuminate\Http\Request), Object(Closure))
#67 /var/www/html/epssf/bootstrap/cache/compiled.php(9649): call_user_func_array(Array, Array)
#68 /var/www/html/epssf/bootstrap/cache/compiled.php(12682): Illuminate\Pipeline\Pipeline->Illuminate\Pipeline\{closure}(Object(Illuminate\Http\Request))
#69 [internal function]: Illuminate\Cookie\Middleware\EncryptCookies->handle(Object(Illuminate\Http\Request), Object(Closure))
#70 /var/www/html/epssf/bootstrap/cache/compiled.php(9649): call_user_func_array(Array, Array)
#71 /var/www/html/epssf/bootstrap/cache/compiled.php(2982): Illuminate\Pipeline\Pipeline->Illuminate\Pipeline\{closure}(Object(Illuminate\Http\Request))
#72 [internal function]: Illuminate\Foundation\Http\Middleware\CheckForMaintenanceMode->handle(Object(Illuminate\Http\Request), Object(Closure))
#73 /var/www/html/epssf/bootstrap/cache/compiled.php(9649): call_user_func_array(Array, Array)
#74 [internal function]: Illuminate\Pipeline\Pipeline->Illuminate\Pipeline\{closure}(Object(Illuminate\Http\Request))
#75 /var/www/html/epssf/bootstrap/cache/compiled.php(9639): call_user_func(Object(Closure), Object(Illuminate\Http\Request))
#76 /var/www/html/epssf/bootstrap/cache/compiled.php(2257): Illuminate\Pipeline\Pipeline->then(Object(Closure))
#77 /var/www/html/epssf/bootstrap/cache/compiled.php(2240): Illuminate\Foundation\Http\Kernel->sendRequestThroughRouter(Object(Illuminate\Http\Request))
#78 /var/www/html/epssf/public/index.php(56): Illuminate\Foundation\Http\Kernel->handle(Object(Illuminate\Http\Request))
#79 {main}  
[2022-04-05 10:16:40] local.INFO: gracemukakagoro@gmail.com viewed member list  
[2022-04-05 10:16:49] local.ERROR: ErrorException: Trying to get property 'loan_to_repay' of non-object in /var/www/html/epssf/app/Models/User.php:783
Stack trace:
#0 /var/www/html/epssf/app/Models/User.php(783): Illuminate\Foundation\Bootstrap\HandleExceptions->handleError(8, 'Trying to get p...', '/var/www/html/e...', 783, Array)
#1 /var/www/html/epssf/app/Models/User.php(802): Ceb\Models\User->loanMonthlyFees()
#2 /var/www/html/epssf/bootstrap/cache/compiled.php(10995): Ceb\Models\User->getLoanMonthlyFeeAttribute(NULL)
#3 /var/www/html/epssf/bootstrap/cache/compiled.php(10955): Illuminate\Database\Eloquent\Model->mutateAttribute('loan_monthly_fe...', NULL)
#4 /var/www/html/epssf/bootstrap/cache/compiled.php(10947): Illuminate\Database\Eloquent\Model->getAttributeValue('loan_monthly_fe...')
#5 /var/www/html/epssf/bootstrap/cache/compiled.php(11269): Illuminate\Database\Eloquent\Model->getAttribute('loan_monthly_fe...')
#6 /var/www/html/epssf/storage/framework/views/a65a55c1059d1bca693c1e762341970c(25): Illuminate\Database\Eloquent\Model->__get('loan_monthly_fe...')
#7 /var/www/html/epssf/bootstrap/cache/compiled.php(14794): include('/var/www/html/e...')
#8 /var/www/html/epssf/bootstrap/cache/compiled.php(14830): Illuminate\View\Engines\PhpEngine->evaluatePath('/var/www/html/e...', Array)
#9 /var/www/html/epssf/bootstrap/cache/compiled.php(14663): Illuminate\View\Engines\CompilerEngine->get('/var/www/html/e...', Array)
#10 /var/www/html/epssf/bootstrap/cache/compiled.php(14651): Illuminate\View\View->getContents()
#11 /var/www/html/epssf/bootstrap/cache/compiled.php(14635): Illuminate\View\View->renderContents()
#12 /var/www/html/epssf/storage/framework/views/e697f9ccab0a547665dd8b3934bd2903(9): Illuminate\View\View->render()
#13 /var/www/html/epssf/bootstrap/cache/compiled.php(14794): include('/var/www/html/e...')
#14 /var/www/html/epssf/bootstrap/cache/compiled.php(14830): Illuminate\View\Engines\PhpEngine->evaluatePath('/var/www/html/e...', Array)
#15 /var/www/html/epssf/bootstrap/cache/compiled.php(14663): Illuminate\View\Engines\CompilerEngine->get('/var/www/html/e...', Array)
#16 /var/www/html/epssf/bootstrap/cache/compiled.php(14651): Illuminate\View\View->getContents()
#17 /var/www/html/epssf/bootstrap/cache/compiled.php(14635): Illuminate\View\View->renderContents()
#18 /var/www/html/epssf/storage/framework/views/94707879c3dd768d310348d7d37983fa(14): Illuminate\View\View->render()
#19 /var/www/html/epssf/bootstrap/cache/compiled.php(14794): include('/var/www/html/e...')
#20 /var/www/html/epssf/bootstrap/cache/compiled.php(14830): Illuminate\View\Engines\PhpEngine->evaluatePath('/var/www/html/e...', Array)
#21 /var/www/html/epssf/bootstrap/cache/compiled.php(14663): Illuminate\View\Engines\CompilerEngine->get('/var/www/html/e...', Array)
#22 /var/www/html/epssf/bootstrap/cache/compiled.php(14651): Illuminate\View\View->getContents()
#23 /var/www/html/epssf/bootstrap/cache/compiled.php(14635): Illuminate\View\View->renderContents()
#24 /var/www/html/epssf/bootstrap/cache/compiled.php(15795): Illuminate\View\View->render()
#25 /var/www/html/epssf/bootstrap/cache/compiled.php(15312): Illuminate\Http\Response->setContent(Object(Illuminate\View\View))
#26 /var/www/html/epssf/bootstrap/cache/compiled.php(7750): Symfony\Component\HttpFoundation\Response->__construct(Object(Illuminate\View\View))
#27 /var/www/html/epssf/bootstrap/cache/compiled.php(8986): Illuminate\Routing\Router->prepareResponse(Object(Illuminate\Http\Request), Object(Illuminate\View\View))
#28 [internal function]: Illuminate\Routing\ControllerDispatcher->Illuminate\Routing\{closure}(Object(Illuminate\Http\Request))
#29 /var/www/html/epssf/bootstrap/cache/compiled.php(9657): call_user_func(Object(Closure), Object(Illuminate\Http\Request))
#30 /var/www/html/epssf/vendor/rydurham/sentinel/src/Sentinel/Middleware/SentryAuth.php(28): Illuminate\Pipeline\Pipeline->Illuminate\Pipeline\{closure}(Object(Illuminate\Http\Request))
#31 [internal function]: Sentinel\Middleware\SentryAuth->handle(Object(Illuminate\Http\Request), Object(Closure))
#32 /var/www/html/epssf/bootstrap/cache/compiled.php(9649): call_user_func_array(Array, Array)
#33 [internal function]: Illuminate\Pipeline\Pipeline->Illuminate\Pipeline\{closure}(Object(Illuminate\Http\Request))
#34 /var/www/html/epssf/bootstrap/cache/compiled.php(9639): call_user_func(Object(Closure), Object(Illuminate\Http\Request))
#35 /var/www/html/epssf/bootstrap/cache/compiled.php(8987): Illuminate\Pipeline\Pipeline->then(Object(Closure))
#36 /var/www/html/epssf/bootstrap/cache/compiled.php(8972): Illuminate\Routing\ControllerDispatcher->callWithinStack(Object(Ceb\Http\Controllers\MemberController), Object(Illuminate\Routing\Route), Object(Illuminate\Http\Request), 'show')
#37 /var/www/html/epssf/bootstrap/cache/compiled.php(7917): Illuminate\Routing\ControllerDispatcher->dispatch(Object(Illuminate\Routing\Route), Object(Illuminate\Http\Request), 'Ceb\\Http\\Contro...', 'show')
#38 /var/www/html/epssf/bootstrap/cache/compiled.php(7888): Illuminate\Routing\Route->runWithCustomDispatcher(Object(Illuminate\Http\Request))
#39 /var/www/html/epssf/bootstrap/cache/compiled.php(7541): Illuminate\Routing\Route->run(Object(Illuminate\Http\Request))
#40 [internal function]: Illuminate\Routing\Router->Illuminate\Routing\{closure}(Object(Illuminate\Http\Request))
#41 /var/www/html/epssf/bootstrap/cache/compiled.php(9657): call_user_func(Object(Closure), Object(Illuminate\Http\Request))
#42 /var/www/html/epssf/vendor/rydurham/sentinel/src/Sentinel/Middleware/SentryAuth.php(28): Illuminate\Pipeline\Pipeline->Illuminate\Pipeline\{closure}(Object(Illuminate\Http\Request))
#43 [internal function]: Sentinel\Middleware\SentryAuth->handle(Object(Illuminate\Http\Request), Object(Closure))
#44 /var/www/html/epssf/bootstrap/cache/compiled.php(9649): call_user_func_array(Array, Array)
#45 [internal function]: Illuminate\Pipeline\Pipeline->Illuminate\Pipeline\{closure}(Object(Illuminate\Http\Request))
#46 /var/www/html/epssf/bootstrap/cache/compiled.php(9639): call_user_func(Object(Closure), Object(Illuminate\Http\Request))
#47 /var/www/html/epssf/bootstrap/cache/compiled.php(7542): Illuminate\Pipeline\Pipeline->then(Object(Closure))
#48 /var/www/html/epssf/bootstrap/cache/compiled.php(7530): Illuminate\Routing\Router->runRouteWithinStack(Object(Illuminate\Routing\Route), Object(Illuminate\Http\Request))
#49 /var/www/html/epssf/bootstrap/cache/compiled.php(7515): Illuminate\Routing\Router->dispatchToRoute(Object(Illuminate\Http\Request))
#50 /var/www/html/epssf/bootstrap/cache/compiled.php(2310): Illuminate\Routing\Router->dispatch(Object(Illuminate\Http\Request))
#51 [internal function]: Illuminate\Foundation\Http\Kernel->Illuminate\Foundation\Http\{closure}(Object(Illuminate\Http\Request))
#52 /var/www/html/epssf/bootstrap/cache/compiled.php(9657): call_user_func(Object(Closure), Object(Illuminate\Http\Request))
#53 /var/www/html/epssf/app/Http/Middleware/LocaleMiddleware.php(20): Illuminate\Pipeline\Pipeline->Illuminate\Pipeline\{closure}(Object(Illuminate\Http\Request))
#54 [internal function]: Ceb\Http\Middleware\LocaleMiddleware->handle(Object(Illuminate\Http\Request), Object(Closure))
#55 /var/www/html/epssf/bootstrap/cache/compiled.php(9649): call_user_func_array(Array, Array)
#56 /var/www/html/epssf/bootstrap/cache/compiled.php(2925): Illuminate\Pipeline\Pipeline->Illuminate\Pipeline\{closure}(Object(Illuminate\Http\Request))
#57 [internal function]: Illuminate\Foundation\Http\Middleware\VerifyCsrfToken->handle(Object(Illuminate\Http\Request), Object(Closure))
#58 /var/www/html/epssf/bootstrap/cache/compiled.php(9649): call_user_func_array(Array, Array)
#59 /var/www/html/epssf/bootstrap/cache/compiled.php(13008): Illuminate\Pipeline\Pipeline->Illuminate\Pipeline\{closure}(Object(Illuminate\Http\Request))
#60 [internal function]: Illuminate\View\Middleware\ShareErrorsFromSession->handle(Object(Illuminate\Http\Request), Object(Closure))
#61 /var/www/html/epssf/bootstrap/cache/compiled.php(9649): call_user_func_array(Array, Array)
#62 /var/www/html/epssf/bootstrap/cache/compiled.php(11600): Illuminate\Pipeline\Pipeline->Illuminate\Pipeline\{closure}(Object(Illuminate\Http\Request))
#63 [internal function]: Illuminate\Session\Middleware\StartSession->handle(Object(Illuminate\Http\Request), Object(Closure))
#64 /var/www/html/epssf/bootstrap/cache/compiled.php(9649): call_user_func_array(Array, Array)
#65 /var/www/html/epssf/bootstrap/cache/compiled.php(12745): Illuminate\Pipeline\Pipeline->Illuminate\Pipeline\{closure}(Object(Illuminate\Http\Request))
#66 [internal function]: Illuminate\Cookie\Middleware\AddQueuedCookiesToResponse->handle(Object(Illuminate\Http\Request), Object(Closure))
#67 /var/www/html/epssf/bootstrap/cache/compiled.php(9649): call_user_func_array(Array, Array)
#68 /var/www/html/epssf/bootstrap/cache/compiled.php(12682): Illuminate\Pipeline\Pipeline->Illuminate\Pipeline\{closure}(Object(Illuminate\Http\Request))
#69 [internal function]: Illuminate\Cookie\Middleware\EncryptCookies->handle(Object(Illuminate\Http\Request), Object(Closure))
#70 /var/www/html/epssf/bootstrap/cache/compiled.php(9649): call_user_func_array(Array, Array)
#71 /var/www/html/epssf/bootstrap/cache/compiled.php(2982): Illuminate\Pipeline\Pipeline->Illuminate\Pipeline\{closure}(Object(Illuminate\Http\Request))
#72 [internal function]: Illuminate\Foundation\Http\Middleware\CheckForMaintenanceMode->handle(Object(Illuminate\Http\Request), Object(Closure))
#73 /var/www/html/epssf/bootstrap/cache/compiled.php(9649): call_user_func_array(Array, Array)
#74 [internal function]: Illuminate\Pipeline\Pipeline->Illuminate\Pipeline\{closure}(Object(Illuminate\Http\Request))
#75 /var/www/html/epssf/bootstrap/cache/compiled.php(9639): call_user_func(Object(Closure), Object(Illuminate\Http\Request))
#76 /var/www/html/epssf/bootstrap/cache/compiled.php(2257): Illuminate\Pipeline\Pipeline->then(Object(Closure))
#77 /var/www/html/epssf/bootstrap/cache/compiled.php(2240): Illuminate\Foundation\Http\Kernel->sendRequestThroughRouter(Object(Illuminate\Http\Request))
#78 /var/www/html/epssf/public/index.php(56): Illuminate\Foundation\Http\Kernel->handle(Object(Illuminate\Http\Request))
#79 {main}  
[2022-04-05 10:16:49] local.ERROR: ErrorException: Trying to get property 'loan_to_repay' of non-object in /var/www/html/epssf/app/Models/User.php:783
Stack trace:
#0 /var/www/html/epssf/app/Models/User.php(783): Illuminate\Foundation\Bootstrap\HandleExceptions->handleError(8, 'Trying to get p...', '/var/www/html/e...', 783, Array)
#1 /var/www/html/epssf/app/Models/User.php(446): Ceb\Models\User->loanMonthlyFees()
#2 /var/www/html/epssf/app/Models/User.php(524): Ceb\Models\User->remainingInstallment()
#3 /var/www/html/epssf/bootstrap/cache/compiled.php(10995): Ceb\Models\User->getRemainingTranchesAttribute(NULL)
#4 /var/www/html/epssf/bootstrap/cache/compiled.php(10955): Illuminate\Database\Eloquent\Model->mutateAttribute('remaining_tranc...', NULL)
#5 /var/www/html/epssf/bootstrap/cache/compiled.php(10947): Illuminate\Database\Eloquent\Model->getAttributeValue('remaining_tranc...')
#6 /var/www/html/epssf/bootstrap/cache/compiled.php(11269): Illuminate\Database\Eloquent\Model->getAttribute('remaining_tranc...')
#7 /var/www/html/epssf/storage/framework/views/a65a55c1059d1bca693c1e762341970c(34): Illuminate\Database\Eloquent\Model->__get('remaining_tranc...')
#8 /var/www/html/epssf/bootstrap/cache/compiled.php(14794): include('/var/www/html/e...')
#9 /var/www/html/epssf/bootstrap/cache/compiled.php(14830): Illuminate\View\Engines\PhpEngine->evaluatePath('/var/www/html/e...', Array)
#10 /var/www/html/epssf/bootstrap/cache/compiled.php(14663): Illuminate\View\Engines\CompilerEngine->get('/var/www/html/e...', Array)
#11 /var/www/html/epssf/bootstrap/cache/compiled.php(14651): Illuminate\View\View->getContents()
#12 /var/www/html/epssf/bootstrap/cache/compiled.php(14635): Illuminate\View\View->renderContents()
#13 /var/www/html/epssf/storage/framework/views/e697f9ccab0a547665dd8b3934bd2903(9): Illuminate\View\View->render()
#14 /var/www/html/epssf/bootstrap/cache/compiled.php(14794): include('/var/www/html/e...')
#15 /var/www/html/epssf/bootstrap/cache/compiled.php(14830): Illuminate\View\Engines\PhpEngine->evaluatePath('/var/www/html/e...', Array)
#16 /var/www/html/epssf/bootstrap/cache/compiled.php(14663): Illuminate\View\Engines\CompilerEngine->get('/var/www/html/e...', Array)
#17 /var/www/html/epssf/bootstrap/cache/compiled.php(14651): Illuminate\View\View->getContents()
#18 /var/www/html/epssf/bootstrap/cache/compiled.php(14635): Illuminate\View\View->renderContents()
#19 /var/www/html/epssf/storage/framework/views/94707879c3dd768d310348d7d37983fa(14): Illuminate\View\View->render()
#20 /var/www/html/epssf/bootstrap/cache/compiled.php(14794): include('/var/www/html/e...')
#21 /var/www/html/epssf/bootstrap/cache/compiled.php(14830): Illuminate\View\Engines\PhpEngine->evaluatePath('/var/www/html/e...', Array)
#22 /var/www/html/epssf/bootstrap/cache/compiled.php(14663): Illuminate\View\Engines\CompilerEngine->get('/var/www/html/e...', Array)
#23 /var/www/html/epssf/bootstrap/cache/compiled.php(14651): Illuminate\View\View->getContents()
#24 /var/www/html/epssf/bootstrap/cache/compiled.php(14635): Illuminate\View\View->renderContents()
#25 /var/www/html/epssf/bootstrap/cache/compiled.php(15795): Illuminate\View\View->render()
#26 /var/www/html/epssf/bootstrap/cache/compiled.php(15312): Illuminate\Http\Response->setContent(Object(Illuminate\View\View))
#27 /var/www/html/epssf/bootstrap/cache/compiled.php(7750): Symfony\Component\HttpFoundation\Response->__construct(Object(Illuminate\View\View))
#28 /var/www/html/epssf/bootstrap/cache/compiled.php(8986): Illuminate\Routing\Router->prepareResponse(Object(Illuminate\Http\Request), Object(Illuminate\View\View))
#29 [internal function]: Illuminate\Routing\ControllerDispatcher->Illuminate\Routing\{closure}(Object(Illuminate\Http\Request))
#30 /var/www/html/epssf/bootstrap/cache/compiled.php(9657): call_user_func(Object(Closure), Object(Illuminate\Http\Request))
#31 /var/www/html/epssf/vendor/rydurham/sentinel/src/Sentinel/Middleware/SentryAuth.php(28): Illuminate\Pipeline\Pipeline->Illuminate\Pipeline\{closure}(Object(Illuminate\Http\Request))
#32 [internal function]: Sentinel\Middleware\SentryAuth->handle(Object(Illuminate\Http\Request), Object(Closure))
#33 /var/www/html/epssf/bootstrap/cache/compiled.php(9649): call_user_func_array(Array, Array)
#34 [internal function]: Illuminate\Pipeline\Pipeline->Illuminate\Pipeline\{closure}(Object(Illuminate\Http\Request))
#35 /var/www/html/epssf/bootstrap/cache/compiled.php(9639): call_user_func(Object(Closure), Object(Illuminate\Http\Request))
#36 /var/www/html/epssf/bootstrap/cache/compiled.php(8987): Illuminate\Pipeline\Pipeline->then(Object(Closure))
#37 /var/www/html/epssf/bootstrap/cache/compiled.php(8972): Illuminate\Routing\ControllerDispatcher->callWithinStack(Object(Ceb\Http\Controllers\MemberController), Object(Illuminate\Routing\Route), Object(Illuminate\Http\Request), 'show')
#38 /var/www/html/epssf/bootstrap/cache/compiled.php(7917): Illuminate\Routing\ControllerDispatcher->dispatch(Object(Illuminate\Routing\Route), Object(Illuminate\Http\Request), 'Ceb\\Http\\Contro...', 'show')
#39 /var/www/html/epssf/bootstrap/cache/compiled.php(7888): Illuminate\Routing\Route->runWithCustomDispatcher(Object(Illuminate\Http\Request))
#40 /var/www/html/epssf/bootstrap/cache/compiled.php(7541): Illuminate\Routing\Route->run(Object(Illuminate\Http\Request))
#41 [internal function]: Illuminate\Routing\Router->Illuminate\Routing\{closure}(Object(Illuminate\Http\Request))
#42 /var/www/html/epssf/bootstrap/cache/compiled.php(9657): call_user_func(Object(Closure), Object(Illuminate\Http\Request))
#43 /var/www/html/epssf/vendor/rydurham/sentinel/src/Sentinel/Middleware/SentryAuth.php(28): Illuminate\Pipeline\Pipeline->Illuminate\Pipeline\{closure}(Object(Illuminate\Http\Request))
#44 [internal function]: Sentinel\Middleware\SentryAuth->handle(Object(Illuminate\Http\Request), Object(Closure))
#45 /var/www/html/epssf/bootstrap/cache/compiled.php(9649): call_user_func_array(Array, Array)
#46 [internal function]: Illuminate\Pipeline\Pipeline->Illuminate\Pipeline\{closure}(Object(Illuminate\Http\Request))
#47 /var/www/html/epssf/bootstrap/cache/compiled.php(9639): call_user_func(Object(Closure), Object(Illuminate\Http\Request))
#48 /var/www/html/epssf/bootstrap/cache/compiled.php(7542): Illuminate\Pipeline\Pipeline->then(Object(Closure))
#49 /var/www/html/epssf/bootstrap/cache/compiled.php(7530): Illuminate\Routing\Router->runRouteWithinStack(Object(Illuminate\Routing\Route), Object(Illuminate\Http\Request))
#50 /var/www/html/epssf/bootstrap/cache/compiled.php(7515): Illuminate\Routing\Router->dispatchToRoute(Object(Illuminate\Http\Request))
#51 /var/www/html/epssf/bootstrap/cache/compiled.php(2310): Illuminate\Routing\Router->dispatch(Object(Illuminate\Http\Request))
#52 [internal function]: Illuminate\Foundation\Http\Kernel->Illuminate\Foundation\Http\{closure}(Object(Illuminate\Http\Request))
#53 /var/www/html/epssf/bootstrap/cache/compiled.php(9657): call_user_func(Object(Closure), Object(Illuminate\Http\Request))
#54 /var/www/html/epssf/app/Http/Middleware/LocaleMiddleware.php(20): Illuminate\Pipeline\Pipeline->Illuminate\Pipeline\{closure}(Object(Illuminate\Http\Request))
#55 [internal function]: Ceb\Http\Middleware\LocaleMiddleware->handle(Object(Illuminate\Http\Request), Object(Closure))
#56 /var/www/html/epssf/bootstrap/cache/compiled.php(9649): call_user_func_array(Array, Array)
#57 /var/www/html/epssf/bootstrap/cache/compiled.php(2925): Illuminate\Pipeline\Pipeline->Illuminate\Pipeline\{closure}(Object(Illuminate\Http\Request))
#58 [internal function]: Illuminate\Foundation\Http\Middleware\VerifyCsrfToken->handle(Object(Illuminate\Http\Request), Object(Closure))
#59 /var/www/html/epssf/bootstrap/cache/compiled.php(9649): call_user_func_array(Array, Array)
#60 /var/www/html/epssf/bootstrap/cache/compiled.php(13008): Illuminate\Pipeline\Pipeline->Illuminate\Pipeline\{closure}(Object(Illuminate\Http\Request))
#61 [internal function]: Illuminate\View\Middleware\ShareErrorsFromSession->handle(Object(Illuminate\Http\Request), Object(Closure))
#62 /var/www/html/epssf/bootstrap/cache/compiled.php(9649): call_user_func_array(Array, Array)
#63 /var/www/html/epssf/bootstrap/cache/compiled.php(11600): Illuminate\Pipeline\Pipeline->Illuminate\Pipeline\{closure}(Object(Illuminate\Http\Request))
#64 [internal function]: Illuminate\Session\Middleware\StartSession->handle(Object(Illuminate\Http\Request), Object(Closure))
#65 /var/www/html/epssf/bootstrap/cache/compiled.php(9649): call_user_func_array(Array, Array)
#66 /var/www/html/epssf/bootstrap/cache/compiled.php(12745): Illuminate\Pipeline\Pipeline->Illuminate\Pipeline\{closure}(Object(Illuminate\Http\Request))
#67 [internal function]: Illuminate\Cookie\Middleware\AddQueuedCookiesToResponse->handle(Object(Illuminate\Http\Request), Object(Closure))
#68 /var/www/html/epssf/bootstrap/cache/compiled.php(9649): call_user_func_array(Array, Array)
#69 /var/www/html/epssf/bootstrap/cache/compiled.php(12682): Illuminate\Pipeline\Pipeline->Illuminate\Pipeline\{closure}(Object(Illuminate\Http\Request))
#70 [internal function]: Illuminate\Cookie\Middleware\EncryptCookies->handle(Object(Illuminate\Http\Request), Object(Closure))
#71 /var/www/html/epssf/bootstrap/cache/compiled.php(9649): call_user_func_array(Array, Array)
#72 /var/www/html/epssf/bootstrap/cache/compiled.php(2982): Illuminate\Pipeline\Pipeline->Illuminate\Pipeline\{closure}(Object(Illuminate\Http\Request))
#73 [internal function]: Illuminate\Foundation\Http\Middleware\CheckForMaintenanceMode->handle(Object(Illuminate\Http\Request), Object(Closure))
#74 /var/www/html/epssf/bootstrap/cache/compiled.php(9649): call_user_func_array(Array, Array)
#75 [internal function]: Illuminate\Pipeline\Pipeline->Illuminate\Pipeline\{closure}(Object(Illuminate\Http\Request))
#76 /var/www/html/epssf/bootstrap/cache/compiled.php(9639): call_user_func(Object(Closure), Object(Illuminate\Http\Request))
#77 /var/www/html/epssf/bootstrap/cache/compiled.php(2257): Illuminate\Pipeline\Pipeline->then(Object(Closure))
#78 /var/www/html/epssf/bootstrap/cache/compiled.php(2240): Illuminate\Foundation\Http\Kernel->sendRequestThroughRouter(Object(Illuminate\Http\Request))
#79 /var/www/html/epssf/public/index.php(56): Illuminate\Foundation\Http\Kernel->handle(Object(Illuminate\Http\Request))
#80 {main}  
[2022-04-05 10:16:52] local.INFO: gracemukakagoro@gmail.com is viewing loans records report  
[2022-04-05 10:18:16] local.INFO: gracemukakagoro@gmail.com is viewing loans records report  
[2022-04-05 10:18:36] local.INFO: gracemukakagoro@gmail.com is viewing contributions report  
[2022-04-05 12:49:28] local.INFO: gracemukakagoro@gmail.com viewed member list  
[2022-04-05 12:50:04] local.INFO: gracemukakagoro@gmail.com is viewing loans records report  
[2022-04-05 12:51:20] local.INFO: gracemukakagoro@gmail.com is viewing contributions report  
